Job is using 1 GPU(s) with ID(s) 0 and 12 CPU core(s)
/mnt/iusers01/fatpou01/compsci01/n70579mp/.conda/envs/habitat/lib/python3.9/site-packages/tyro/_parsers.py:353: UserWarning: The field `target-kl` is annotated with type `<class 'float'>`, but the default value `None` has type `<class 'NoneType'>`. We'll try to handle this gracefully, but it may cause unexpected behavior.
  warnings.warn(message)
wandb: Currently logged in as: maytusp to https://api.wandb.ai. Use `wandb login --relogin` to force relogin
wandb: setting up run 1jza7gay
wandb: Tracking run with wandb version 0.23.1
wandb: Run data is saved locally in /net/scratch/n70579mp/emergent_language/foraging_game/wandb/run-20260327_045340-1jza7gay
wandb: Run `wandb offline` to turn off syncing.
wandb: Syncing run ppo_30net_invisible/grid5_img3_ni2_nw4_ms30_comm_field5_seed1
wandb: ⭐️ View project at https://wandb.ai/maytusp/scoreg_layout
wandb: 🚀 View run at https://wandb.ai/maytusp/scoreg_layout/runs/1jza7gay
Traceback (most recent call last):
  File "/mnt/iusers01/fatpou01/compsci01/n70579mp/.conda/envs/habitat/lib/python3.9/runpy.py", line 197, in _run_module_as_main
    return _run_code(code, main_globals, None,
  File "/mnt/iusers01/fatpou01/compsci01/n70579mp/.conda/envs/habitat/lib/python3.9/runpy.py", line 87, in _run_code
    exec(code, run_globals)
  File "/net/scratch/n70579mp/emergent_language/foraging_game/scripts/torch_scoreg_layout/train_large_pop_ring.py", line 205, in <module>
    envs = TorchForagingEnv(cfg, device=device, num_envs=args.num_envs)
  File "/net/scratch/n70579mp/emergent_language/foraging_game/environments/torch_scoreg_layout.py", line 201, in __init__
    self._reset_indices(torch.ones((self.B,), device=self.device))
  File "/net/scratch/n70579mp/emergent_language/foraging_game/environments/torch_scoreg_layout.py", line 599, in _reset_indices
    top_food_pool = self._sample_distinct_from_pool(self._food_spawn_top_flat, n, Fd)        # (n,Fd,2)
AttributeError: 'TorchForagingEnv' object has no attribute '_food_spawn_top_flat'
Traceback (most recent call last):
  File "/mnt/iusers01/fatpou01/compsci01/n70579mp/.conda/envs/habitat/lib/python3.9/runpy.py", line 197, in _run_module_as_main
    return _run_code(code, main_globals, None,
  File "/mnt/iusers01/fatpou01/compsci01/n70579mp/.conda/envs/habitat/lib/python3.9/runpy.py", line 87, in _run_code
    exec(code, run_globals)
  File "/net/scratch/n70579mp/emergent_language/foraging_game/scripts/torch_scoreg_layout/train_large_pop_ring.py", line 205, in <module>
    envs = TorchForagingEnv(cfg, device=device, num_envs=args.num_envs)
  File "/net/scratch/n70579mp/emergent_language/foraging_game/environments/torch_scoreg_layout.py", line 201, in __init__
    self._reset_indices(torch.ones((self.B,), device=self.device))
  File "/net/scratch/n70579mp/emergent_language/foraging_game/environments/torch_scoreg_layout.py", line 599, in _reset_indices
    top_food_pool = self._sample_distinct_from_pool(self._food_spawn_top_flat, n, Fd)        # (n,Fd,2)
AttributeError: 'TorchForagingEnv' object has no attribute '_food_spawn_top_flat'
[2026-03-27T04:53:46.497] error: *** JOB 12747042 ON node847 CANCELLED AT 2026-03-27T04:53:46 DUE to SIGNAL Terminated ***
