Job is using 1 GPU(s) with ID(s) 0 and 12 CPU core(s)
/mnt/iusers01/fatpou01/compsci01/n70579mp/.conda/envs/habitat/lib/python3.9/site-packages/tyro/_parsers.py:353: UserWarning: The field `target-kl` is annotated with type `<class 'float'>`, but the default value `None` has type `<class 'NoneType'>`. We'll try to handle this gracefully, but it may cause unexpected behavior.
  warnings.warn(message)
wandb: Currently logged in as: maytusp to https://api.wandb.ai. Use `wandb login --relogin` to force relogin
wandb: setting up run 4jpg1ud1
wandb: Tracking run with wandb version 0.23.1
wandb: Run data is saved locally in /net/scratch/n70579mp/emergent_language/foraging_game/wandb/run-20260328_040842-4jpg1ud1
wandb: Run `wandb offline` to turn off syncing.
wandb: Syncing run ppo_2net_nowarmup_invisible/grid13_img5_ni2_nw4_ms50_comm_field5_seed1
wandb: ⭐️ View project at https://wandb.ai/maytusp/scoreg_layout
wandb: 🚀 View run at https://wandb.ai/maytusp/scoreg_layout/runs/4jpg1ud1
Traceback (most recent call last):
  File "/mnt/iusers01/fatpou01/compsci01/n70579mp/.conda/envs/habitat/lib/python3.9/runpy.py", line 197, in _run_module_as_main
    return _run_code(code, main_globals, None,
  File "/mnt/iusers01/fatpou01/compsci01/n70579mp/.conda/envs/habitat/lib/python3.9/runpy.py", line 87, in _run_code
    exec(code, run_globals)
  File "/net/scratch/n70579mp/emergent_language/foraging_game/scripts/torch_scoreg_layout/train.py", line 209, in <module>
    envs = TorchForagingEnv(cfg, device=device, num_envs=args.num_envs)
  File "/net/scratch/n70579mp/emergent_language/foraging_game/environments/torch_scoreg_layout.py", line 133, in __init__
    self._set_layout(cfg.ascii_layout)
  File "/net/scratch/n70579mp/emergent_language/foraging_game/environments/torch_scoreg_layout.py", line 438, in _set_layout
    self._wall_mask_2d = self._parse_ascii_layout(ascii_layout)   # (G, G), bool
  File "/net/scratch/n70579mp/emergent_language/foraging_game/environments/torch_scoreg_layout.py", line 327, in _parse_ascii_layout
    raise ValueError(f"ascii_layout must have exactly {G} rows, got {len(rows)}")
ValueError: ascii_layout must have exactly 13 rows, got 9
Traceback (most recent call last):
  File "/mnt/iusers01/fatpou01/compsci01/n70579mp/.conda/envs/habitat/lib/python3.9/runpy.py", line 197, in _run_module_as_main
    return _run_code(code, main_globals, None,
  File "/mnt/iusers01/fatpou01/compsci01/n70579mp/.conda/envs/habitat/lib/python3.9/runpy.py", line 87, in _run_code
    exec(code, run_globals)
  File "/net/scratch/n70579mp/emergent_language/foraging_game/scripts/torch_scoreg_layout/train.py", line 209, in <module>
    envs = TorchForagingEnv(cfg, device=device, num_envs=args.num_envs)
  File "/net/scratch/n70579mp/emergent_language/foraging_game/environments/torch_scoreg_layout.py", line 133, in __init__
    self._set_layout(cfg.ascii_layout)
  File "/net/scratch/n70579mp/emergent_language/foraging_game/environments/torch_scoreg_layout.py", line 438, in _set_layout
    self._wall_mask_2d = self._parse_ascii_layout(ascii_layout)   # (G, G), bool
  File "/net/scratch/n70579mp/emergent_language/foraging_game/environments/torch_scoreg_layout.py", line 327, in _parse_ascii_layout
    raise ValueError(f"ascii_layout must have exactly {G} rows, got {len(rows)}")
ValueError: ascii_layout must have exactly 13 rows, got 9
[1;34mwandb[0m: 
[1;34mwandb[0m: 🚀 View run [33mppo_2net_nowarmup_invisible/grid13_img5_ni2_nw4_ms50_comm_field5_seed1[0m at: [34mhttps://wandb.ai/maytusp/scoreg_layout/runs/4jpg1ud1[0m
[1;34mwandb[0m: Find logs at: [1;35m../../../../../../../../net/scratch/n70579mp/emergent_language/foraging_game/wandb/run-20260328_040842-4jpg1ud1/logs[0m
parsed seed: 1
run_name: ppo_2net_nowarmup_invisible/grid13_img5_ni2_nw4_ms50_comm_field5_seed1
save_dir: checkpoints/torch_scoreg_layout/ppo_2net_nowarmup_invisible/grid13_img5_ni2_nw4_ms50_comm_field5/seed1/
