Script directory: /mnt/iusers01/fatpou01/compsci01/n70579mp/scratch/emergent_language/foraging_game
/mnt/iusers01/fatpou01/compsci01/n70579mp/.conda/envs/habitat/lib/python3.9/site-packages/tyro/_parsers.py:353: UserWarning: The field `num-nets-to-model-step` is annotated with type `dict[int, int]`, but the default value `None` has type `<class 'NoneType'>`. We'll try to handle this gracefully, but it may cause unexpected behavior.
  warnings.warn(message)
Using device: cuda
Model name: pop_ppo_2net_invisible
Combination name: grid5_img3_ni2_nw4_ms30_comm_field100
Init bank: logs/init_bank/grid5x5_ni2.npz
Loaded agent 0 from checkpoints/torch_scoreg_layout2/pop_ppo_2net_invisible/grid5_img3_ni2_nw4_ms30_comm_field100/seed1/agent_0_step_99993600.pt
Loaded agent 1 from checkpoints/torch_scoreg_layout2/pop_ppo_2net_invisible/grid5_img3_ni2_nw4_ms30_comm_field100/seed1/agent_1_step_99993600.pt
Preparing trajectories for 4 pairs in batch
[1/4] running pair 0-0
Saved trajectory to logs/scoreg/langsim/pop_ppo_2net_invisible/0-0/grid5_img3_ni2_nw4_ms30_comm_field100/seed1/mode_test/normal/trajectory.pkl
Saved score to logs/scoreg/langsim/pop_ppo_2net_invisible/0-0/grid5_img3_ni2_nw4_ms30_comm_field100/seed1/mode_test/normal/score.txt
[2/4] running pair 0-1
Saved trajectory to logs/scoreg/langsim/pop_ppo_2net_invisible/0-1/grid5_img3_ni2_nw4_ms30_comm_field100/seed1/mode_test/normal/trajectory.pkl
Saved score to logs/scoreg/langsim/pop_ppo_2net_invisible/0-1/grid5_img3_ni2_nw4_ms30_comm_field100/seed1/mode_test/normal/score.txt
[3/4] running pair 1-0
Saved trajectory to logs/scoreg/langsim/pop_ppo_2net_invisible/1-0/grid5_img3_ni2_nw4_ms30_comm_field100/seed1/mode_test/normal/trajectory.pkl
Saved score to logs/scoreg/langsim/pop_ppo_2net_invisible/1-0/grid5_img3_ni2_nw4_ms30_comm_field100/seed1/mode_test/normal/score.txt
[4/4] running pair 1-1
Saved trajectory to logs/scoreg/langsim/pop_ppo_2net_invisible/1-1/grid5_img3_ni2_nw4_ms30_comm_field100/seed1/mode_test/normal/trajectory.pkl
Saved score to logs/scoreg/langsim/pop_ppo_2net_invisible/1-1/grid5_img3_ni2_nw4_ms30_comm_field100/seed1/mode_test/normal/score.txt
Done. Total time: 9.26 sec
/mnt/iusers01/fatpou01/compsci01/n70579mp/.conda/envs/habitat/lib/python3.9/site-packages/tyro/_parsers.py:353: UserWarning: The field `num-nets-to-model-step` is annotated with type `dict[int, int]`, but the default value `None` has type `<class 'NoneType'>`. We'll try to handle this gracefully, but it may cause unexpected behavior.
  warnings.warn(message)
Using device: cuda
Model name: pop_ppo_2net_invisible
Combination name: grid5_img3_ni2_nw4_ms30_comm_field100
Init bank: logs/init_bank/grid5x5_ni2.npz
Loaded agent 0 from checkpoints/torch_scoreg_layout2/pop_ppo_2net_invisible/grid5_img3_ni2_nw4_ms30_comm_field100/seed2/agent_0_step_99993600.pt
Loaded agent 1 from checkpoints/torch_scoreg_layout2/pop_ppo_2net_invisible/grid5_img3_ni2_nw4_ms30_comm_field100/seed2/agent_1_step_99993600.pt
Preparing trajectories for 4 pairs in batch
[1/4] running pair 0-0
Saved trajectory to logs/scoreg/langsim/pop_ppo_2net_invisible/0-0/grid5_img3_ni2_nw4_ms30_comm_field100/seed2/mode_test/normal/trajectory.pkl
Saved score to logs/scoreg/langsim/pop_ppo_2net_invisible/0-0/grid5_img3_ni2_nw4_ms30_comm_field100/seed2/mode_test/normal/score.txt
[2/4] running pair 0-1
Saved trajectory to logs/scoreg/langsim/pop_ppo_2net_invisible/0-1/grid5_img3_ni2_nw4_ms30_comm_field100/seed2/mode_test/normal/trajectory.pkl
Saved score to logs/scoreg/langsim/pop_ppo_2net_invisible/0-1/grid5_img3_ni2_nw4_ms30_comm_field100/seed2/mode_test/normal/score.txt
[3/4] running pair 1-0
Saved trajectory to logs/scoreg/langsim/pop_ppo_2net_invisible/1-0/grid5_img3_ni2_nw4_ms30_comm_field100/seed2/mode_test/normal/trajectory.pkl
Saved score to logs/scoreg/langsim/pop_ppo_2net_invisible/1-0/grid5_img3_ni2_nw4_ms30_comm_field100/seed2/mode_test/normal/score.txt
[4/4] running pair 1-1
Saved trajectory to logs/scoreg/langsim/pop_ppo_2net_invisible/1-1/grid5_img3_ni2_nw4_ms30_comm_field100/seed2/mode_test/normal/trajectory.pkl
Saved score to logs/scoreg/langsim/pop_ppo_2net_invisible/1-1/grid5_img3_ni2_nw4_ms30_comm_field100/seed2/mode_test/normal/score.txt
Done. Total time: 5.86 sec
/mnt/iusers01/fatpou01/compsci01/n70579mp/.conda/envs/habitat/lib/python3.9/site-packages/tyro/_parsers.py:353: UserWarning: The field `num-nets-to-model-step` is annotated with type `dict[int, int]`, but the default value `None` has type `<class 'NoneType'>`. We'll try to handle this gracefully, but it may cause unexpected behavior.
  warnings.warn(message)
Using device: cuda
Model name: pop_ppo_2net_invisible
Combination name: grid5_img3_ni2_nw4_ms30_comm_field100
Init bank: logs/init_bank/grid5x5_ni2.npz
Loaded agent 0 from checkpoints/torch_scoreg_layout2/pop_ppo_2net_invisible/grid5_img3_ni2_nw4_ms30_comm_field100/seed3/agent_0_step_99993600.pt
Loaded agent 1 from checkpoints/torch_scoreg_layout2/pop_ppo_2net_invisible/grid5_img3_ni2_nw4_ms30_comm_field100/seed3/agent_1_step_99993600.pt
Preparing trajectories for 4 pairs in batch
[1/4] running pair 0-0
Saved trajectory to logs/scoreg/langsim/pop_ppo_2net_invisible/0-0/grid5_img3_ni2_nw4_ms30_comm_field100/seed3/mode_test/normal/trajectory.pkl
Saved score to logs/scoreg/langsim/pop_ppo_2net_invisible/0-0/grid5_img3_ni2_nw4_ms30_comm_field100/seed3/mode_test/normal/score.txt
[2/4] running pair 0-1
Saved trajectory to logs/scoreg/langsim/pop_ppo_2net_invisible/0-1/grid5_img3_ni2_nw4_ms30_comm_field100/seed3/mode_test/normal/trajectory.pkl
Saved score to logs/scoreg/langsim/pop_ppo_2net_invisible/0-1/grid5_img3_ni2_nw4_ms30_comm_field100/seed3/mode_test/normal/score.txt
[3/4] running pair 1-0
Saved trajectory to logs/scoreg/langsim/pop_ppo_2net_invisible/1-0/grid5_img3_ni2_nw4_ms30_comm_field100/seed3/mode_test/normal/trajectory.pkl
Saved score to logs/scoreg/langsim/pop_ppo_2net_invisible/1-0/grid5_img3_ni2_nw4_ms30_comm_field100/seed3/mode_test/normal/score.txt
[4/4] running pair 1-1
Saved trajectory to logs/scoreg/langsim/pop_ppo_2net_invisible/1-1/grid5_img3_ni2_nw4_ms30_comm_field100/seed3/mode_test/normal/trajectory.pkl
Saved score to logs/scoreg/langsim/pop_ppo_2net_invisible/1-1/grid5_img3_ni2_nw4_ms30_comm_field100/seed3/mode_test/normal/score.txt
Done. Total time: 6.08 sec
/mnt/iusers01/fatpou01/compsci01/n70579mp/.conda/envs/habitat/lib/python3.9/site-packages/tyro/_parsers.py:353: UserWarning: The field `num-nets-to-model-step` is annotated with type `dict[int, int]`, but the default value `None` has type `<class 'NoneType'>`. We'll try to handle this gracefully, but it may cause unexpected behavior.
  warnings.warn(message)
Using device: cuda
Model name: sp_pop_ppo_2net_invisible
Combination name: grid5_img3_ni2_nw4_ms30_comm_field100
Init bank: logs/init_bank/grid5x5_ni2.npz
Loaded agent 0 from checkpoints/torch_scoreg_layout2/sp_pop_ppo_2net_invisible/grid5_img3_ni2_nw4_ms30_comm_field100/seed1/agent_0_step_99993600.pt
Loaded agent 1 from checkpoints/torch_scoreg_layout2/sp_pop_ppo_2net_invisible/grid5_img3_ni2_nw4_ms30_comm_field100/seed1/agent_1_step_99993600.pt
Preparing trajectories for 4 pairs in batch
[1/4] running pair 0-0
Saved trajectory to logs/scoreg/langsim/sp_pop_ppo_2net_invisible/0-0/grid5_img3_ni2_nw4_ms30_comm_field100/seed1/mode_test/normal/trajectory.pkl
Saved score to logs/scoreg/langsim/sp_pop_ppo_2net_invisible/0-0/grid5_img3_ni2_nw4_ms30_comm_field100/seed1/mode_test/normal/score.txt
[2/4] running pair 0-1
Saved trajectory to logs/scoreg/langsim/sp_pop_ppo_2net_invisible/0-1/grid5_img3_ni2_nw4_ms30_comm_field100/seed1/mode_test/normal/trajectory.pkl
Saved score to logs/scoreg/langsim/sp_pop_ppo_2net_invisible/0-1/grid5_img3_ni2_nw4_ms30_comm_field100/seed1/mode_test/normal/score.txt
[3/4] running pair 1-0
Saved trajectory to logs/scoreg/langsim/sp_pop_ppo_2net_invisible/1-0/grid5_img3_ni2_nw4_ms30_comm_field100/seed1/mode_test/normal/trajectory.pkl
Saved score to logs/scoreg/langsim/sp_pop_ppo_2net_invisible/1-0/grid5_img3_ni2_nw4_ms30_comm_field100/seed1/mode_test/normal/score.txt
[4/4] running pair 1-1
Saved trajectory to logs/scoreg/langsim/sp_pop_ppo_2net_invisible/1-1/grid5_img3_ni2_nw4_ms30_comm_field100/seed1/mode_test/normal/trajectory.pkl
Saved score to logs/scoreg/langsim/sp_pop_ppo_2net_invisible/1-1/grid5_img3_ni2_nw4_ms30_comm_field100/seed1/mode_test/normal/score.txt
Done. Total time: 7.01 sec
/mnt/iusers01/fatpou01/compsci01/n70579mp/.conda/envs/habitat/lib/python3.9/site-packages/tyro/_parsers.py:353: UserWarning: The field `num-nets-to-model-step` is annotated with type `dict[int, int]`, but the default value `None` has type `<class 'NoneType'>`. We'll try to handle this gracefully, but it may cause unexpected behavior.
  warnings.warn(message)
Using device: cuda
Model name: sp_pop_ppo_2net_invisible
Combination name: grid5_img3_ni2_nw4_ms30_comm_field100
Init bank: logs/init_bank/grid5x5_ni2.npz
Loaded agent 0 from checkpoints/torch_scoreg_layout2/sp_pop_ppo_2net_invisible/grid5_img3_ni2_nw4_ms30_comm_field100/seed2/agent_0_step_99993600.pt
Loaded agent 1 from checkpoints/torch_scoreg_layout2/sp_pop_ppo_2net_invisible/grid5_img3_ni2_nw4_ms30_comm_field100/seed2/agent_1_step_99993600.pt
Preparing trajectories for 4 pairs in batch
[1/4] running pair 0-0
Saved trajectory to logs/scoreg/langsim/sp_pop_ppo_2net_invisible/0-0/grid5_img3_ni2_nw4_ms30_comm_field100/seed2/mode_test/normal/trajectory.pkl
Saved score to logs/scoreg/langsim/sp_pop_ppo_2net_invisible/0-0/grid5_img3_ni2_nw4_ms30_comm_field100/seed2/mode_test/normal/score.txt
[2/4] running pair 0-1
Saved trajectory to logs/scoreg/langsim/sp_pop_ppo_2net_invisible/0-1/grid5_img3_ni2_nw4_ms30_comm_field100/seed2/mode_test/normal/trajectory.pkl
Saved score to logs/scoreg/langsim/sp_pop_ppo_2net_invisible/0-1/grid5_img3_ni2_nw4_ms30_comm_field100/seed2/mode_test/normal/score.txt
[3/4] running pair 1-0
Saved trajectory to logs/scoreg/langsim/sp_pop_ppo_2net_invisible/1-0/grid5_img3_ni2_nw4_ms30_comm_field100/seed2/mode_test/normal/trajectory.pkl
Saved score to logs/scoreg/langsim/sp_pop_ppo_2net_invisible/1-0/grid5_img3_ni2_nw4_ms30_comm_field100/seed2/mode_test/normal/score.txt
[4/4] running pair 1-1
Saved trajectory to logs/scoreg/langsim/sp_pop_ppo_2net_invisible/1-1/grid5_img3_ni2_nw4_ms30_comm_field100/seed2/mode_test/normal/trajectory.pkl
Saved score to logs/scoreg/langsim/sp_pop_ppo_2net_invisible/1-1/grid5_img3_ni2_nw4_ms30_comm_field100/seed2/mode_test/normal/score.txt
Done. Total time: 6.68 sec
/mnt/iusers01/fatpou01/compsci01/n70579mp/.conda/envs/habitat/lib/python3.9/site-packages/tyro/_parsers.py:353: UserWarning: The field `num-nets-to-model-step` is annotated with type `dict[int, int]`, but the default value `None` has type `<class 'NoneType'>`. We'll try to handle this gracefully, but it may cause unexpected behavior.
  warnings.warn(message)
Using device: cuda
Model name: sp_pop_ppo_2net_invisible
Combination name: grid5_img3_ni2_nw4_ms30_comm_field100
Init bank: logs/init_bank/grid5x5_ni2.npz
Loaded agent 0 from checkpoints/torch_scoreg_layout2/sp_pop_ppo_2net_invisible/grid5_img3_ni2_nw4_ms30_comm_field100/seed3/agent_0_step_99993600.pt
Loaded agent 1 from checkpoints/torch_scoreg_layout2/sp_pop_ppo_2net_invisible/grid5_img3_ni2_nw4_ms30_comm_field100/seed3/agent_1_step_99993600.pt
Preparing trajectories for 4 pairs in batch
[1/4] running pair 0-0
Saved trajectory to logs/scoreg/langsim/sp_pop_ppo_2net_invisible/0-0/grid5_img3_ni2_nw4_ms30_comm_field100/seed3/mode_test/normal/trajectory.pkl
Saved score to logs/scoreg/langsim/sp_pop_ppo_2net_invisible/0-0/grid5_img3_ni2_nw4_ms30_comm_field100/seed3/mode_test/normal/score.txt
[2/4] running pair 0-1
Saved trajectory to logs/scoreg/langsim/sp_pop_ppo_2net_invisible/0-1/grid5_img3_ni2_nw4_ms30_comm_field100/seed3/mode_test/normal/trajectory.pkl
Saved score to logs/scoreg/langsim/sp_pop_ppo_2net_invisible/0-1/grid5_img3_ni2_nw4_ms30_comm_field100/seed3/mode_test/normal/score.txt
[3/4] running pair 1-0
Saved trajectory to logs/scoreg/langsim/sp_pop_ppo_2net_invisible/1-0/grid5_img3_ni2_nw4_ms30_comm_field100/seed3/mode_test/normal/trajectory.pkl
Saved score to logs/scoreg/langsim/sp_pop_ppo_2net_invisible/1-0/grid5_img3_ni2_nw4_ms30_comm_field100/seed3/mode_test/normal/score.txt
[4/4] running pair 1-1
Saved trajectory to logs/scoreg/langsim/sp_pop_ppo_2net_invisible/1-1/grid5_img3_ni2_nw4_ms30_comm_field100/seed3/mode_test/normal/trajectory.pkl
Saved score to logs/scoreg/langsim/sp_pop_ppo_2net_invisible/1-1/grid5_img3_ni2_nw4_ms30_comm_field100/seed3/mode_test/normal/score.txt
Done. Total time: 7.12 sec
/mnt/iusers01/fatpou01/compsci01/n70579mp/.conda/envs/habitat/lib/python3.9/site-packages/tyro/_parsers.py:353: UserWarning: The field `num-nets-to-model-step` is annotated with type `dict[int, int]`, but the default value `None` has type `<class 'NoneType'>`. We'll try to handle this gracefully, but it may cause unexpected behavior.
  warnings.warn(message)
Using device: cuda
Model name: pop_ppo_3net_invisible
Combination name: grid5_img3_ni2_nw4_ms30_comm_field100
Init bank: logs/init_bank/grid5x5_ni2.npz
Loaded agent 0 from checkpoints/torch_scoreg_layout2/pop_ppo_3net_invisible/grid5_img3_ni2_nw4_ms30_comm_field100/seed1/agent_0_step_99993600.pt
Loaded agent 1 from checkpoints/torch_scoreg_layout2/pop_ppo_3net_invisible/grid5_img3_ni2_nw4_ms30_comm_field100/seed1/agent_1_step_99993600.pt
Loaded agent 2 from checkpoints/torch_scoreg_layout2/pop_ppo_3net_invisible/grid5_img3_ni2_nw4_ms30_comm_field100/seed1/agent_2_step_99993600.pt
Preparing trajectories for 9 pairs in batch
[1/9] running pair 0-0
Saved trajectory to logs/scoreg/langsim/pop_ppo_3net_invisible/0-0/grid5_img3_ni2_nw4_ms30_comm_field100/seed1/mode_test/normal/trajectory.pkl
Saved score to logs/scoreg/langsim/pop_ppo_3net_invisible/0-0/grid5_img3_ni2_nw4_ms30_comm_field100/seed1/mode_test/normal/score.txt
[2/9] running pair 0-1
Saved trajectory to logs/scoreg/langsim/pop_ppo_3net_invisible/0-1/grid5_img3_ni2_nw4_ms30_comm_field100/seed1/mode_test/normal/trajectory.pkl
Saved score to logs/scoreg/langsim/pop_ppo_3net_invisible/0-1/grid5_img3_ni2_nw4_ms30_comm_field100/seed1/mode_test/normal/score.txt
[3/9] running pair 0-2
Saved trajectory to logs/scoreg/langsim/pop_ppo_3net_invisible/0-2/grid5_img3_ni2_nw4_ms30_comm_field100/seed1/mode_test/normal/trajectory.pkl
Saved score to logs/scoreg/langsim/pop_ppo_3net_invisible/0-2/grid5_img3_ni2_nw4_ms30_comm_field100/seed1/mode_test/normal/score.txt
[4/9] running pair 1-0
Saved trajectory to logs/scoreg/langsim/pop_ppo_3net_invisible/1-0/grid5_img3_ni2_nw4_ms30_comm_field100/seed1/mode_test/normal/trajectory.pkl
Saved score to logs/scoreg/langsim/pop_ppo_3net_invisible/1-0/grid5_img3_ni2_nw4_ms30_comm_field100/seed1/mode_test/normal/score.txt
[5/9] running pair 1-1
Saved trajectory to logs/scoreg/langsim/pop_ppo_3net_invisible/1-1/grid5_img3_ni2_nw4_ms30_comm_field100/seed1/mode_test/normal/trajectory.pkl
Saved score to logs/scoreg/langsim/pop_ppo_3net_invisible/1-1/grid5_img3_ni2_nw4_ms30_comm_field100/seed1/mode_test/normal/score.txt
[6/9] running pair 1-2
Saved trajectory to logs/scoreg/langsim/pop_ppo_3net_invisible/1-2/grid5_img3_ni2_nw4_ms30_comm_field100/seed1/mode_test/normal/trajectory.pkl
Saved score to logs/scoreg/langsim/pop_ppo_3net_invisible/1-2/grid5_img3_ni2_nw4_ms30_comm_field100/seed1/mode_test/normal/score.txt
[7/9] running pair 2-0
Saved trajectory to logs/scoreg/langsim/pop_ppo_3net_invisible/2-0/grid5_img3_ni2_nw4_ms30_comm_field100/seed1/mode_test/normal/trajectory.pkl
Saved score to logs/scoreg/langsim/pop_ppo_3net_invisible/2-0/grid5_img3_ni2_nw4_ms30_comm_field100/seed1/mode_test/normal/score.txt
[8/9] running pair 2-1
Saved trajectory to logs/scoreg/langsim/pop_ppo_3net_invisible/2-1/grid5_img3_ni2_nw4_ms30_comm_field100/seed1/mode_test/normal/trajectory.pkl
Saved score to logs/scoreg/langsim/pop_ppo_3net_invisible/2-1/grid5_img3_ni2_nw4_ms30_comm_field100/seed1/mode_test/normal/score.txt
[9/9] running pair 2-2
Saved trajectory to logs/scoreg/langsim/pop_ppo_3net_invisible/2-2/grid5_img3_ni2_nw4_ms30_comm_field100/seed1/mode_test/normal/trajectory.pkl
Saved score to logs/scoreg/langsim/pop_ppo_3net_invisible/2-2/grid5_img3_ni2_nw4_ms30_comm_field100/seed1/mode_test/normal/score.txt
Done. Total time: 14.81 sec
/mnt/iusers01/fatpou01/compsci01/n70579mp/.conda/envs/habitat/lib/python3.9/site-packages/tyro/_parsers.py:353: UserWarning: The field `num-nets-to-model-step` is annotated with type `dict[int, int]`, but the default value `None` has type `<class 'NoneType'>`. We'll try to handle this gracefully, but it may cause unexpected behavior.
  warnings.warn(message)
Using device: cuda
Model name: pop_ppo_3net_invisible
Combination name: grid5_img3_ni2_nw4_ms30_comm_field100
Init bank: logs/init_bank/grid5x5_ni2.npz
Loaded agent 0 from checkpoints/torch_scoreg_layout2/pop_ppo_3net_invisible/grid5_img3_ni2_nw4_ms30_comm_field100/seed2/agent_0_step_99993600.pt
Loaded agent 1 from checkpoints/torch_scoreg_layout2/pop_ppo_3net_invisible/grid5_img3_ni2_nw4_ms30_comm_field100/seed2/agent_1_step_99993600.pt
Loaded agent 2 from checkpoints/torch_scoreg_layout2/pop_ppo_3net_invisible/grid5_img3_ni2_nw4_ms30_comm_field100/seed2/agent_2_step_99993600.pt
Preparing trajectories for 9 pairs in batch
[1/9] running pair 0-0
Saved trajectory to logs/scoreg/langsim/pop_ppo_3net_invisible/0-0/grid5_img3_ni2_nw4_ms30_comm_field100/seed2/mode_test/normal/trajectory.pkl
Saved score to logs/scoreg/langsim/pop_ppo_3net_invisible/0-0/grid5_img3_ni2_nw4_ms30_comm_field100/seed2/mode_test/normal/score.txt
[2/9] running pair 0-1
Saved trajectory to logs/scoreg/langsim/pop_ppo_3net_invisible/0-1/grid5_img3_ni2_nw4_ms30_comm_field100/seed2/mode_test/normal/trajectory.pkl
Saved score to logs/scoreg/langsim/pop_ppo_3net_invisible/0-1/grid5_img3_ni2_nw4_ms30_comm_field100/seed2/mode_test/normal/score.txt
[3/9] running pair 0-2
Saved trajectory to logs/scoreg/langsim/pop_ppo_3net_invisible/0-2/grid5_img3_ni2_nw4_ms30_comm_field100/seed2/mode_test/normal/trajectory.pkl
Saved score to logs/scoreg/langsim/pop_ppo_3net_invisible/0-2/grid5_img3_ni2_nw4_ms30_comm_field100/seed2/mode_test/normal/score.txt
[4/9] running pair 1-0
Saved trajectory to logs/scoreg/langsim/pop_ppo_3net_invisible/1-0/grid5_img3_ni2_nw4_ms30_comm_field100/seed2/mode_test/normal/trajectory.pkl
Saved score to logs/scoreg/langsim/pop_ppo_3net_invisible/1-0/grid5_img3_ni2_nw4_ms30_comm_field100/seed2/mode_test/normal/score.txt
[5/9] running pair 1-1
Saved trajectory to logs/scoreg/langsim/pop_ppo_3net_invisible/1-1/grid5_img3_ni2_nw4_ms30_comm_field100/seed2/mode_test/normal/trajectory.pkl
Saved score to logs/scoreg/langsim/pop_ppo_3net_invisible/1-1/grid5_img3_ni2_nw4_ms30_comm_field100/seed2/mode_test/normal/score.txt
[6/9] running pair 1-2
Saved trajectory to logs/scoreg/langsim/pop_ppo_3net_invisible/1-2/grid5_img3_ni2_nw4_ms30_comm_field100/seed2/mode_test/normal/trajectory.pkl
Saved score to logs/scoreg/langsim/pop_ppo_3net_invisible/1-2/grid5_img3_ni2_nw4_ms30_comm_field100/seed2/mode_test/normal/score.txt
[7/9] running pair 2-0
Saved trajectory to logs/scoreg/langsim/pop_ppo_3net_invisible/2-0/grid5_img3_ni2_nw4_ms30_comm_field100/seed2/mode_test/normal/trajectory.pkl
Saved score to logs/scoreg/langsim/pop_ppo_3net_invisible/2-0/grid5_img3_ni2_nw4_ms30_comm_field100/seed2/mode_test/normal/score.txt
[8/9] running pair 2-1
Saved trajectory to logs/scoreg/langsim/pop_ppo_3net_invisible/2-1/grid5_img3_ni2_nw4_ms30_comm_field100/seed2/mode_test/normal/trajectory.pkl
Saved score to logs/scoreg/langsim/pop_ppo_3net_invisible/2-1/grid5_img3_ni2_nw4_ms30_comm_field100/seed2/mode_test/normal/score.txt
[9/9] running pair 2-2
Saved trajectory to logs/scoreg/langsim/pop_ppo_3net_invisible/2-2/grid5_img3_ni2_nw4_ms30_comm_field100/seed2/mode_test/normal/trajectory.pkl
Saved score to logs/scoreg/langsim/pop_ppo_3net_invisible/2-2/grid5_img3_ni2_nw4_ms30_comm_field100/seed2/mode_test/normal/score.txt
Done. Total time: 14.97 sec
/mnt/iusers01/fatpou01/compsci01/n70579mp/.conda/envs/habitat/lib/python3.9/site-packages/tyro/_parsers.py:353: UserWarning: The field `num-nets-to-model-step` is annotated with type `dict[int, int]`, but the default value `None` has type `<class 'NoneType'>`. We'll try to handle this gracefully, but it may cause unexpected behavior.
  warnings.warn(message)
Using device: cuda
Model name: pop_ppo_3net_invisible
Combination name: grid5_img3_ni2_nw4_ms30_comm_field100
Init bank: logs/init_bank/grid5x5_ni2.npz
Loaded agent 0 from checkpoints/torch_scoreg_layout2/pop_ppo_3net_invisible/grid5_img3_ni2_nw4_ms30_comm_field100/seed3/agent_0_step_99993600.pt
Loaded agent 1 from checkpoints/torch_scoreg_layout2/pop_ppo_3net_invisible/grid5_img3_ni2_nw4_ms30_comm_field100/seed3/agent_1_step_99993600.pt
Loaded agent 2 from checkpoints/torch_scoreg_layout2/pop_ppo_3net_invisible/grid5_img3_ni2_nw4_ms30_comm_field100/seed3/agent_2_step_99993600.pt
Preparing trajectories for 9 pairs in batch
[1/9] running pair 0-0
Saved trajectory to logs/scoreg/langsim/pop_ppo_3net_invisible/0-0/grid5_img3_ni2_nw4_ms30_comm_field100/seed3/mode_test/normal/trajectory.pkl
Saved score to logs/scoreg/langsim/pop_ppo_3net_invisible/0-0/grid5_img3_ni2_nw4_ms30_comm_field100/seed3/mode_test/normal/score.txt
[2/9] running pair 0-1
Saved trajectory to logs/scoreg/langsim/pop_ppo_3net_invisible/0-1/grid5_img3_ni2_nw4_ms30_comm_field100/seed3/mode_test/normal/trajectory.pkl
Saved score to logs/scoreg/langsim/pop_ppo_3net_invisible/0-1/grid5_img3_ni2_nw4_ms30_comm_field100/seed3/mode_test/normal/score.txt
[3/9] running pair 0-2
Saved trajectory to logs/scoreg/langsim/pop_ppo_3net_invisible/0-2/grid5_img3_ni2_nw4_ms30_comm_field100/seed3/mode_test/normal/trajectory.pkl
Saved score to logs/scoreg/langsim/pop_ppo_3net_invisible/0-2/grid5_img3_ni2_nw4_ms30_comm_field100/seed3/mode_test/normal/score.txt
[4/9] running pair 1-0
Saved trajectory to logs/scoreg/langsim/pop_ppo_3net_invisible/1-0/grid5_img3_ni2_nw4_ms30_comm_field100/seed3/mode_test/normal/trajectory.pkl
Saved score to logs/scoreg/langsim/pop_ppo_3net_invisible/1-0/grid5_img3_ni2_nw4_ms30_comm_field100/seed3/mode_test/normal/score.txt
[5/9] running pair 1-1
Saved trajectory to logs/scoreg/langsim/pop_ppo_3net_invisible/1-1/grid5_img3_ni2_nw4_ms30_comm_field100/seed3/mode_test/normal/trajectory.pkl
Saved score to logs/scoreg/langsim/pop_ppo_3net_invisible/1-1/grid5_img3_ni2_nw4_ms30_comm_field100/seed3/mode_test/normal/score.txt
[6/9] running pair 1-2
Saved trajectory to logs/scoreg/langsim/pop_ppo_3net_invisible/1-2/grid5_img3_ni2_nw4_ms30_comm_field100/seed3/mode_test/normal/trajectory.pkl
Saved score to logs/scoreg/langsim/pop_ppo_3net_invisible/1-2/grid5_img3_ni2_nw4_ms30_comm_field100/seed3/mode_test/normal/score.txt
[7/9] running pair 2-0
Saved trajectory to logs/scoreg/langsim/pop_ppo_3net_invisible/2-0/grid5_img3_ni2_nw4_ms30_comm_field100/seed3/mode_test/normal/trajectory.pkl
Saved score to logs/scoreg/langsim/pop_ppo_3net_invisible/2-0/grid5_img3_ni2_nw4_ms30_comm_field100/seed3/mode_test/normal/score.txt
[8/9] running pair 2-1
Saved trajectory to logs/scoreg/langsim/pop_ppo_3net_invisible/2-1/grid5_img3_ni2_nw4_ms30_comm_field100/seed3/mode_test/normal/trajectory.pkl
Saved score to logs/scoreg/langsim/pop_ppo_3net_invisible/2-1/grid5_img3_ni2_nw4_ms30_comm_field100/seed3/mode_test/normal/score.txt
[9/9] running pair 2-2
Saved trajectory to logs/scoreg/langsim/pop_ppo_3net_invisible/2-2/grid5_img3_ni2_nw4_ms30_comm_field100/seed3/mode_test/normal/trajectory.pkl
Saved score to logs/scoreg/langsim/pop_ppo_3net_invisible/2-2/grid5_img3_ni2_nw4_ms30_comm_field100/seed3/mode_test/normal/score.txt
Done. Total time: 14.10 sec
/mnt/iusers01/fatpou01/compsci01/n70579mp/.conda/envs/habitat/lib/python3.9/site-packages/tyro/_parsers.py:353: UserWarning: The field `num-nets-to-model-step` is annotated with type `dict[int, int]`, but the default value `None` has type `<class 'NoneType'>`. We'll try to handle this gracefully, but it may cause unexpected behavior.
  warnings.warn(message)
Using device: cuda
Model name: sp_pop_ppo_3net_invisible
Combination name: grid5_img3_ni2_nw4_ms30_comm_field100
Init bank: logs/init_bank/grid5x5_ni2.npz
Loaded agent 0 from checkpoints/torch_scoreg_layout2/sp_pop_ppo_3net_invisible/grid5_img3_ni2_nw4_ms30_comm_field100/seed1/agent_0_step_99993600.pt
Loaded agent 1 from checkpoints/torch_scoreg_layout2/sp_pop_ppo_3net_invisible/grid5_img3_ni2_nw4_ms30_comm_field100/seed1/agent_1_step_99993600.pt
Loaded agent 2 from checkpoints/torch_scoreg_layout2/sp_pop_ppo_3net_invisible/grid5_img3_ni2_nw4_ms30_comm_field100/seed1/agent_2_step_99993600.pt
Preparing trajectories for 9 pairs in batch
[1/9] running pair 0-0
Saved trajectory to logs/scoreg/langsim/sp_pop_ppo_3net_invisible/0-0/grid5_img3_ni2_nw4_ms30_comm_field100/seed1/mode_test/normal/trajectory.pkl
Saved score to logs/scoreg/langsim/sp_pop_ppo_3net_invisible/0-0/grid5_img3_ni2_nw4_ms30_comm_field100/seed1/mode_test/normal/score.txt
[2/9] running pair 0-1
Saved trajectory to logs/scoreg/langsim/sp_pop_ppo_3net_invisible/0-1/grid5_img3_ni2_nw4_ms30_comm_field100/seed1/mode_test/normal/trajectory.pkl
Saved score to logs/scoreg/langsim/sp_pop_ppo_3net_invisible/0-1/grid5_img3_ni2_nw4_ms30_comm_field100/seed1/mode_test/normal/score.txt
[3/9] running pair 0-2
Saved trajectory to logs/scoreg/langsim/sp_pop_ppo_3net_invisible/0-2/grid5_img3_ni2_nw4_ms30_comm_field100/seed1/mode_test/normal/trajectory.pkl
Saved score to logs/scoreg/langsim/sp_pop_ppo_3net_invisible/0-2/grid5_img3_ni2_nw4_ms30_comm_field100/seed1/mode_test/normal/score.txt
[4/9] running pair 1-0
Saved trajectory to logs/scoreg/langsim/sp_pop_ppo_3net_invisible/1-0/grid5_img3_ni2_nw4_ms30_comm_field100/seed1/mode_test/normal/trajectory.pkl
Saved score to logs/scoreg/langsim/sp_pop_ppo_3net_invisible/1-0/grid5_img3_ni2_nw4_ms30_comm_field100/seed1/mode_test/normal/score.txt
[5/9] running pair 1-1
Saved trajectory to logs/scoreg/langsim/sp_pop_ppo_3net_invisible/1-1/grid5_img3_ni2_nw4_ms30_comm_field100/seed1/mode_test/normal/trajectory.pkl
Saved score to logs/scoreg/langsim/sp_pop_ppo_3net_invisible/1-1/grid5_img3_ni2_nw4_ms30_comm_field100/seed1/mode_test/normal/score.txt
[6/9] running pair 1-2
Saved trajectory to logs/scoreg/langsim/sp_pop_ppo_3net_invisible/1-2/grid5_img3_ni2_nw4_ms30_comm_field100/seed1/mode_test/normal/trajectory.pkl
Saved score to logs/scoreg/langsim/sp_pop_ppo_3net_invisible/1-2/grid5_img3_ni2_nw4_ms30_comm_field100/seed1/mode_test/normal/score.txt
[7/9] running pair 2-0
Saved trajectory to logs/scoreg/langsim/sp_pop_ppo_3net_invisible/2-0/grid5_img3_ni2_nw4_ms30_comm_field100/seed1/mode_test/normal/trajectory.pkl
Saved score to logs/scoreg/langsim/sp_pop_ppo_3net_invisible/2-0/grid5_img3_ni2_nw4_ms30_comm_field100/seed1/mode_test/normal/score.txt
[8/9] running pair 2-1
Saved trajectory to logs/scoreg/langsim/sp_pop_ppo_3net_invisible/2-1/grid5_img3_ni2_nw4_ms30_comm_field100/seed1/mode_test/normal/trajectory.pkl
Saved score to logs/scoreg/langsim/sp_pop_ppo_3net_invisible/2-1/grid5_img3_ni2_nw4_ms30_comm_field100/seed1/mode_test/normal/score.txt
[9/9] running pair 2-2
Saved trajectory to logs/scoreg/langsim/sp_pop_ppo_3net_invisible/2-2/grid5_img3_ni2_nw4_ms30_comm_field100/seed1/mode_test/normal/trajectory.pkl
Saved score to logs/scoreg/langsim/sp_pop_ppo_3net_invisible/2-2/grid5_img3_ni2_nw4_ms30_comm_field100/seed1/mode_test/normal/score.txt
Done. Total time: 14.45 sec
/mnt/iusers01/fatpou01/compsci01/n70579mp/.conda/envs/habitat/lib/python3.9/site-packages/tyro/_parsers.py:353: UserWarning: The field `num-nets-to-model-step` is annotated with type `dict[int, int]`, but the default value `None` has type `<class 'NoneType'>`. We'll try to handle this gracefully, but it may cause unexpected behavior.
  warnings.warn(message)
Using device: cuda
Model name: sp_pop_ppo_3net_invisible
Combination name: grid5_img3_ni2_nw4_ms30_comm_field100
Init bank: logs/init_bank/grid5x5_ni2.npz
Loaded agent 0 from checkpoints/torch_scoreg_layout2/sp_pop_ppo_3net_invisible/grid5_img3_ni2_nw4_ms30_comm_field100/seed2/agent_0_step_99993600.pt
Loaded agent 1 from checkpoints/torch_scoreg_layout2/sp_pop_ppo_3net_invisible/grid5_img3_ni2_nw4_ms30_comm_field100/seed2/agent_1_step_99993600.pt
Loaded agent 2 from checkpoints/torch_scoreg_layout2/sp_pop_ppo_3net_invisible/grid5_img3_ni2_nw4_ms30_comm_field100/seed2/agent_2_step_99993600.pt
Preparing trajectories for 9 pairs in batch
[1/9] running pair 0-0
Saved trajectory to logs/scoreg/langsim/sp_pop_ppo_3net_invisible/0-0/grid5_img3_ni2_nw4_ms30_comm_field100/seed2/mode_test/normal/trajectory.pkl
Saved score to logs/scoreg/langsim/sp_pop_ppo_3net_invisible/0-0/grid5_img3_ni2_nw4_ms30_comm_field100/seed2/mode_test/normal/score.txt
[2/9] running pair 0-1
Saved trajectory to logs/scoreg/langsim/sp_pop_ppo_3net_invisible/0-1/grid5_img3_ni2_nw4_ms30_comm_field100/seed2/mode_test/normal/trajectory.pkl
Saved score to logs/scoreg/langsim/sp_pop_ppo_3net_invisible/0-1/grid5_img3_ni2_nw4_ms30_comm_field100/seed2/mode_test/normal/score.txt
[3/9] running pair 0-2
Saved trajectory to logs/scoreg/langsim/sp_pop_ppo_3net_invisible/0-2/grid5_img3_ni2_nw4_ms30_comm_field100/seed2/mode_test/normal/trajectory.pkl
Saved score to logs/scoreg/langsim/sp_pop_ppo_3net_invisible/0-2/grid5_img3_ni2_nw4_ms30_comm_field100/seed2/mode_test/normal/score.txt
[4/9] running pair 1-0
Saved trajectory to logs/scoreg/langsim/sp_pop_ppo_3net_invisible/1-0/grid5_img3_ni2_nw4_ms30_comm_field100/seed2/mode_test/normal/trajectory.pkl
Saved score to logs/scoreg/langsim/sp_pop_ppo_3net_invisible/1-0/grid5_img3_ni2_nw4_ms30_comm_field100/seed2/mode_test/normal/score.txt
[5/9] running pair 1-1
Saved trajectory to logs/scoreg/langsim/sp_pop_ppo_3net_invisible/1-1/grid5_img3_ni2_nw4_ms30_comm_field100/seed2/mode_test/normal/trajectory.pkl
Saved score to logs/scoreg/langsim/sp_pop_ppo_3net_invisible/1-1/grid5_img3_ni2_nw4_ms30_comm_field100/seed2/mode_test/normal/score.txt
[6/9] running pair 1-2
Saved trajectory to logs/scoreg/langsim/sp_pop_ppo_3net_invisible/1-2/grid5_img3_ni2_nw4_ms30_comm_field100/seed2/mode_test/normal/trajectory.pkl
Saved score to logs/scoreg/langsim/sp_pop_ppo_3net_invisible/1-2/grid5_img3_ni2_nw4_ms30_comm_field100/seed2/mode_test/normal/score.txt
[7/9] running pair 2-0
Saved trajectory to logs/scoreg/langsim/sp_pop_ppo_3net_invisible/2-0/grid5_img3_ni2_nw4_ms30_comm_field100/seed2/mode_test/normal/trajectory.pkl
Saved score to logs/scoreg/langsim/sp_pop_ppo_3net_invisible/2-0/grid5_img3_ni2_nw4_ms30_comm_field100/seed2/mode_test/normal/score.txt
[8/9] running pair 2-1
Saved trajectory to logs/scoreg/langsim/sp_pop_ppo_3net_invisible/2-1/grid5_img3_ni2_nw4_ms30_comm_field100/seed2/mode_test/normal/trajectory.pkl
Saved score to logs/scoreg/langsim/sp_pop_ppo_3net_invisible/2-1/grid5_img3_ni2_nw4_ms30_comm_field100/seed2/mode_test/normal/score.txt
[9/9] running pair 2-2
Saved trajectory to logs/scoreg/langsim/sp_pop_ppo_3net_invisible/2-2/grid5_img3_ni2_nw4_ms30_comm_field100/seed2/mode_test/normal/trajectory.pkl
Saved score to logs/scoreg/langsim/sp_pop_ppo_3net_invisible/2-2/grid5_img3_ni2_nw4_ms30_comm_field100/seed2/mode_test/normal/score.txt
Done. Total time: 15.61 sec
/mnt/iusers01/fatpou01/compsci01/n70579mp/.conda/envs/habitat/lib/python3.9/site-packages/tyro/_parsers.py:353: UserWarning: The field `num-nets-to-model-step` is annotated with type `dict[int, int]`, but the default value `None` has type `<class 'NoneType'>`. We'll try to handle this gracefully, but it may cause unexpected behavior.
  warnings.warn(message)
Using device: cuda
Model name: sp_pop_ppo_3net_invisible
Combination name: grid5_img3_ni2_nw4_ms30_comm_field100
Init bank: logs/init_bank/grid5x5_ni2.npz
Loaded agent 0 from checkpoints/torch_scoreg_layout2/sp_pop_ppo_3net_invisible/grid5_img3_ni2_nw4_ms30_comm_field100/seed3/agent_0_step_99993600.pt
Loaded agent 1 from checkpoints/torch_scoreg_layout2/sp_pop_ppo_3net_invisible/grid5_img3_ni2_nw4_ms30_comm_field100/seed3/agent_1_step_99993600.pt
Loaded agent 2 from checkpoints/torch_scoreg_layout2/sp_pop_ppo_3net_invisible/grid5_img3_ni2_nw4_ms30_comm_field100/seed3/agent_2_step_99993600.pt
Preparing trajectories for 9 pairs in batch
[1/9] running pair 0-0
Saved trajectory to logs/scoreg/langsim/sp_pop_ppo_3net_invisible/0-0/grid5_img3_ni2_nw4_ms30_comm_field100/seed3/mode_test/normal/trajectory.pkl
Saved score to logs/scoreg/langsim/sp_pop_ppo_3net_invisible/0-0/grid5_img3_ni2_nw4_ms30_comm_field100/seed3/mode_test/normal/score.txt
[2/9] running pair 0-1
Saved trajectory to logs/scoreg/langsim/sp_pop_ppo_3net_invisible/0-1/grid5_img3_ni2_nw4_ms30_comm_field100/seed3/mode_test/normal/trajectory.pkl
Saved score to logs/scoreg/langsim/sp_pop_ppo_3net_invisible/0-1/grid5_img3_ni2_nw4_ms30_comm_field100/seed3/mode_test/normal/score.txt
[3/9] running pair 0-2
Saved trajectory to logs/scoreg/langsim/sp_pop_ppo_3net_invisible/0-2/grid5_img3_ni2_nw4_ms30_comm_field100/seed3/mode_test/normal/trajectory.pkl
Saved score to logs/scoreg/langsim/sp_pop_ppo_3net_invisible/0-2/grid5_img3_ni2_nw4_ms30_comm_field100/seed3/mode_test/normal/score.txt
[4/9] running pair 1-0
Saved trajectory to logs/scoreg/langsim/sp_pop_ppo_3net_invisible/1-0/grid5_img3_ni2_nw4_ms30_comm_field100/seed3/mode_test/normal/trajectory.pkl
Saved score to logs/scoreg/langsim/sp_pop_ppo_3net_invisible/1-0/grid5_img3_ni2_nw4_ms30_comm_field100/seed3/mode_test/normal/score.txt
[5/9] running pair 1-1
Saved trajectory to logs/scoreg/langsim/sp_pop_ppo_3net_invisible/1-1/grid5_img3_ni2_nw4_ms30_comm_field100/seed3/mode_test/normal/trajectory.pkl
Saved score to logs/scoreg/langsim/sp_pop_ppo_3net_invisible/1-1/grid5_img3_ni2_nw4_ms30_comm_field100/seed3/mode_test/normal/score.txt
[6/9] running pair 1-2
Saved trajectory to logs/scoreg/langsim/sp_pop_ppo_3net_invisible/1-2/grid5_img3_ni2_nw4_ms30_comm_field100/seed3/mode_test/normal/trajectory.pkl
Saved score to logs/scoreg/langsim/sp_pop_ppo_3net_invisible/1-2/grid5_img3_ni2_nw4_ms30_comm_field100/seed3/mode_test/normal/score.txt
[7/9] running pair 2-0
Saved trajectory to logs/scoreg/langsim/sp_pop_ppo_3net_invisible/2-0/grid5_img3_ni2_nw4_ms30_comm_field100/seed3/mode_test/normal/trajectory.pkl
Saved score to logs/scoreg/langsim/sp_pop_ppo_3net_invisible/2-0/grid5_img3_ni2_nw4_ms30_comm_field100/seed3/mode_test/normal/score.txt
[8/9] running pair 2-1
Saved trajectory to logs/scoreg/langsim/sp_pop_ppo_3net_invisible/2-1/grid5_img3_ni2_nw4_ms30_comm_field100/seed3/mode_test/normal/trajectory.pkl
Saved score to logs/scoreg/langsim/sp_pop_ppo_3net_invisible/2-1/grid5_img3_ni2_nw4_ms30_comm_field100/seed3/mode_test/normal/score.txt
[9/9] running pair 2-2
Saved trajectory to logs/scoreg/langsim/sp_pop_ppo_3net_invisible/2-2/grid5_img3_ni2_nw4_ms30_comm_field100/seed3/mode_test/normal/trajectory.pkl
Saved score to logs/scoreg/langsim/sp_pop_ppo_3net_invisible/2-2/grid5_img3_ni2_nw4_ms30_comm_field100/seed3/mode_test/normal/score.txt
Done. Total time: 15.01 sec
/mnt/iusers01/fatpou01/compsci01/n70579mp/.conda/envs/habitat/lib/python3.9/site-packages/tyro/_parsers.py:353: UserWarning: The field `num-nets-to-model-step` is annotated with type `dict[int, int]`, but the default value `None` has type `<class 'NoneType'>`. We'll try to handle this gracefully, but it may cause unexpected behavior.
  warnings.warn(message)
Using device: cuda
Model name: pop_ppo_2net_invisible
Combination name: grid5_img3_ni2_nw4_ms30_comm_field100
Loaded agent 0 from checkpoints/torch_scoreg_layout2/pop_ppo_2net_invisible/grid5_img3_ni2_nw4_ms30_comm_field100/seed1/agent_0_step_99993600.pt
Loaded agent 1 from checkpoints/torch_scoreg_layout2/pop_ppo_2net_invisible/grid5_img3_ni2_nw4_ms30_comm_field100/seed1/agent_1_step_99993600.pt
Evaluating 4 pairs with batch_num_envs=256
[1/4] running pair 0-0
pair 0-0 | SR=0.1950 | AvgLen=24.60 | Time=655.02s
[2/4] running pair 0-1
pair 0-1 | SR=0.9780 | AvgLen=8.15 | Time=0.66s
[3/4] running pair 1-0
pair 1-0 | SR=0.9830 | AvgLen=8.20 | Time=0.66s
[4/4] running pair 1-1
pair 1-1 | SR=0.2570 | AvgLen=22.05 | Time=1.02s
Saved SR outputs to logs/scoreg/sr/pop_ppo_2net_invisible/grid5_img3_ni2_nw4_ms30_comm_field100/seed1/mode_test/normal
Done. Total time: 657.39 sec
/mnt/iusers01/fatpou01/compsci01/n70579mp/.conda/envs/habitat/lib/python3.9/site-packages/tyro/_parsers.py:353: UserWarning: The field `num-nets-to-model-step` is annotated with type `dict[int, int]`, but the default value `None` has type `<class 'NoneType'>`. We'll try to handle this gracefully, but it may cause unexpected behavior.
  warnings.warn(message)
Using device: cuda
Model name: pop_ppo_2net_invisible
Combination name: grid5_img3_ni2_nw4_ms30_comm_field100
Loaded agent 0 from checkpoints/torch_scoreg_layout2/pop_ppo_2net_invisible/grid5_img3_ni2_nw4_ms30_comm_field100/seed2/agent_0_step_99993600.pt
Loaded agent 1 from checkpoints/torch_scoreg_layout2/pop_ppo_2net_invisible/grid5_img3_ni2_nw4_ms30_comm_field100/seed2/agent_1_step_99993600.pt
Evaluating 4 pairs with batch_num_envs=256
[1/4] running pair 0-0
pair 0-0 | SR=0.6550 | AvgLen=14.28 | Time=278.32s
[2/4] running pair 0-1
pair 0-1 | SR=0.9830 | AvgLen=8.07 | Time=28.12s
[3/4] running pair 1-0
pair 1-0 | SR=0.9790 | AvgLen=7.96 | Time=0.66s
[4/4] running pair 1-1
pair 1-1 | SR=0.6920 | AvgLen=13.03 | Time=0.80s
Saved SR outputs to logs/scoreg/sr/pop_ppo_2net_invisible/grid5_img3_ni2_nw4_ms30_comm_field100/seed2/mode_test/normal
Done. Total time: 307.91 sec
/mnt/iusers01/fatpou01/compsci01/n70579mp/.conda/envs/habitat/lib/python3.9/site-packages/tyro/_parsers.py:353: UserWarning: The field `num-nets-to-model-step` is annotated with type `dict[int, int]`, but the default value `None` has type `<class 'NoneType'>`. We'll try to handle this gracefully, but it may cause unexpected behavior.
  warnings.warn(message)
Using device: cuda
Model name: pop_ppo_2net_invisible
Combination name: grid5_img3_ni2_nw4_ms30_comm_field100
Loaded agent 0 from checkpoints/torch_scoreg_layout2/pop_ppo_2net_invisible/grid5_img3_ni2_nw4_ms30_comm_field100/seed3/agent_0_step_99993600.pt
Loaded agent 1 from checkpoints/torch_scoreg_layout2/pop_ppo_2net_invisible/grid5_img3_ni2_nw4_ms30_comm_field100/seed3/agent_1_step_99993600.pt
Evaluating 4 pairs with batch_num_envs=256
[1/4] running pair 0-0
pair 0-0 | SR=0.6720 | AvgLen=13.78 | Time=236.87s
[2/4] running pair 0-1
pair 0-1 | SR=0.9770 | AvgLen=7.85 | Time=0.65s
[3/4] running pair 1-0
pair 1-0 | SR=0.9810 | AvgLen=7.88 | Time=0.65s
[4/4] running pair 1-1
pair 1-1 | SR=0.7510 | AvgLen=12.02 | Time=0.79s
Saved SR outputs to logs/scoreg/sr/pop_ppo_2net_invisible/grid5_img3_ni2_nw4_ms30_comm_field100/seed3/mode_test/normal
Done. Total time: 238.97 sec
/mnt/iusers01/fatpou01/compsci01/n70579mp/.conda/envs/habitat/lib/python3.9/site-packages/tyro/_parsers.py:353: UserWarning: The field `num-nets-to-model-step` is annotated with type `dict[int, int]`, but the default value `None` has type `<class 'NoneType'>`. We'll try to handle this gracefully, but it may cause unexpected behavior.
  warnings.warn(message)
Using device: cuda
Model name: sp_pop_ppo_2net_invisible
Combination name: grid5_img3_ni2_nw4_ms30_comm_field100
Loaded agent 0 from checkpoints/torch_scoreg_layout2/sp_pop_ppo_2net_invisible/grid5_img3_ni2_nw4_ms30_comm_field100/seed1/agent_0_step_99993600.pt
Loaded agent 1 from checkpoints/torch_scoreg_layout2/sp_pop_ppo_2net_invisible/grid5_img3_ni2_nw4_ms30_comm_field100/seed1/agent_1_step_99993600.pt
Evaluating 4 pairs with batch_num_envs=256
[1/4] running pair 0-0
pair 0-0 | SR=0.9830 | AvgLen=8.00 | Time=249.72s
[2/4] running pair 0-1
pair 0-1 | SR=0.9820 | AvgLen=7.99 | Time=0.65s
[3/4] running pair 1-0
pair 1-0 | SR=0.9880 | AvgLen=7.99 | Time=0.65s
[4/4] running pair 1-1
pair 1-1 | SR=0.9810 | AvgLen=7.97 | Time=21.61s
Saved SR outputs to logs/scoreg/sr/sp_pop_ppo_2net_invisible/grid5_img3_ni2_nw4_ms30_comm_field100/seed1/mode_test/normal
Done. Total time: 272.63 sec
/mnt/iusers01/fatpou01/compsci01/n70579mp/.conda/envs/habitat/lib/python3.9/site-packages/tyro/_parsers.py:353: UserWarning: The field `num-nets-to-model-step` is annotated with type `dict[int, int]`, but the default value `None` has type `<class 'NoneType'>`. We'll try to handle this gracefully, but it may cause unexpected behavior.
  warnings.warn(message)
Using device: cuda
Model name: sp_pop_ppo_2net_invisible
Combination name: grid5_img3_ni2_nw4_ms30_comm_field100
Loaded agent 0 from checkpoints/torch_scoreg_layout2/sp_pop_ppo_2net_invisible/grid5_img3_ni2_nw4_ms30_comm_field100/seed2/agent_0_step_99993600.pt
Loaded agent 1 from checkpoints/torch_scoreg_layout2/sp_pop_ppo_2net_invisible/grid5_img3_ni2_nw4_ms30_comm_field100/seed2/agent_1_step_99993600.pt
Evaluating 4 pairs with batch_num_envs=256
[1/4] running pair 0-0
pair 0-0 | SR=0.9870 | AvgLen=8.36 | Time=223.94s
[2/4] running pair 0-1
pair 0-1 | SR=0.9870 | AvgLen=8.20 | Time=0.66s
[3/4] running pair 1-0
pair 1-0 | SR=0.9900 | AvgLen=8.12 | Time=20.64s
[4/4] running pair 1-1
pair 1-1 | SR=0.9850 | AvgLen=8.32 | Time=0.65s
Saved SR outputs to logs/scoreg/sr/sp_pop_ppo_2net_invisible/grid5_img3_ni2_nw4_ms30_comm_field100/seed2/mode_test/normal
Done. Total time: 246.76 sec
/mnt/iusers01/fatpou01/compsci01/n70579mp/.conda/envs/habitat/lib/python3.9/site-packages/tyro/_parsers.py:353: UserWarning: The field `num-nets-to-model-step` is annotated with type `dict[int, int]`, but the default value `None` has type `<class 'NoneType'>`. We'll try to handle this gracefully, but it may cause unexpected behavior.
  warnings.warn(message)
Using device: cuda
Model name: sp_pop_ppo_2net_invisible
Combination name: grid5_img3_ni2_nw4_ms30_comm_field100
Loaded agent 0 from checkpoints/torch_scoreg_layout2/sp_pop_ppo_2net_invisible/grid5_img3_ni2_nw4_ms30_comm_field100/seed3/agent_0_step_99993600.pt
Loaded agent 1 from checkpoints/torch_scoreg_layout2/sp_pop_ppo_2net_invisible/grid5_img3_ni2_nw4_ms30_comm_field100/seed3/agent_1_step_99993600.pt
Evaluating 4 pairs with batch_num_envs=256
[1/4] running pair 0-0
pair 0-0 | SR=0.9900 | AvgLen=7.57 | Time=259.18s
[2/4] running pair 0-1
pair 0-1 | SR=0.9800 | AvgLen=7.68 | Time=0.64s
[3/4] running pair 1-0
pair 1-0 | SR=0.9780 | AvgLen=7.66 | Time=0.64s
[4/4] running pair 1-1
pair 1-1 | SR=0.9860 | AvgLen=7.80 | Time=0.65s
Saved SR outputs to logs/scoreg/sr/sp_pop_ppo_2net_invisible/grid5_img3_ni2_nw4_ms30_comm_field100/seed3/mode_test/normal
Done. Total time: 261.11 sec
/mnt/iusers01/fatpou01/compsci01/n70579mp/.conda/envs/habitat/lib/python3.9/site-packages/tyro/_parsers.py:353: UserWarning: The field `num-nets-to-model-step` is annotated with type `dict[int, int]`, but the default value `None` has type `<class 'NoneType'>`. We'll try to handle this gracefully, but it may cause unexpected behavior.
  warnings.warn(message)
Using device: cuda
Model name: pop_ppo_3net_invisible
Combination name: grid5_img3_ni2_nw4_ms30_comm_field100
Loaded agent 0 from checkpoints/torch_scoreg_layout2/pop_ppo_3net_invisible/grid5_img3_ni2_nw4_ms30_comm_field100/seed1/agent_0_step_99993600.pt
Loaded agent 1 from checkpoints/torch_scoreg_layout2/pop_ppo_3net_invisible/grid5_img3_ni2_nw4_ms30_comm_field100/seed1/agent_1_step_99993600.pt
Loaded agent 2 from checkpoints/torch_scoreg_layout2/pop_ppo_3net_invisible/grid5_img3_ni2_nw4_ms30_comm_field100/seed1/agent_2_step_99993600.pt
Evaluating 9 pairs with batch_num_envs=256
[1/9] running pair 0-0
pair 0-0 | SR=0.9840 | AvgLen=8.75 | Time=228.11s
[2/9] running pair 0-1
pair 0-1 | SR=0.9750 | AvgLen=8.55 | Time=0.65s
[3/9] running pair 0-2
pair 0-2 | SR=0.9790 | AvgLen=8.35 | Time=0.66s
[4/9] running pair 1-0
pair 1-0 | SR=0.9810 | AvgLen=8.50 | Time=0.66s
[5/9] running pair 1-1
pair 1-1 | SR=0.9800 | AvgLen=8.44 | Time=0.66s
[6/9] running pair 1-2
pair 1-2 | SR=0.9740 | AvgLen=8.52 | Time=0.66s
[7/9] running pair 2-0
pair 2-0 | SR=0.9820 | AvgLen=8.44 | Time=0.65s
[8/9] running pair 2-1
pair 2-1 | SR=0.9750 | AvgLen=8.52 | Time=19.84s
[9/9] running pair 2-2
pair 2-2 | SR=0.9770 | AvgLen=8.44 | Time=0.66s
Saved SR outputs to logs/scoreg/sr/pop_ppo_3net_invisible/grid5_img3_ni2_nw4_ms30_comm_field100/seed1/mode_test/normal
Done. Total time: 252.59 sec
/mnt/iusers01/fatpou01/compsci01/n70579mp/.conda/envs/habitat/lib/python3.9/site-packages/tyro/_parsers.py:353: UserWarning: The field `num-nets-to-model-step` is annotated with type `dict[int, int]`, but the default value `None` has type `<class 'NoneType'>`. We'll try to handle this gracefully, but it may cause unexpected behavior.
  warnings.warn(message)
Using device: cuda
Model name: pop_ppo_3net_invisible
Combination name: grid5_img3_ni2_nw4_ms30_comm_field100
Loaded agent 0 from checkpoints/torch_scoreg_layout2/pop_ppo_3net_invisible/grid5_img3_ni2_nw4_ms30_comm_field100/seed2/agent_0_step_99993600.pt
Loaded agent 1 from checkpoints/torch_scoreg_layout2/pop_ppo_3net_invisible/grid5_img3_ni2_nw4_ms30_comm_field100/seed2/agent_1_step_99993600.pt
Loaded agent 2 from checkpoints/torch_scoreg_layout2/pop_ppo_3net_invisible/grid5_img3_ni2_nw4_ms30_comm_field100/seed2/agent_2_step_99993600.pt
Evaluating 9 pairs with batch_num_envs=256
[1/9] running pair 0-0
pair 0-0 | SR=0.9770 | AvgLen=8.73 | Time=252.27s
[2/9] running pair 0-1
pair 0-1 | SR=0.9750 | AvgLen=8.39 | Time=23.95s
[3/9] running pair 0-2
pair 0-2 | SR=0.9750 | AvgLen=8.61 | Time=0.66s
[4/9] running pair 1-0
pair 1-0 | SR=0.9870 | AvgLen=8.49 | Time=0.65s
[5/9] running pair 1-1
pair 1-1 | SR=0.9740 | AvgLen=8.27 | Time=0.65s
[6/9] running pair 1-2
pair 1-2 | SR=0.9830 | AvgLen=8.24 | Time=0.65s
[7/9] running pair 2-0
pair 2-0 | SR=0.9820 | AvgLen=8.51 | Time=0.65s
[8/9] running pair 2-1
pair 2-1 | SR=0.9810 | AvgLen=8.34 | Time=0.66s
[9/9] running pair 2-2
pair 2-2 | SR=0.9800 | AvgLen=8.47 | Time=0.66s
Saved SR outputs to logs/scoreg/sr/pop_ppo_3net_invisible/grid5_img3_ni2_nw4_ms30_comm_field100/seed2/mode_test/normal
Done. Total time: 280.79 sec
/mnt/iusers01/fatpou01/compsci01/n70579mp/.conda/envs/habitat/lib/python3.9/site-packages/tyro/_parsers.py:353: UserWarning: The field `num-nets-to-model-step` is annotated with type `dict[int, int]`, but the default value `None` has type `<class 'NoneType'>`. We'll try to handle this gracefully, but it may cause unexpected behavior.
  warnings.warn(message)
Using device: cuda
Model name: pop_ppo_3net_invisible
Combination name: grid5_img3_ni2_nw4_ms30_comm_field100
Loaded agent 0 from checkpoints/torch_scoreg_layout2/pop_ppo_3net_invisible/grid5_img3_ni2_nw4_ms30_comm_field100/seed3/agent_0_step_99993600.pt
Loaded agent 1 from checkpoints/torch_scoreg_layout2/pop_ppo_3net_invisible/grid5_img3_ni2_nw4_ms30_comm_field100/seed3/agent_1_step_99993600.pt
Loaded agent 2 from checkpoints/torch_scoreg_layout2/pop_ppo_3net_invisible/grid5_img3_ni2_nw4_ms30_comm_field100/seed3/agent_2_step_99993600.pt
Evaluating 9 pairs with batch_num_envs=256
[1/9] running pair 0-0
pair 0-0 | SR=0.9780 | AvgLen=8.68 | Time=304.39s
[2/9] running pair 0-1
pair 0-1 | SR=0.9720 | AvgLen=8.59 | Time=0.67s
[3/9] running pair 0-2
pair 0-2 | SR=0.9780 | AvgLen=8.52 | Time=0.66s
[4/9] running pair 1-0
pair 1-0 | SR=0.9760 | AvgLen=8.73 | Time=0.66s
[5/9] running pair 1-1
pair 1-1 | SR=0.8100 | AvgLen=13.69 | Time=20.20s
[6/9] running pair 1-2
pair 1-2 | SR=0.9800 | AvgLen=8.61 | Time=0.66s
[7/9] running pair 2-0
pair 2-0 | SR=0.9770 | AvgLen=8.60 | Time=0.65s
[8/9] running pair 2-1
pair 2-1 | SR=0.9740 | AvgLen=8.65 | Time=0.66s
[9/9] running pair 2-2
pair 2-2 | SR=0.9800 | AvgLen=8.42 | Time=0.65s
Saved SR outputs to logs/scoreg/sr/pop_ppo_3net_invisible/grid5_img3_ni2_nw4_ms30_comm_field100/seed3/mode_test/normal
Done. Total time: 329.21 sec
/mnt/iusers01/fatpou01/compsci01/n70579mp/.conda/envs/habitat/lib/python3.9/site-packages/tyro/_parsers.py:353: UserWarning: The field `num-nets-to-model-step` is annotated with type `dict[int, int]`, but the default value `None` has type `<class 'NoneType'>`. We'll try to handle this gracefully, but it may cause unexpected behavior.
  warnings.warn(message)
Using device: cuda
Model name: sp_pop_ppo_3net_invisible
Combination name: grid5_img3_ni2_nw4_ms30_comm_field100
Loaded agent 0 from checkpoints/torch_scoreg_layout2/sp_pop_ppo_3net_invisible/grid5_img3_ni2_nw4_ms30_comm_field100/seed1/agent_0_step_99993600.pt
Loaded agent 1 from checkpoints/torch_scoreg_layout2/sp_pop_ppo_3net_invisible/grid5_img3_ni2_nw4_ms30_comm_field100/seed1/agent_1_step_99993600.pt
Loaded agent 2 from checkpoints/torch_scoreg_layout2/sp_pop_ppo_3net_invisible/grid5_img3_ni2_nw4_ms30_comm_field100/seed1/agent_2_step_99993600.pt
Evaluating 9 pairs with batch_num_envs=256
[1/9] running pair 0-0
pair 0-0 | SR=0.9780 | AvgLen=8.56 | Time=264.89s
[2/9] running pair 0-1
pair 0-1 | SR=0.9820 | AvgLen=8.61 | Time=0.65s
[3/9] running pair 0-2
pair 0-2 | SR=0.9860 | AvgLen=8.55 | Time=0.65s
[4/9] running pair 1-0
pair 1-0 | SR=0.9820 | AvgLen=8.68 | Time=0.65s
[5/9] running pair 1-1
pair 1-1 | SR=0.9760 | AvgLen=8.75 | Time=0.66s
[6/9] running pair 1-2
pair 1-2 | SR=0.9830 | AvgLen=8.61 | Time=0.66s
[7/9] running pair 2-0
pair 2-0 | SR=0.9810 | AvgLen=8.62 | Time=0.65s
[8/9] running pair 2-1
pair 2-1 | SR=0.9760 | AvgLen=8.75 | Time=0.65s
[9/9] running pair 2-2
pair 2-2 | SR=0.9790 | AvgLen=8.67 | Time=0.65s
Saved SR outputs to logs/scoreg/sr/sp_pop_ppo_3net_invisible/grid5_img3_ni2_nw4_ms30_comm_field100/seed1/mode_test/normal
Done. Total time: 270.16 sec
/mnt/iusers01/fatpou01/compsci01/n70579mp/.conda/envs/habitat/lib/python3.9/site-packages/tyro/_parsers.py:353: UserWarning: The field `num-nets-to-model-step` is annotated with type `dict[int, int]`, but the default value `None` has type `<class 'NoneType'>`. We'll try to handle this gracefully, but it may cause unexpected behavior.
  warnings.warn(message)
Using device: cuda
Model name: sp_pop_ppo_3net_invisible
Combination name: grid5_img3_ni2_nw4_ms30_comm_field100
Loaded agent 0 from checkpoints/torch_scoreg_layout2/sp_pop_ppo_3net_invisible/grid5_img3_ni2_nw4_ms30_comm_field100/seed2/agent_0_step_99993600.pt
Loaded agent 1 from checkpoints/torch_scoreg_layout2/sp_pop_ppo_3net_invisible/grid5_img3_ni2_nw4_ms30_comm_field100/seed2/agent_1_step_99993600.pt
Loaded agent 2 from checkpoints/torch_scoreg_layout2/sp_pop_ppo_3net_invisible/grid5_img3_ni2_nw4_ms30_comm_field100/seed2/agent_2_step_99993600.pt
Evaluating 9 pairs with batch_num_envs=256
[1/9] running pair 0-0
pair 0-0 | SR=0.9890 | AvgLen=8.02 | Time=280.32s
[2/9] running pair 0-1
pair 0-1 | SR=0.9770 | AvgLen=7.87 | Time=20.46s
[3/9] running pair 0-2
pair 0-2 | SR=0.9820 | AvgLen=7.94 | Time=0.65s
[4/9] running pair 1-0
pair 1-0 | SR=0.9880 | AvgLen=7.96 | Time=0.65s
[5/9] running pair 1-1
pair 1-1 | SR=0.9860 | AvgLen=7.79 | Time=0.64s
[6/9] running pair 1-2
pair 1-2 | SR=0.9760 | AvgLen=8.02 | Time=0.65s
[7/9] running pair 2-0
pair 2-0 | SR=0.9810 | AvgLen=8.05 | Time=0.65s
[8/9] running pair 2-1
pair 2-1 | SR=0.9880 | AvgLen=7.96 | Time=0.65s
[9/9] running pair 2-2
pair 2-2 | SR=0.9840 | AvgLen=7.81 | Time=0.64s
Saved SR outputs to logs/scoreg/sr/sp_pop_ppo_3net_invisible/grid5_img3_ni2_nw4_ms30_comm_field100/seed2/mode_test/normal
Done. Total time: 305.50 sec
/mnt/iusers01/fatpou01/compsci01/n70579mp/.conda/envs/habitat/lib/python3.9/site-packages/tyro/_parsers.py:353: UserWarning: The field `num-nets-to-model-step` is annotated with type `dict[int, int]`, but the default value `None` has type `<class 'NoneType'>`. We'll try to handle this gracefully, but it may cause unexpected behavior.
  warnings.warn(message)
Using device: cuda
Model name: sp_pop_ppo_3net_invisible
Combination name: grid5_img3_ni2_nw4_ms30_comm_field100
Loaded agent 0 from checkpoints/torch_scoreg_layout2/sp_pop_ppo_3net_invisible/grid5_img3_ni2_nw4_ms30_comm_field100/seed3/agent_0_step_99993600.pt
Loaded agent 1 from checkpoints/torch_scoreg_layout2/sp_pop_ppo_3net_invisible/grid5_img3_ni2_nw4_ms30_comm_field100/seed3/agent_1_step_99993600.pt
Loaded agent 2 from checkpoints/torch_scoreg_layout2/sp_pop_ppo_3net_invisible/grid5_img3_ni2_nw4_ms30_comm_field100/seed3/agent_2_step_99993600.pt
Evaluating 9 pairs with batch_num_envs=256
[1/9] running pair 0-0
pair 0-0 | SR=0.9820 | AvgLen=8.05 | Time=248.35s
[2/9] running pair 0-1
pair 0-1 | SR=0.9870 | AvgLen=7.99 | Time=0.65s
[3/9] running pair 0-2
pair 0-2 | SR=0.9870 | AvgLen=8.12 | Time=0.65s
[4/9] running pair 1-0
pair 1-0 | SR=0.9830 | AvgLen=8.11 | Time=0.65s
[5/9] running pair 1-1
pair 1-1 | SR=0.9780 | AvgLen=8.17 | Time=0.66s
[6/9] running pair 1-2
pair 1-2 | SR=0.9840 | AvgLen=7.93 | Time=0.66s
[7/9] running pair 2-0
pair 2-0 | SR=0.9880 | AvgLen=8.01 | Time=0.65s
[8/9] running pair 2-1
pair 2-1 | SR=0.9870 | AvgLen=8.21 | Time=0.66s
[9/9] running pair 2-2
pair 2-2 | SR=0.9870 | AvgLen=8.07 | Time=0.65s
Saved SR outputs to logs/scoreg/sr/sp_pop_ppo_3net_invisible/grid5_img3_ni2_nw4_ms30_comm_field100/seed3/mode_test/normal
Done. Total time: 253.60 sec
