Script directory: /mnt/iusers01/fatpou01/compsci01/n70579mp/scratch/emergent_language/foraging_game
/mnt/iusers01/fatpou01/compsci01/n70579mp/.conda/envs/habitat/lib/python3.9/site-packages/tyro/_parsers.py:353: UserWarning: The field `target-kl` is annotated with type `<class 'float'>`, but the default value `None` has type `<class 'NoneType'>`. We'll try to handle this gracefully, but it may cause unexpected behavior.
  warnings.warn(message)
wandb: Currently logged in as: maytusp to https://api.wandb.ai. Use `wandb login --relogin` to force relogin
wandb: setting up run d896m9fn
wandb: Tracking run with wandb version 0.23.1
wandb: Run data is saved locally in /net/scratch/n70579mp/emergent_language/foraging_game/wandb/run-20260504_112739-d896m9fn
wandb: Run `wandb offline` to turn off syncing.
wandb: Syncing run pop_ppo_3net_invisible/grid5_img3_ni2_nw4_ms30_comm_field100_seed1
wandb: ⭐️ View project at https://wandb.ai/maytusp/scoreg_layout2
wandb: 🚀 View run at https://wandb.ai/maytusp/scoreg_layout2/runs/d896m9fn
parsed seed: 1
run_name: pop_ppo_3net_invisible/grid5_img3_ni2_nw4_ms30_comm_field100_seed1
save_dir: checkpoints/torch_scoreg_layout2/pop_ppo_3net_invisible/grid5_img3_ni2_nw4_ms30_comm_field100/seed1/
[1;34mwandb[0m: 
[1;34mwandb[0m: 🚀 View run [33mpop_ppo_3net_invisible/grid5_img3_ni2_nw4_ms30_comm_field100_seed1[0m at: [34mhttps://wandb.ai/maytusp/scoreg_layout2/runs/d896m9fn[0m
[1;34mwandb[0m: Find logs at: [1;35m../../../../../../../../net/scratch/n70579mp/emergent_language/foraging_game/wandb/run-20260504_112739-d896m9fn/logs[0m
NUM PARAMS: 192246
NUM PARAMS: 192246
NUM PARAMS: 192246
SPS: 486
SPS: 486
SPS: 936
SPS: 935
SPS: 1351
SPS: 1351
SPS: 1733
SPS: 1732
SPS: 2087
SPS: 2086
SPS: 2418
SPS: 2417
SPS: 2729
SPS: 2728
SPS: 3016
SPS: 3014
SPS: 3269
SPS: 3267
SPS: 3523
SPS: 3521
SPS: 3760
SPS: 3759
SPS: 3982
SPS: 3981
SPS: 4190
SPS: 4188
SPS: 4387
SPS: 4385
SPS: 4570
SPS: 4568
SPS: 4745
SPS: 4743
SPS: 4911
SPS: 4909
SPS: 5069
SPS: 5067
SPS: 5219
SPS: 5217
SPS: 5359
SPS: 5357
SPS: 5493
SPS: 5491
SPS: 5621
SPS: 5619
SPS: 5731
SPS: 5729
SPS: 5846
SPS: 5845
SPS: 5957
SPS: 5955
SPS: 6060
SPS: 6058
SPS: 6160
SPS: 6158
SPS: 6255
SPS: 6254
SPS: 6351
SPS: 6349
SPS: 6442
SPS: 6441
SPS: 6525
SPS: 6524
SPS: 6603
SPS: 6602
SPS: 6675
SPS: 6673
SPS: 6749
SPS: 6747
SPS: 6818
SPS: 6816
SPS: 6884
SPS: 6882
SPS: 6950
SPS: 6949
SPS: 7010
SPS: 7008
SPS: 7072
SPS: 7070
SPS: 7132
SPS: 7130
SPS: 7188
SPS: 7186
SPS: 7245
SPS: 7243
SPS: 7298
SPS: 7297
SPS: 7350
SPS: 7348
SPS: 7397
SPS: 7395
SPS: 7445
SPS: 7443
SPS: 7490
SPS: 7489
SPS: 7534
SPS: 7531
SPS: 7565
SPS: 7564
SPS: 7598
SPS: 7597
SPS: 7639
SPS: 7638
SPS: 7678
SPS: 7677
SPS: 7715
SPS: 7714
SPS: 7740
SPS: 7738
SPS: 7771
SPS: 7770
SPS: 7800
SPS: 7799
SPS: 7832
SPS: 7831
SPS: 7859
SPS: 7857
SPS: 7880
SPS: 7879
SPS: 7906
SPS: 7904
SPS: 7933
SPS: 7932
SPS: 7959
SPS: 7958
SPS: 7972
SPS: 7970
SPS: 7995
SPS: 7994
SPS: 8017
SPS: 8016
SPS: 8034
SPS: 8033
SPS: 8046
SPS: 8044
SPS: 8060
SPS: 8059
SPS: 8079
SPS: 8078
SPS: 8096
SPS: 8095
SPS: 8106
SPS: 8105
SPS: 8115
SPS: 8114
SPS: 8129
SPS: 8128
SPS: 8143
SPS: 8142
SPS: 8150
SPS: 8149
SPS: 8154
SPS: 8152
SPS: 8165
SPS: 8164
SPS: 8176
SPS: 8175
SPS: 8182
SPS: 8181
SPS: 8186
SPS: 8185
SPS: 8191
SPS: 8190
SPS: 8199
SPS: 8198
SPS: 8204
SPS: 8202
SPS: 8204
SPS: 8203
SPS: 8210
SPS: 8209
SPS: 8216
SPS: 8215
SPS: 8220
SPS: 8219
SPS: 8224
SPS: 8223
SPS: 8226
SPS: 8226
SPS: 8230
SPS: 8229
SPS: 8231
SPS: 8230
SPS: 8233
SPS: 8232
SPS: 8233
SPS: 8232
SPS: 8235
SPS: 8234
SPS: 8236
SPS: 8235
SPS: 8237
SPS: 8236
SPS: 8237
SPS: 8236
SPS: 8237
SPS: 8236
SPS: 8235
SPS: 8234
SPS: 8234
SPS: 8233
SPS: 8231
SPS: 8230
SPS: 8230
SPS: 8229
SPS: 8227
SPS: 8226
SPS: 8225
SPS: 8224
Model saved to checkpoints/torch_scoreg_layout2/pop_ppo_3net_invisible/grid5_img3_ni2_nw4_ms30_comm_field100/seed1/agent_0_step_25600000.pt
Model saved to checkpoints/torch_scoreg_layout2/pop_ppo_3net_invisible/grid5_img3_ni2_nw4_ms30_comm_field100/seed1/agent_1_step_25600000.pt
Model saved to checkpoints/torch_scoreg_layout2/pop_ppo_3net_invisible/grid5_img3_ni2_nw4_ms30_comm_field100/seed1/agent_2_step_25600000.pt
SPS: 8222
SPS: 8221
SPS: 8220
SPS: 8220
SPS: 8217
SPS: 8216
SPS: 8215
SPS: 8214
SPS: 8211
SPS: 8210
SPS: 8208
SPS: 8208
SPS: 8205
SPS: 8204
SPS: 8201
SPS: 8201
SPS: 8196
SPS: 8195
SPS: 8192
SPS: 8191
SPS: 8186
SPS: 8185
SPS: 8183
SPS: 8183
SPS: 8178
SPS: 8177
SPS: 8168
SPS: 8168
SPS: 8160
SPS: 8159
SPS: 8151
SPS: 8150
SPS: 8140
SPS: 8139
SPS: 8132
SPS: 8131
SPS: 8124
SPS: 8123
SPS: 8115
SPS: 8114
SPS: 8104
SPS: 8103
SPS: 8097
SPS: 8096
SPS: 8089
SPS: 8088
SPS: 8079
SPS: 8079
SPS: 8072
SPS: 8071
SPS: 8062
SPS: 8062
SPS: 8052
SPS: 8051
SPS: 8046
SPS: 8045
SPS: 8040
SPS: 8040
SPS: 8033
SPS: 8033
SPS: 8025
SPS: 8025
SPS: 8019
SPS: 8019
SPS: 8014
SPS: 8013
SPS: 8006
SPS: 8005
SPS: 8000
SPS: 8000
SPS: 7995
SPS: 7995
SPS: 7988
SPS: 7988
SPS: 7982
SPS: 7981
SPS: 7976
SPS: 7976
SPS: 7971
SPS: 7970
SPS: 7962
SPS: 7961
SPS: 7956
SPS: 7956
SPS: 7951
SPS: 7951
SPS: 7943
SPS: 7942
SPS: 7936
SPS: 7935
SPS: 7931
SPS: 7930
SPS: 7926
SPS: 7925
SPS: 7918
SPS: 7917
SPS: 7912
SPS: 7911
SPS: 7907
SPS: 7907
SPS: 7902
SPS: 7901
SPS: 7896
SPS: 7896
SPS: 7891
SPS: 7891
SPS: 7884
SPS: 7883
SPS: 7877
SPS: 7877
SPS: 7873
SPS: 7872
SPS: 7868
SPS: 7868
SPS: 7863
SPS: 7863
SPS: 7859
SPS: 7859
SPS: 7854
SPS: 7853
SPS: 7849
SPS: 7849
SPS: 7845
SPS: 7844
SPS: 7840
SPS: 7840
SPS: 7835
SPS: 7835
SPS: 7831
SPS: 7830
SPS: 7827
SPS: 7826
SPS: 7822
SPS: 7822
SPS: 7818
SPS: 7817
SPS: 7813
SPS: 7813
SPS: 7808
SPS: 7808
SPS: 7804
SPS: 7803
SPS: 7800
SPS: 7799
SPS: 7795
SPS: 7795
SPS: 7790
SPS: 7790
SPS: 7786
SPS: 7785
SPS: 7781
SPS: 7781
SPS: 7777
SPS: 7777
SPS: 7773
SPS: 7773
SPS: 7768
SPS: 7768
SPS: 7764
SPS: 7763
SPS: 7759
SPS: 7759
SPS: 7754
SPS: 7754
SPS: 7750
SPS: 7750
SPS: 7746
SPS: 7745
SPS: 7742
SPS: 7742
SPS: 7738
SPS: 7737
SPS: 7733
SPS: 7733
SPS: 7729
SPS: 7729
SPS: 7724
SPS: 7724
SPS: 7721
SPS: 7720
SPS: 7717
SPS: 7716
SPS: 7713
SPS: 7712
SPS: 7708
SPS: 7707
SPS: 7704
SPS: 7703
SPS: 7699
SPS: 7699
SPS: 7695
SPS: 7695
SPS: 7692
SPS: 7691
SPS: 7688
SPS: 7687
SPS: 7684
SPS: 7684
[Food Spawn Schedule] global_step=50012160: food_spawn_on_agent_cells False -> True
SPS: 7688
SPS: 7687
SPS: 7699
SPS: 7698
SPS: 7707
SPS: 7707
SPS: 7716
SPS: 7715
SPS: 7723
SPS: 7722
Model saved to checkpoints/torch_scoreg_layout2/pop_ppo_3net_invisible/grid5_img3_ni2_nw4_ms30_comm_field100/seed1/agent_0_step_51200000.pt
Model saved to checkpoints/torch_scoreg_layout2/pop_ppo_3net_invisible/grid5_img3_ni2_nw4_ms30_comm_field100/seed1/agent_1_step_51200000.pt
Model saved to checkpoints/torch_scoreg_layout2/pop_ppo_3net_invisible/grid5_img3_ni2_nw4_ms30_comm_field100/seed1/agent_2_step_51200000.pt
SPS: 7729
SPS: 7729
SPS: 7733
SPS: 7733
SPS: 7739
SPS: 7739
SPS: 7744
SPS: 7744
SPS: 7747
SPS: 7747
SPS: 7750
SPS: 7750
SPS: 7755
SPS: 7754
SPS: 7758
SPS: 7758
SPS: 7759
SPS: 7758
SPS: 7761
SPS: 7761
SPS: 7763
SPS: 7763
SPS: 7766
SPS: 7765
SPS: 7768
SPS: 7767
SPS: 7770
SPS: 7769
SPS: 7770
SPS: 7770
SPS: 7771
SPS: 7771
SPS: 7774
SPS: 7773
SPS: 7775
SPS: 7775
SPS: 7775
SPS: 7775
SPS: 7777
SPS: 7777
SPS: 7779
SPS: 7778
SPS: 7778
SPS: 7778
SPS: 7779
SPS: 7779
SPS: 7781
SPS: 7781
SPS: 7783
SPS: 7783
SPS: 7785
SPS: 7785
SPS: 7787
SPS: 7787
SPS: 7788
SPS: 7788
SPS: 7790
SPS: 7790
SPS: 7792
SPS: 7792
SPS: 7794
SPS: 7794
SPS: 7796
SPS: 7796
SPS: 7797
SPS: 7797
SPS: 7799
SPS: 7798
SPS: 7800
SPS: 7800
SPS: 7802
SPS: 7801
SPS: 7803
SPS: 7803
SPS: 7805
SPS: 7804
SPS: 7806
SPS: 7805
SPS: 7807
SPS: 7807
SPS: 7809
SPS: 7808
SPS: 7810
SPS: 7809
SPS: 7811
SPS: 7811
SPS: 7812
SPS: 7812
SPS: 7814
SPS: 7813
SPS: 7815
SPS: 7814
SPS: 7816
SPS: 7816
SPS: 7817
SPS: 7817
SPS: 7818
SPS: 7818
SPS: 7819
SPS: 7819
SPS: 7820
SPS: 7820
SPS: 7821
SPS: 7821
SPS: 7820
SPS: 7820
SPS: 7821
SPS: 7821
SPS: 7822
SPS: 7822
SPS: 7823
SPS: 7823
SPS: 7822
SPS: 7822
SPS: 7823
SPS: 7823
SPS: 7824
SPS: 7824
SPS: 7824
SPS: 7824
SPS: 7824
SPS: 7823
SPS: 7824
SPS: 7824
SPS: 7825
SPS: 7825
SPS: 7826
SPS: 7825
SPS: 7824
SPS: 7824
SPS: 7825
SPS: 7825
SPS: 7826
SPS: 7825
SPS: 7826
SPS: 7826
SPS: 7826
SPS: 7825
SPS: 7824
SPS: 7824
SPS: 7825
SPS: 7825
SPS: 7825
SPS: 7825
SPS: 7825
SPS: 7825
SPS: 7825
SPS: 7824
SPS: 7825
SPS: 7825
SPS: 7824
SPS: 7824
SPS: 7821
SPS: 7821
SPS: 7822
SPS: 7822
SPS: 7822
SPS: 7822
SPS: 7821
SPS: 7821
SPS: 7822
SPS: 7821
SPS: 7822
SPS: 7822
SPS: 7822
SPS: 7822
SPS: 7822
SPS: 7822
SPS: 7822
SPS: 7822
SPS: 7822
SPS: 7822
SPS: 7821
SPS: 7820
SPS: 7821
SPS: 7821
SPS: 7822
SPS: 7821
SPS: 7821
SPS: 7821
SPS: 7820
SPS: 7819
SPS: 7820
SPS: 7820
SPS: 7821
SPS: 7820
SPS: 7820
SPS: 7820
SPS: 7820
SPS: 7819
SPS: 7820
SPS: 7820
SPS: 7821
SPS: 7820
SPS: 7821
SPS: 7821
SPS: 7821
SPS: 7821
SPS: 7821
SPS: 7821
SPS: 7822
SPS: 7822
SPS: 7822
SPS: 7822
SPS: 7823
SPS: 7822
SPS: 7823
SPS: 7823
Model saved to checkpoints/torch_scoreg_layout2/pop_ppo_3net_invisible/grid5_img3_ni2_nw4_ms30_comm_field100/seed1/agent_0_step_76800000.pt
Model saved to checkpoints/torch_scoreg_layout2/pop_ppo_3net_invisible/grid5_img3_ni2_nw4_ms30_comm_field100/seed1/agent_1_step_76800000.pt
Model saved to checkpoints/torch_scoreg_layout2/pop_ppo_3net_invisible/grid5_img3_ni2_nw4_ms30_comm_field100/seed1/agent_2_step_76800000.pt
SPS: 7823
SPS: 7823
SPS: 7823
SPS: 7823
SPS: 7824
SPS: 7823
SPS: 7824
SPS: 7823
SPS: 7824
SPS: 7824
SPS: 7824
SPS: 7824
SPS: 7824
SPS: 7824
SPS: 7824
SPS: 7824
SPS: 7825
SPS: 7824
SPS: 7825
SPS: 7825
SPS: 7825
SPS: 7825
SPS: 7826
SPS: 7825
SPS: 7826
SPS: 7826
SPS: 7826
SPS: 7826
SPS: 7826
SPS: 7826
SPS: 7826
SPS: 7826
SPS: 7826
SPS: 7826
SPS: 7827
SPS: 7826
SPS: 7827
SPS: 7826
SPS: 7827
SPS: 7826
SPS: 7827
SPS: 7826
SPS: 7827
SPS: 7827
SPS: 7827
SPS: 7827
SPS: 7827
SPS: 7827
SPS: 7827
SPS: 7827
SPS: 7827
SPS: 7827
SPS: 7826
SPS: 7826
SPS: 7825
SPS: 7825
SPS: 7825
SPS: 7825
SPS: 7825
SPS: 7825
SPS: 7824
SPS: 7824
SPS: 7825
SPS: 7824
SPS: 7825
SPS: 7825
SPS: 7824
SPS: 7824
SPS: 7824
SPS: 7824
SPS: 7824
SPS: 7824
SPS: 7823
SPS: 7823
SPS: 7822
SPS: 7822
SPS: 7822
SPS: 7822
SPS: 7822
SPS: 7822
SPS: 7822
SPS: 7822
SPS: 7821
SPS: 7821
SPS: 7821
SPS: 7821
SPS: 7821
SPS: 7821
SPS: 7821
SPS: 7820
SPS: 7819
SPS: 7819
SPS: 7819
SPS: 7819
SPS: 7819
SPS: 7819
SPS: 7818
SPS: 7817
SPS: 7818
SPS: 7818
SPS: 7818
SPS: 7818
SPS: 7817
SPS: 7817
SPS: 7817
SPS: 7817
SPS: 7817
SPS: 7817
SPS: 7817
SPS: 7817
SPS: 7817
SPS: 7817
SPS: 7817
SPS: 7816
SPS: 7817
SPS: 7817
SPS: 7817
SPS: 7817
SPS: 7817
SPS: 7817
SPS: 7817
SPS: 7817
SPS: 7817
SPS: 7817
SPS: 7817
SPS: 7817
SPS: 7818
SPS: 7817
SPS: 7817
SPS: 7817
SPS: 7818
SPS: 7817
SPS: 7817
SPS: 7817
SPS: 7817
SPS: 7817
SPS: 7817
SPS: 7817
SPS: 7818
SPS: 7817
SPS: 7818
SPS: 7817
SPS: 7817
SPS: 7817
SPS: 7817
SPS: 7817
SPS: 7817
SPS: 7817
SPS: 7817
SPS: 7817
SPS: 7816
SPS: 7816
SPS: 7816
SPS: 7815
SPS: 7814
SPS: 7814
SPS: 7813
SPS: 7813
SPS: 7813
SPS: 7813
SPS: 7813
SPS: 7812
SPS: 7811
SPS: 7811
SPS: 7811
SPS: 7811
SPS: 7810
SPS: 7809
SPS: 7807
SPS: 7807
SPS: 7806
SPS: 7806
SPS: 7806
SPS: 7805
SPS: 7805
SPS: 7804
SPS: 7803
SPS: 7802
SPS: 7802
SPS: 7802
SPS: 7802
SPS: 7802
SPS: 7800
SPS: 7800
SPS: 7800
SPS: 7799
SPS: 7799
SPS: 7799
Final model of network 0 saved to checkpoints/torch_scoreg_layout2/pop_ppo_3net_invisible/grid5_img3_ni2_nw4_ms30_comm_field100/seed1/agent_0_step_99993600.pt
Final model of network 1 saved to checkpoints/torch_scoreg_layout2/pop_ppo_3net_invisible/grid5_img3_ni2_nw4_ms30_comm_field100/seed1/agent_1_step_99993600.pt
Final model of network 2 saved to checkpoints/torch_scoreg_layout2/pop_ppo_3net_invisible/grid5_img3_ni2_nw4_ms30_comm_field100/seed1/agent_2_step_99993600.pt
/mnt/iusers01/fatpou01/compsci01/n70579mp/.conda/envs/habitat/lib/python3.9/site-packages/tyro/_parsers.py:353: UserWarning: The field `target-kl` is annotated with type `<class 'float'>`, but the default value `None` has type `<class 'NoneType'>`. We'll try to handle this gracefully, but it may cause unexpected behavior.
  warnings.warn(message)
wandb: Currently logged in as: maytusp to https://api.wandb.ai. Use `wandb login --relogin` to force relogin
wandb: Tracking run with wandb version 0.23.1
wandb: Run data is saved locally in /net/scratch/n70579mp/emergent_language/foraging_game/wandb/run-20260504_151943-wvqlpkx0
wandb: Run `wandb offline` to turn off syncing.
wandb: Syncing run pop_ppo_3net_invisible/grid5_img3_ni2_nw4_ms30_comm_field100_seed2
wandb: ⭐️ View project at https://wandb.ai/maytusp/scoreg_layout2
wandb: 🚀 View run at https://wandb.ai/maytusp/scoreg_layout2/runs/wvqlpkx0
parsed seed: 2
run_name: pop_ppo_3net_invisible/grid5_img3_ni2_nw4_ms30_comm_field100_seed2
save_dir: checkpoints/torch_scoreg_layout2/pop_ppo_3net_invisible/grid5_img3_ni2_nw4_ms30_comm_field100/seed2/
[1;34mwandb[0m: 
[1;34mwandb[0m: 🚀 View run [33mpop_ppo_3net_invisible/grid5_img3_ni2_nw4_ms30_comm_field100_seed2[0m at: [34mhttps://wandb.ai/maytusp/scoreg_layout2/runs/wvqlpkx0[0m
[1;34mwandb[0m: Find logs at: [1;35m../../../../../../../../net/scratch/n70579mp/emergent_language/foraging_game/wandb/run-20260504_151943-wvqlpkx0/logs[0m
NUM PARAMS: 192246
NUM PARAMS: 192246
NUM PARAMS: 192246
SPS: 1178
SPS: 1176
SPS: 2139
SPS: 2135
SPS: 2929
SPS: 2925
SPS: 3586
SPS: 3581
SPS: 4153
SPS: 4147
SPS: 4634
SPS: 4629
SPS: 5045
SPS: 5039
SPS: 5408
SPS: 5403
SPS: 5720
SPS: 5715
SPS: 6002
SPS: 5996
SPS: 6245
SPS: 6238
SPS: 6434
SPS: 6428
SPS: 6623
SPS: 6618
SPS: 6790
SPS: 6785
SPS: 6942
SPS: 6937
SPS: 7078
SPS: 7073
SPS: 7206
SPS: 7201
SPS: 7316
SPS: 7311
SPS: 7410
SPS: 7406
SPS: 7508
SPS: 7504
SPS: 7592
SPS: 7587
SPS: 7671
SPS: 7667
SPS: 7745
SPS: 7741
SPS: 7807
SPS: 7803
SPS: 7874
SPS: 7870
SPS: 7929
SPS: 7925
SPS: 7988
SPS: 7984
SPS: 8036
SPS: 8032
SPS: 8085
SPS: 8082
SPS: 8130
SPS: 8127
SPS: 8168
SPS: 8165
SPS: 8206
SPS: 8202
SPS: 8242
SPS: 8239
SPS: 8277
SPS: 8274
SPS: 8322
SPS: 8319
SPS: 8358
SPS: 8355
SPS: 8397
SPS: 8395
SPS: 8430
SPS: 8428
SPS: 8466
SPS: 8464
SPS: 8492
SPS: 8490
SPS: 8523
SPS: 8521
SPS: 8551
SPS: 8549
SPS: 8575
SPS: 8573
SPS: 8598
SPS: 8596
SPS: 8620
SPS: 8618
SPS: 8644
SPS: 8642
SPS: 8665
SPS: 8662
SPS: 8683
SPS: 8681
SPS: 8698
SPS: 8696
SPS: 8713
SPS: 8711
SPS: 8729
SPS: 8727
SPS: 8734
SPS: 8732
SPS: 8732
SPS: 8730
SPS: 8740
SPS: 8739
SPS: 8751
SPS: 8749
SPS: 8761
SPS: 8760
SPS: 8755
SPS: 8753
SPS: 8767
SPS: 8765
SPS: 8776
SPS: 8774
SPS: 8779
SPS: 8777
SPS: 8787
SPS: 8785
SPS: 8796
SPS: 8794
SPS: 8799
SPS: 8797
SPS: 8795
SPS: 8793
SPS: 8798
SPS: 8796
SPS: 8804
SPS: 8802
SPS: 8809
SPS: 8807
SPS: 8803
SPS: 8802
SPS: 8809
SPS: 8807
SPS: 8806
SPS: 8805
SPS: 8809
SPS: 8807
SPS: 8812
SPS: 8811
SPS: 8804
SPS: 8802
SPS: 8794
SPS: 8792
SPS: 8795
SPS: 8794
SPS: 8795
SPS: 8794
SPS: 8791
SPS: 8790
SPS: 8790
SPS: 8789
SPS: 8789
SPS: 8787
SPS: 8780
SPS: 8779
SPS: 8774
SPS: 8772
SPS: 8773
SPS: 8772
SPS: 8771
SPS: 8770
SPS: 8765
SPS: 8764
SPS: 8756
SPS: 8754
SPS: 8750
SPS: 8749
SPS: 8743
SPS: 8742
SPS: 8740
SPS: 8739
SPS: 8727
SPS: 8725
SPS: 8720
SPS: 8719
SPS: 8715
SPS: 8713
SPS: 8707
SPS: 8706
SPS: 8693
SPS: 8691
SPS: 8681
SPS: 8680
SPS: 8675
SPS: 8674
SPS: 8666
SPS: 8665
SPS: 8653
SPS: 8652
SPS: 8643
SPS: 8642
SPS: 8634
SPS: 8633
SPS: 8624
SPS: 8623
SPS: 8617
SPS: 8616
SPS: 8608
SPS: 8607
SPS: 8598
SPS: 8597
SPS: 8582
SPS: 8581
Model saved to checkpoints/torch_scoreg_layout2/pop_ppo_3net_invisible/grid5_img3_ni2_nw4_ms30_comm_field100/seed2/agent_0_step_25600000.pt
Model saved to checkpoints/torch_scoreg_layout2/pop_ppo_3net_invisible/grid5_img3_ni2_nw4_ms30_comm_field100/seed2/agent_1_step_25600000.pt
Model saved to checkpoints/torch_scoreg_layout2/pop_ppo_3net_invisible/grid5_img3_ni2_nw4_ms30_comm_field100/seed2/agent_2_step_25600000.pt
SPS: 8574
SPS: 8573
SPS: 8563
SPS: 8562
SPS: 8552
SPS: 8551
SPS: 8541
SPS: 8540
SPS: 8530
SPS: 8529
SPS: 8514
SPS: 8513
SPS: 8501
SPS: 8500
SPS: 8491
SPS: 8490
SPS: 8480
SPS: 8479
SPS: 8468
SPS: 8467
SPS: 8455
SPS: 8454
SPS: 8444
SPS: 8443
SPS: 8426
SPS: 8425
SPS: 8416
SPS: 8415
SPS: 8405
SPS: 8404
SPS: 8392
SPS: 8391
SPS: 8377
SPS: 8376
SPS: 8366
SPS: 8365
SPS: 8354
SPS: 8353
SPS: 8340
SPS: 8340
SPS: 8330
SPS: 8330
SPS: 8320
SPS: 8319
SPS: 8306
SPS: 8305
SPS: 8295
SPS: 8295
SPS: 8284
SPS: 8284
SPS: 8272
SPS: 8271
SPS: 8262
SPS: 8261
SPS: 8250
SPS: 8249
SPS: 8236
SPS: 8235
SPS: 8226
SPS: 8225
SPS: 8215
SPS: 8214
SPS: 8203
SPS: 8202
SPS: 8192
SPS: 8191
SPS: 8183
SPS: 8182
SPS: 8171
SPS: 8170
SPS: 8157
SPS: 8156
SPS: 8148
SPS: 8147
SPS: 8138
SPS: 8137
SPS: 8127
SPS: 8126
SPS: 8119
SPS: 8118
SPS: 8109
SPS: 8108
SPS: 8096
SPS: 8096
SPS: 8086
SPS: 8086
SPS: 8077
SPS: 8076
SPS: 8063
SPS: 8062
SPS: 8053
SPS: 8052
SPS: 8044
SPS: 8044
SPS: 8033
SPS: 8032
SPS: 8024
SPS: 8024
SPS: 8015
SPS: 8015
SPS: 8003
SPS: 8003
SPS: 7994
SPS: 7994
SPS: 7986
SPS: 7985
SPS: 7977
SPS: 7977
SPS: 7964
SPS: 7963
SPS: 7954
SPS: 7954
SPS: 7946
SPS: 7946
SPS: 7935
SPS: 7934
SPS: 7925
SPS: 7924
SPS: 7917
SPS: 7916
SPS: 7906
SPS: 7905
SPS: 7896
SPS: 7896
SPS: 7889
SPS: 7889
SPS: 7880
SPS: 7880
SPS: 7870
SPS: 7869
SPS: 7862
SPS: 7862
SPS: 7855
SPS: 7854
SPS: 7847
SPS: 7846
SPS: 7840
SPS: 7839
SPS: 7832
SPS: 7832
SPS: 7822
SPS: 7821
SPS: 7815
SPS: 7815
SPS: 7808
SPS: 7807
SPS: 7799
SPS: 7799
SPS: 7792
SPS: 7792
SPS: 7785
SPS: 7785
SPS: 7778
SPS: 7777
SPS: 7771
SPS: 7771
SPS: 7765
SPS: 7764
SPS: 7756
SPS: 7755
SPS: 7746
SPS: 7746
SPS: 7740
SPS: 7739
SPS: 7733
SPS: 7733
SPS: 7724
SPS: 7723
SPS: 7717
SPS: 7717
SPS: 7711
SPS: 7711
SPS: 7701
SPS: 7701
SPS: 7696
SPS: 7695
SPS: 7688
SPS: 7687
SPS: 7677
SPS: 7676
SPS: 7671
SPS: 7671
SPS: 7665
SPS: 7665
SPS: 7659
SPS: 7659
SPS: 7653
SPS: 7653
SPS: 7647
SPS: 7646
SPS: 7640
SPS: 7640
SPS: 7634
SPS: 7634
SPS: 7626
SPS: 7626
SPS: 7618
SPS: 7617
[Food Spawn Schedule] global_step=50012160: food_spawn_on_agent_cells False -> True
SPS: 7618
SPS: 7618
SPS: 7628
SPS: 7627
SPS: 7635
SPS: 7635
SPS: 7643
SPS: 7642
SPS: 7649
SPS: 7649
Model saved to checkpoints/torch_scoreg_layout2/pop_ppo_3net_invisible/grid5_img3_ni2_nw4_ms30_comm_field100/seed2/agent_0_step_51200000.pt
Model saved to checkpoints/torch_scoreg_layout2/pop_ppo_3net_invisible/grid5_img3_ni2_nw4_ms30_comm_field100/seed2/agent_1_step_51200000.pt
Model saved to checkpoints/torch_scoreg_layout2/pop_ppo_3net_invisible/grid5_img3_ni2_nw4_ms30_comm_field100/seed2/agent_2_step_51200000.pt
SPS: 7653
SPS: 7653
SPS: 7656
SPS: 7656
SPS: 7661
SPS: 7660
SPS: 7665
SPS: 7664
SPS: 7668
SPS: 7668
SPS: 7671
SPS: 7670
SPS: 7674
SPS: 7673
SPS: 7678
SPS: 7677
SPS: 7680
SPS: 7680
SPS: 7680
SPS: 7680
SPS: 7684
SPS: 7683
SPS: 7687
SPS: 7686
SPS: 7688
SPS: 7688
SPS: 7691
SPS: 7690
SPS: 7693
SPS: 7693
SPS: 7692
SPS: 7691
SPS: 7693
SPS: 7692
SPS: 7694
SPS: 7694
SPS: 7695
SPS: 7695
SPS: 7695
SPS: 7695
SPS: 7697
SPS: 7697
SPS: 7699
SPS: 7699
SPS: 7700
SPS: 7700
SPS: 7702
SPS: 7701
SPS: 7704
SPS: 7703
SPS: 7704
SPS: 7704
SPS: 7705
SPS: 7704
SPS: 7706
SPS: 7706
SPS: 7708
SPS: 7707
SPS: 7706
SPS: 7706
SPS: 7708
SPS: 7707
SPS: 7709
SPS: 7708
SPS: 7709
SPS: 7709
SPS: 7709
SPS: 7709
SPS: 7710
SPS: 7710
SPS: 7712
SPS: 7711
SPS: 7712
SPS: 7712
SPS: 7712
SPS: 7712
SPS: 7713
SPS: 7713
SPS: 7714
SPS: 7714
SPS: 7713
SPS: 7713
SPS: 7714
SPS: 7714
SPS: 7715
SPS: 7715
SPS: 7715
SPS: 7715
SPS: 7713
SPS: 7713
SPS: 7714
SPS: 7714
SPS: 7715
SPS: 7715
SPS: 7715
SPS: 7714
SPS: 7714
SPS: 7714
SPS: 7716
SPS: 7715
SPS: 7717
SPS: 7716
SPS: 7717
SPS: 7717
SPS: 7718
SPS: 7718
SPS: 7719
SPS: 7719
SPS: 7720
SPS: 7720
SPS: 7720
SPS: 7720
SPS: 7721
SPS: 7720
SPS: 7722
SPS: 7721
SPS: 7722
SPS: 7722
SPS: 7723
SPS: 7723
SPS: 7724
SPS: 7724
SPS: 7725
SPS: 7725
SPS: 7725
SPS: 7725
SPS: 7726
SPS: 7726
SPS: 7727
SPS: 7726
SPS: 7727
SPS: 7727
SPS: 7728
SPS: 7728
SPS: 7729
SPS: 7728
SPS: 7729
SPS: 7729
SPS: 7730
SPS: 7729
SPS: 7730
SPS: 7730
SPS: 7731
SPS: 7731
SPS: 7731
SPS: 7731
SPS: 7732
SPS: 7731
SPS: 7732
SPS: 7732
SPS: 7733
SPS: 7732
SPS: 7733
SPS: 7733
SPS: 7733
SPS: 7733
SPS: 7733
SPS: 7733
SPS: 7733
SPS: 7733
SPS: 7733
SPS: 7733
SPS: 7733
SPS: 7732
SPS: 7733
SPS: 7733
SPS: 7733
SPS: 7733
SPS: 7732
SPS: 7732
SPS: 7732
SPS: 7732
SPS: 7732
SPS: 7732
SPS: 7732
SPS: 7732
SPS: 7730
SPS: 7730
SPS: 7731
SPS: 7730
SPS: 7731
SPS: 7731
SPS: 7731
SPS: 7731
SPS: 7730
SPS: 7730
SPS: 7730
SPS: 7730
SPS: 7730
SPS: 7729
SPS: 7728
SPS: 7728
SPS: 7729
SPS: 7728
SPS: 7729
SPS: 7729
SPS: 7729
SPS: 7728
SPS: 7727
SPS: 7727
SPS: 7727
SPS: 7727
SPS: 7727
SPS: 7727
SPS: 7726
SPS: 7725
SPS: 7726
SPS: 7726
Model saved to checkpoints/torch_scoreg_layout2/pop_ppo_3net_invisible/grid5_img3_ni2_nw4_ms30_comm_field100/seed2/agent_0_step_76800000.pt
Model saved to checkpoints/torch_scoreg_layout2/pop_ppo_3net_invisible/grid5_img3_ni2_nw4_ms30_comm_field100/seed2/agent_1_step_76800000.pt
Model saved to checkpoints/torch_scoreg_layout2/pop_ppo_3net_invisible/grid5_img3_ni2_nw4_ms30_comm_field100/seed2/agent_2_step_76800000.pt
SPS: 7726
SPS: 7726
SPS: 7724
SPS: 7724
SPS: 7724
SPS: 7723
SPS: 7724
SPS: 7724
SPS: 7724
SPS: 7724
SPS: 7724
SPS: 7724
SPS: 7723
SPS: 7722
SPS: 7723
SPS: 7722
SPS: 7723
SPS: 7722
SPS: 7722
SPS: 7721
SPS: 7722
SPS: 7721
SPS: 7722
SPS: 7721
SPS: 7720
SPS: 7720
SPS: 7719
SPS: 7719
SPS: 7719
SPS: 7719
SPS: 7719
SPS: 7718
SPS: 7717
SPS: 7717
SPS: 7717
SPS: 7717
SPS: 7717
SPS: 7717
SPS: 7715
SPS: 7715
SPS: 7714
SPS: 7714
SPS: 7714
SPS: 7714
SPS: 7714
SPS: 7713
SPS: 7712
SPS: 7711
SPS: 7712
SPS: 7712
SPS: 7712
SPS: 7712
SPS: 7712
SPS: 7712
SPS: 7711
SPS: 7711
SPS: 7711
SPS: 7711
SPS: 7710
SPS: 7710
SPS: 7709
SPS: 7708
SPS: 7708
SPS: 7708
SPS: 7708
SPS: 7708
SPS: 7708
SPS: 7708
SPS: 7707
SPS: 7707
SPS: 7707
SPS: 7707
SPS: 7707
SPS: 7707
SPS: 7707
SPS: 7707
SPS: 7707
SPS: 7707
SPS: 7707
SPS: 7707
SPS: 7705
SPS: 7705
SPS: 7705
SPS: 7704
SPS: 7704
SPS: 7704
SPS: 7704
SPS: 7704
SPS: 7703
SPS: 7703
SPS: 7703
SPS: 7703
SPS: 7703
SPS: 7703
SPS: 7702
SPS: 7702
SPS: 7701
SPS: 7701
SPS: 7701
SPS: 7701
SPS: 7701
SPS: 7701
SPS: 7700
SPS: 7700
SPS: 7699
SPS: 7699
SPS: 7699
SPS: 7699
SPS: 7699
SPS: 7699
SPS: 7699
SPS: 7698
SPS: 7698
SPS: 7698
SPS: 7698
SPS: 7698
SPS: 7697
SPS: 7696
SPS: 7696
SPS: 7695
SPS: 7695
SPS: 7695
SPS: 7695
SPS: 7695
SPS: 7694
SPS: 7694
SPS: 7694
SPS: 7694
SPS: 7694
SPS: 7694
SPS: 7693
SPS: 7693
SPS: 7692
SPS: 7692
SPS: 7692
SPS: 7692
SPS: 7692
SPS: 7692
SPS: 7692
SPS: 7692
SPS: 7691
SPS: 7691
SPS: 7691
SPS: 7691
SPS: 7691
SPS: 7691
SPS: 7690
SPS: 7690
SPS: 7689
SPS: 7688
SPS: 7688
SPS: 7688
SPS: 7688
SPS: 7688
SPS: 7687
SPS: 7687
SPS: 7686
SPS: 7686
SPS: 7686
SPS: 7686
SPS: 7686
SPS: 7686
SPS: 7685
SPS: 7685
SPS: 7685
SPS: 7685
SPS: 7685
SPS: 7685
SPS: 7684
SPS: 7684
SPS: 7684
SPS: 7684
SPS: 7684
SPS: 7684
SPS: 7684
SPS: 7684
SPS: 7682
SPS: 7681
SPS: 7682
SPS: 7681
SPS: 7682
SPS: 7682
SPS: 7682
SPS: 7681
SPS: 7680
SPS: 7680
SPS: 7680
SPS: 7680
Final model of network 0 saved to checkpoints/torch_scoreg_layout2/pop_ppo_3net_invisible/grid5_img3_ni2_nw4_ms30_comm_field100/seed2/agent_0_step_99993600.pt
Final model of network 1 saved to checkpoints/torch_scoreg_layout2/pop_ppo_3net_invisible/grid5_img3_ni2_nw4_ms30_comm_field100/seed2/agent_1_step_99993600.pt
Final model of network 2 saved to checkpoints/torch_scoreg_layout2/pop_ppo_3net_invisible/grid5_img3_ni2_nw4_ms30_comm_field100/seed2/agent_2_step_99993600.pt
/mnt/iusers01/fatpou01/compsci01/n70579mp/.conda/envs/habitat/lib/python3.9/site-packages/tyro/_parsers.py:353: UserWarning: The field `target-kl` is annotated with type `<class 'float'>`, but the default value `None` has type `<class 'NoneType'>`. We'll try to handle this gracefully, but it may cause unexpected behavior.
  warnings.warn(message)
wandb: Currently logged in as: maytusp to https://api.wandb.ai. Use `wandb login --relogin` to force relogin
wandb: setting up run kg3wn7ga
wandb: Tracking run with wandb version 0.23.1
wandb: Run data is saved locally in /net/scratch/n70579mp/emergent_language/foraging_game/wandb/run-20260504_190649-kg3wn7ga
wandb: Run `wandb offline` to turn off syncing.
wandb: Syncing run pop_ppo_3net_invisible/grid5_img3_ni2_nw4_ms30_comm_field100_seed3
wandb: ⭐️ View project at https://wandb.ai/maytusp/scoreg_layout2
wandb: 🚀 View run at https://wandb.ai/maytusp/scoreg_layout2/runs/kg3wn7ga
parsed seed: 3
run_name: pop_ppo_3net_invisible/grid5_img3_ni2_nw4_ms30_comm_field100_seed3
save_dir: checkpoints/torch_scoreg_layout2/pop_ppo_3net_invisible/grid5_img3_ni2_nw4_ms30_comm_field100/seed3/
[1;34mwandb[0m: 
[1;34mwandb[0m: 🚀 View run [33mpop_ppo_3net_invisible/grid5_img3_ni2_nw4_ms30_comm_field100_seed3[0m at: [34mhttps://wandb.ai/maytusp/scoreg_layout2/runs/kg3wn7ga[0m
[1;34mwandb[0m: Find logs at: [1;35m../../../../../../../../net/scratch/n70579mp/emergent_language/foraging_game/wandb/run-20260504_190649-kg3wn7ga/logs[0m
NUM PARAMS: 192246
NUM PARAMS: 192246
NUM PARAMS: 192246
SPS: 1329
SPS: 1326
SPS: 2408
SPS: 2404
SPS: 3288
SPS: 3284
SPS: 4018
SPS: 4012
SPS: 4634
SPS: 4629
SPS: 5159
SPS: 5153
SPS: 5615
SPS: 5609
SPS: 6010
SPS: 6004
SPS: 6353
SPS: 6347
SPS: 6637
SPS: 6632
SPS: 6902
SPS: 6896
SPS: 7134
SPS: 7128
SPS: 7333
SPS: 7328
SPS: 7519
SPS: 7514
SPS: 7688
SPS: 7683
SPS: 7836
SPS: 7831
SPS: 7976
SPS: 7971
SPS: 8093
SPS: 8088
SPS: 8208
SPS: 8202
SPS: 8309
SPS: 8305
SPS: 8399
SPS: 8395
SPS: 8488
SPS: 8484
SPS: 8569
SPS: 8565
SPS: 8642
SPS: 8638
SPS: 8712
SPS: 8708
SPS: 8772
SPS: 8768
SPS: 8833
SPS: 8829
SPS: 8888
SPS: 8884
SPS: 8935
SPS: 8931
SPS: 8981
SPS: 8976
SPS: 9011
SPS: 9008
SPS: 9055
SPS: 9052
SPS: 9095
SPS: 9092
SPS: 9110
SPS: 9106
SPS: 9110
SPS: 9106
SPS: 9131
SPS: 9128
SPS: 9163
SPS: 9160
SPS: 9191
SPS: 9187
SPS: 9199
SPS: 9195
SPS: 9212
SPS: 9209
SPS: 9233
SPS: 9230
SPS: 9258
SPS: 9256
SPS: 9268
SPS: 9265
SPS: 9270
SPS: 9267
SPS: 9284
SPS: 9282
SPS: 9304
SPS: 9302
SPS: 9323
SPS: 9321
SPS: 9339
SPS: 9337
SPS: 9341
SPS: 9338
SPS: 9352
SPS: 9350
SPS: 9365
SPS: 9363
SPS: 9382
SPS: 9380
SPS: 9384
SPS: 9382
SPS: 9394
SPS: 9392
SPS: 9403
SPS: 9401
SPS: 9411
SPS: 9409
SPS: 9422
SPS: 9420
SPS: 9413
SPS: 9410
SPS: 9392
SPS: 9390
SPS: 9398
SPS: 9396
SPS: 9405
SPS: 9403
SPS: 9412
SPS: 9410
SPS: 9415
SPS: 9413
SPS: 9421
SPS: 9419
SPS: 9424
SPS: 9422
SPS: 9428
SPS: 9426
SPS: 9425
SPS: 9423
SPS: 9427
SPS: 9425
SPS: 9429
SPS: 9428
SPS: 9427
SPS: 9425
SPS: 9428
SPS: 9427
SPS: 9426
SPS: 9425
SPS: 9426
SPS: 9424
SPS: 9420
SPS: 9419
SPS: 9415
SPS: 9414
SPS: 9409
SPS: 9407
SPS: 9405
SPS: 9403
SPS: 9401
SPS: 9400
SPS: 9395
SPS: 9394
SPS: 9391
SPS: 9390
SPS: 9385
SPS: 9383
SPS: 9381
SPS: 9379
SPS: 9376
SPS: 9375
SPS: 9370
SPS: 9369
SPS: 9362
SPS: 9361
SPS: 9357
SPS: 9356
SPS: 9348
SPS: 9347
SPS: 9341
SPS: 9340
SPS: 9333
SPS: 9331
SPS: 9324
SPS: 9323
SPS: 9314
SPS: 9313
SPS: 9305
SPS: 9303
SPS: 9293
SPS: 9292
SPS: 9282
SPS: 9281
SPS: 9273
SPS: 9272
SPS: 9256
SPS: 9254
SPS: 9243
SPS: 9242
SPS: 9232
SPS: 9231
SPS: 9218
SPS: 9216
SPS: 9198
SPS: 9197
SPS: 9186
SPS: 9185
SPS: 9176
SPS: 9175
SPS: 9165
SPS: 9164
SPS: 9154
SPS: 9153
Model saved to checkpoints/torch_scoreg_layout2/pop_ppo_3net_invisible/grid5_img3_ni2_nw4_ms30_comm_field100/seed3/agent_0_step_25600000.pt
Model saved to checkpoints/torch_scoreg_layout2/pop_ppo_3net_invisible/grid5_img3_ni2_nw4_ms30_comm_field100/seed3/agent_1_step_25600000.pt
Model saved to checkpoints/torch_scoreg_layout2/pop_ppo_3net_invisible/grid5_img3_ni2_nw4_ms30_comm_field100/seed3/agent_2_step_25600000.pt
SPS: 9122
SPS: 9121
SPS: 9112
SPS: 9111
SPS: 9100
SPS: 9099
SPS: 9090
SPS: 9089
SPS: 9078
SPS: 9077
SPS: 9067
SPS: 9066
SPS: 9056
SPS: 9055
SPS: 9045
SPS: 9044
SPS: 9024
SPS: 9023
SPS: 9013
SPS: 9013
SPS: 9001
SPS: 9001
SPS: 8991
SPS: 8990
SPS: 8979
SPS: 8978
SPS: 8969
SPS: 8968
SPS: 8957
SPS: 8956
SPS: 8947
SPS: 8946
SPS: 8935
SPS: 8934
SPS: 8924
SPS: 8923
SPS: 8912
SPS: 8911
SPS: 8901
SPS: 8900
SPS: 8891
SPS: 8890
SPS: 8881
SPS: 8880
SPS: 8871
SPS: 8870
SPS: 8861
SPS: 8860
SPS: 8849
SPS: 8848
SPS: 8838
SPS: 8838
SPS: 8829
SPS: 8828
SPS: 8818
SPS: 8818
SPS: 8808
SPS: 8807
SPS: 8797
SPS: 8796
SPS: 8787
SPS: 8786
SPS: 8776
SPS: 8776
SPS: 8767
SPS: 8767
SPS: 8758
SPS: 8757
SPS: 8749
SPS: 8748
SPS: 8739
SPS: 8739
SPS: 8731
SPS: 8730
SPS: 8722
SPS: 8721
SPS: 8713
SPS: 8712
SPS: 8704
SPS: 8704
SPS: 8695
SPS: 8694
SPS: 8687
SPS: 8686
SPS: 8677
SPS: 8677
SPS: 8669
SPS: 8668
SPS: 8660
SPS: 8659
SPS: 8651
SPS: 8650
SPS: 8642
SPS: 8641
SPS: 8634
SPS: 8633
SPS: 8625
SPS: 8624
SPS: 8617
SPS: 8616
SPS: 8608
SPS: 8608
SPS: 8600
SPS: 8599
SPS: 8591
SPS: 8590
SPS: 8582
SPS: 8582
SPS: 8574
SPS: 8573
SPS: 8563
SPS: 8562
SPS: 8555
SPS: 8554
SPS: 8547
SPS: 8546
SPS: 8539
SPS: 8538
SPS: 8531
SPS: 8530
SPS: 8523
SPS: 8522
SPS: 8515
SPS: 8514
SPS: 8505
SPS: 8504
SPS: 8494
SPS: 8494
SPS: 8487
SPS: 8486
SPS: 8480
SPS: 8479
SPS: 8473
SPS: 8472
SPS: 8465
SPS: 8465
SPS: 8458
SPS: 8457
SPS: 8450
SPS: 8449
SPS: 8442
SPS: 8442
SPS: 8435
SPS: 8435
SPS: 8428
SPS: 8427
SPS: 8421
SPS: 8420
SPS: 8414
SPS: 8413
SPS: 8407
SPS: 8406
SPS: 8389
SPS: 8388
SPS: 8382
SPS: 8381
SPS: 8375
SPS: 8374
SPS: 8368
SPS: 8367
SPS: 8361
SPS: 8360
SPS: 8355
SPS: 8354
SPS: 8347
SPS: 8347
SPS: 8340
SPS: 8340
SPS: 8334
SPS: 8333
SPS: 8325
SPS: 8324
SPS: 8317
SPS: 8316
SPS: 8310
SPS: 8310
SPS: 8302
SPS: 8302
SPS: 8294
SPS: 8294
SPS: 8288
SPS: 8288
SPS: 8280
SPS: 8280
SPS: 8269
SPS: 8269
SPS: 8261
SPS: 8261
SPS: 8254
SPS: 8254
SPS: 8241
SPS: 8241
SPS: 8235
SPS: 8235
SPS: 8228
SPS: 8228
SPS: 8208
SPS: 8207
[Food Spawn Schedule] global_step=50012160: food_spawn_on_agent_cells False -> True
SPS: 8208
SPS: 8208
SPS: 8216
SPS: 8216
SPS: 8220
SPS: 8220
SPS: 8224
SPS: 8224
SPS: 8230
SPS: 8229
Model saved to checkpoints/torch_scoreg_layout2/pop_ppo_3net_invisible/grid5_img3_ni2_nw4_ms30_comm_field100/seed3/agent_0_step_51200000.pt
Model saved to checkpoints/torch_scoreg_layout2/pop_ppo_3net_invisible/grid5_img3_ni2_nw4_ms30_comm_field100/seed3/agent_1_step_51200000.pt
Model saved to checkpoints/torch_scoreg_layout2/pop_ppo_3net_invisible/grid5_img3_ni2_nw4_ms30_comm_field100/seed3/agent_2_step_51200000.pt
SPS: 8234
SPS: 8234
SPS: 8226
SPS: 8226
SPS: 8226
SPS: 8225
SPS: 8228
SPS: 8228
SPS: 8221
SPS: 8220
SPS: 8221
SPS: 8221
SPS: 8221
SPS: 8221
SPS: 8224
SPS: 8223
SPS: 8217
SPS: 8217
SPS: 8218
SPS: 8218
SPS: 8218
SPS: 8218
SPS: 8220
SPS: 8219
SPS: 8221
SPS: 8221
SPS: 8212
SPS: 8212
SPS: 8213
SPS: 8213
SPS: 8205
SPS: 8205
SPS: 8197
SPS: 8197
SPS: 8195
SPS: 8194
SPS: 8195
SPS: 8195
SPS: 8196
SPS: 8196
SPS: 8196
SPS: 8196
SPS: 8185
SPS: 8185
SPS: 8186
SPS: 8186
SPS: 8186
SPS: 8186
SPS: 8187
SPS: 8186
SPS: 8187
SPS: 8186
SPS: 8187
SPS: 8187
SPS: 8187
SPS: 8187
SPS: 8188
SPS: 8188
SPS: 8189
SPS: 8188
SPS: 8189
SPS: 8188
SPS: 8189
SPS: 8189
SPS: 8173
SPS: 8172
SPS: 8173
SPS: 8172
SPS: 8171
SPS: 8171
SPS: 8171
SPS: 8171
SPS: 8165
SPS: 8165
SPS: 8163
SPS: 8163
SPS: 8164
SPS: 8163
SPS: 8163
SPS: 8162
SPS: 8163
SPS: 8163
SPS: 8162
SPS: 8161
SPS: 8159
SPS: 8159
SPS: 8159
SPS: 8159
SPS: 8159
SPS: 8159
SPS: 8158
SPS: 8157
SPS: 8158
SPS: 8157
SPS: 8158
SPS: 8157
SPS: 8143
SPS: 8142
SPS: 8141
SPS: 8141
SPS: 8140
SPS: 8140
SPS: 8140
SPS: 8140
SPS: 8137
SPS: 8136
SPS: 8133
SPS: 8132
SPS: 8123
SPS: 8123
SPS: 8123
SPS: 8123
SPS: 8122
SPS: 8122
SPS: 8122
SPS: 8122
SPS: 8122
SPS: 8122
SPS: 8115
SPS: 8115
SPS: 8116
SPS: 8115
SPS: 8115
SPS: 8115
SPS: 8116
SPS: 8115
SPS: 8115
SPS: 8115
SPS: 8115
SPS: 8115
SPS: 8115
SPS: 8115
SPS: 8115
SPS: 8115
SPS: 8115
SPS: 8114
SPS: 8115
SPS: 8115
SPS: 8115
SPS: 8114
SPS: 8114
SPS: 8113
SPS: 8113
SPS: 8113
SPS: 8113
SPS: 8113
SPS: 8113
SPS: 8112
SPS: 8113
SPS: 8112
SPS: 8113
SPS: 8112
SPS: 8113
SPS: 8112
SPS: 8112
SPS: 8112
SPS: 8113
SPS: 8112
SPS: 8112
SPS: 8112
SPS: 8112
SPS: 8112
SPS: 8111
SPS: 8111
SPS: 8111
SPS: 8110
SPS: 8110
SPS: 8110
SPS: 8110
SPS: 8109
SPS: 8107
SPS: 8106
SPS: 8106
SPS: 8105
SPS: 8105
SPS: 8105
SPS: 8104
SPS: 8104
SPS: 8101
SPS: 8101
SPS: 8101
SPS: 8100
SPS: 8101
SPS: 8100
SPS: 8099
SPS: 8098
SPS: 8098
SPS: 8098
SPS: 8098
SPS: 8098
SPS: 8097
SPS: 8096
SPS: 8095
SPS: 8095
SPS: 8095
SPS: 8095
SPS: 8094
SPS: 8094
SPS: 8093
SPS: 8093
SPS: 8092
SPS: 8092
SPS: 8091
SPS: 8091
SPS: 8090
SPS: 8090
SPS: 8089
SPS: 8088
Model saved to checkpoints/torch_scoreg_layout2/pop_ppo_3net_invisible/grid5_img3_ni2_nw4_ms30_comm_field100/seed3/agent_0_step_76800000.pt
Model saved to checkpoints/torch_scoreg_layout2/pop_ppo_3net_invisible/grid5_img3_ni2_nw4_ms30_comm_field100/seed3/agent_1_step_76800000.pt
Model saved to checkpoints/torch_scoreg_layout2/pop_ppo_3net_invisible/grid5_img3_ni2_nw4_ms30_comm_field100/seed3/agent_2_step_76800000.pt
SPS: 8088
SPS: 8088
SPS: 8088
SPS: 8088
SPS: 8087
SPS: 8087
SPS: 8081
SPS: 8080
SPS: 8081
SPS: 8080
SPS: 8080
SPS: 8080
SPS: 8080
SPS: 8079
SPS: 8075
SPS: 8075
SPS: 8075
SPS: 8074
SPS: 8069
SPS: 8069
SPS: 8058
SPS: 8057
SPS: 8057
SPS: 8057
SPS: 8052
SPS: 8052
SPS: 8051
SPS: 8051
SPS: 8049
SPS: 8049
SPS: 8040
SPS: 8040
SPS: 8040
SPS: 8040
SPS: 8039
SPS: 8038
SPS: 8038
SPS: 8038
SPS: 8038
SPS: 8038
SPS: 8030
SPS: 8029
SPS: 8029
SPS: 8029
SPS: 8011
SPS: 8010
SPS: 8011
SPS: 8011
SPS: 8011
SPS: 8011
SPS: 8011
SPS: 8011
SPS: 8011
SPS: 8011
SPS: 8011
SPS: 8011
SPS: 8011
SPS: 8010
SPS: 8010
SPS: 8010
SPS: 8010
SPS: 8010
SPS: 8010
SPS: 8010
SPS: 8010
SPS: 8009
SPS: 8010
SPS: 8009
SPS: 8002
SPS: 8001
SPS: 8001
SPS: 8001
SPS: 8001
SPS: 8001
SPS: 8001
SPS: 8001
SPS: 7996
SPS: 7996
SPS: 7996
SPS: 7995
SPS: 7996
SPS: 7996
SPS: 7995
SPS: 7994
SPS: 7993
SPS: 7993
SPS: 7993
SPS: 7992
SPS: 7992
SPS: 7991
SPS: 7991
SPS: 7991
SPS: 7982
SPS: 7982
SPS: 7982
SPS: 7982
SPS: 7979
SPS: 7979
SPS: 7978
SPS: 7978
SPS: 7978
SPS: 7978
SPS: 7977
SPS: 7976
SPS: 7964
SPS: 7963
SPS: 7964
SPS: 7963
SPS: 7963
SPS: 7963
SPS: 7962
SPS: 7962
SPS: 7962
SPS: 7962
SPS: 7962
SPS: 7961
SPS: 7961
SPS: 7961
SPS: 7959
SPS: 7958
SPS: 7959
SPS: 7958
SPS: 7959
SPS: 7958
SPS: 7958
SPS: 7958
SPS: 7951
SPS: 7951
SPS: 7951
SPS: 7951
SPS: 7951
SPS: 7951
SPS: 7951
SPS: 7951
SPS: 7950
SPS: 7950
SPS: 7950
SPS: 7950
SPS: 7950
SPS: 7950
SPS: 7948
SPS: 7948
SPS: 7947
SPS: 7947
SPS: 7937
SPS: 7937
SPS: 7936
SPS: 7936
SPS: 7936
SPS: 7936
SPS: 7936
SPS: 7936
SPS: 7935
SPS: 7934
SPS: 7934
SPS: 7933
SPS: 7934
SPS: 7933
SPS: 7934
SPS: 7933
SPS: 7932
SPS: 7932
SPS: 7932
SPS: 7931
SPS: 7932
SPS: 7931
SPS: 7931
SPS: 7930
SPS: 7931
SPS: 7931
SPS: 7931
SPS: 7930
SPS: 7930
SPS: 7930
SPS: 7929
SPS: 7929
SPS: 7929
SPS: 7929
SPS: 7929
SPS: 7929
SPS: 7928
SPS: 7928
SPS: 7928
SPS: 7928
SPS: 7928
SPS: 7928
SPS: 7928
SPS: 7928
Final model of network 0 saved to checkpoints/torch_scoreg_layout2/pop_ppo_3net_invisible/grid5_img3_ni2_nw4_ms30_comm_field100/seed3/agent_0_step_99993600.pt
Final model of network 1 saved to checkpoints/torch_scoreg_layout2/pop_ppo_3net_invisible/grid5_img3_ni2_nw4_ms30_comm_field100/seed3/agent_1_step_99993600.pt
Final model of network 2 saved to checkpoints/torch_scoreg_layout2/pop_ppo_3net_invisible/grid5_img3_ni2_nw4_ms30_comm_field100/seed3/agent_2_step_99993600.pt
