Script directory: /mnt/iusers01/fatpou01/compsci01/n70579mp/scratch/emergent_language/foraging_game
/mnt/iusers01/fatpou01/compsci01/n70579mp/.conda/envs/habitat/lib/python3.9/site-packages/tyro/_parsers.py:353: UserWarning: The field `target-kl` is annotated with type `<class 'float'>`, but the default value `None` has type `<class 'NoneType'>`. We'll try to handle this gracefully, but it may cause unexpected behavior.
  warnings.warn(message)
wandb: Currently logged in as: maytusp to https://api.wandb.ai. Use `wandb login --relogin` to force relogin
wandb: Tracking run with wandb version 0.23.1
wandb: Run data is saved locally in /net/scratch/n70579mp/emergent_language/foraging_game/wandb/run-20260504_112349-bjse2msp
wandb: Run `wandb offline` to turn off syncing.
wandb: Syncing run sp_pop_ppo_3net_invisible/grid5_img3_ni2_nw4_ms30_comm_field100_seed1
wandb: ⭐️ View project at https://wandb.ai/maytusp/scoreg_layout2
wandb: 🚀 View run at https://wandb.ai/maytusp/scoreg_layout2/runs/bjse2msp
parsed seed: 1
run_name: sp_pop_ppo_3net_invisible/grid5_img3_ni2_nw4_ms30_comm_field100_seed1
save_dir: checkpoints/torch_scoreg_layout2/sp_pop_ppo_3net_invisible/grid5_img3_ni2_nw4_ms30_comm_field100/seed1/
[1;34mwandb[0m: 
[1;34mwandb[0m: 🚀 View run [33msp_pop_ppo_3net_invisible/grid5_img3_ni2_nw4_ms30_comm_field100_seed1[0m at: [34mhttps://wandb.ai/maytusp/scoreg_layout2/runs/bjse2msp[0m
[1;34mwandb[0m: Find logs at: [1;35m../../../../../../../../net/scratch/n70579mp/emergent_language/foraging_game/wandb/run-20260504_112349-bjse2msp/logs[0m
NUM PARAMS: 192246
NUM PARAMS: 192246
NUM PARAMS: 192246
SPS: 913
SPS: 912
SPS: 1748
SPS: 1747
SPS: 2514
SPS: 2513
SPS: 3219
SPS: 3217
SPS: 3870
SPS: 3867
SPS: 4473
SPS: 4471
SPS: 5033
SPS: 5030
SPS: 5552
SPS: 5549
SPS: 6035
SPS: 6032
SPS: 6484
SPS: 6481
SPS: 6902
SPS: 6899
SPS: 7286
SPS: 7283
SPS: 7637
SPS: 7632
SPS: 7965
SPS: 7962
SPS: 8284
SPS: 8281
SPS: 8586
SPS: 8582
SPS: 8870
SPS: 8866
SPS: 9140
SPS: 9136
SPS: 9395
SPS: 9392
SPS: 9636
SPS: 9633
SPS: 9864
SPS: 9861
SPS: 10080
SPS: 10077
SPS: 10283
SPS: 10280
SPS: 10475
SPS: 10472
SPS: 10652
SPS: 10649
SPS: 10813
SPS: 10809
SPS: 10961
SPS: 10957
SPS: 11114
SPS: 11111
SPS: 11264
SPS: 11261
SPS: 11406
SPS: 11402
SPS: 11539
SPS: 11536
SPS: 11670
SPS: 11667
SPS: 11794
SPS: 11791
SPS: 11914
SPS: 11910
SPS: 12027
SPS: 12024
SPS: 12138
SPS: 12135
SPS: 12243
SPS: 12240
SPS: 12337
SPS: 12333
SPS: 12421
SPS: 12418
SPS: 12506
SPS: 12503
SPS: 12595
SPS: 12592
SPS: 12681
SPS: 12679
SPS: 12765
SPS: 12762
SPS: 12844
SPS: 12841
SPS: 12918
SPS: 12915
SPS: 12991
SPS: 12988
SPS: 13060
SPS: 13057
SPS: 13127
SPS: 13124
SPS: 13192
SPS: 13189
SPS: 13249
SPS: 13246
SPS: 13296
SPS: 13294
SPS: 13343
SPS: 13340
SPS: 13395
SPS: 13392
SPS: 13449
SPS: 13447
SPS: 13502
SPS: 13499
SPS: 13551
SPS: 13549
SPS: 13597
SPS: 13595
SPS: 13644
SPS: 13641
SPS: 13687
SPS: 13685
SPS: 13730
SPS: 13728
SPS: 13770
SPS: 13768
SPS: 13808
SPS: 13805
SPS: 13837
SPS: 13835
SPS: 13863
SPS: 13861
SPS: 13893
SPS: 13891
SPS: 13924
SPS: 13922
SPS: 13954
SPS: 13952
SPS: 13984
SPS: 13982
SPS: 14013
SPS: 14011
SPS: 14035
SPS: 14033
SPS: 14059
SPS: 14057
SPS: 14081
SPS: 14079
SPS: 14103
SPS: 14101
SPS: 14117
SPS: 14115
SPS: 14130
SPS: 14128
SPS: 14140
SPS: 14138
SPS: 14157
SPS: 14155
SPS: 14175
SPS: 14173
SPS: 14189
SPS: 14187
SPS: 14204
SPS: 14202
SPS: 14217
SPS: 14215
SPS: 14229
SPS: 14227
SPS: 14239
SPS: 14237
SPS: 14247
SPS: 14245
SPS: 14252
SPS: 14250
SPS: 14252
SPS: 14250
SPS: 14254
SPS: 14252
SPS: 14261
SPS: 14259
SPS: 14267
SPS: 14266
SPS: 14273
SPS: 14271
SPS: 14278
SPS: 14276
SPS: 14283
SPS: 14282
SPS: 14288
SPS: 14286
SPS: 14292
SPS: 14290
SPS: 14293
SPS: 14291
SPS: 14289
SPS: 14287
SPS: 14286
SPS: 14284
SPS: 14287
SPS: 14285
SPS: 14287
SPS: 14285
SPS: 14286
SPS: 14285
SPS: 14287
SPS: 14285
SPS: 14287
SPS: 14286
SPS: 14287
SPS: 14285
SPS: 14287
SPS: 14285
Model saved to checkpoints/torch_scoreg_layout2/sp_pop_ppo_3net_invisible/grid5_img3_ni2_nw4_ms30_comm_field100/seed1/agent_0_step_25600000.pt
Model saved to checkpoints/torch_scoreg_layout2/sp_pop_ppo_3net_invisible/grid5_img3_ni2_nw4_ms30_comm_field100/seed1/agent_1_step_25600000.pt
Model saved to checkpoints/torch_scoreg_layout2/sp_pop_ppo_3net_invisible/grid5_img3_ni2_nw4_ms30_comm_field100/seed1/agent_2_step_25600000.pt
SPS: 14285
SPS: 14283
SPS: 14277
SPS: 14275
SPS: 14272
SPS: 14270
SPS: 14270
SPS: 14269
SPS: 14267
SPS: 14266
SPS: 14264
SPS: 14262
SPS: 14260
SPS: 14259
SPS: 14256
SPS: 14255
SPS: 14252
SPS: 14251
SPS: 14249
SPS: 14247
SPS: 14243
SPS: 14242
SPS: 14234
SPS: 14232
SPS: 14226
SPS: 14225
SPS: 14223
SPS: 14221
SPS: 14218
SPS: 14217
SPS: 14215
SPS: 14214
SPS: 14211
SPS: 14210
SPS: 14206
SPS: 14205
SPS: 14203
SPS: 14202
SPS: 14199
SPS: 14197
SPS: 14190
SPS: 14189
SPS: 14181
SPS: 14180
SPS: 14177
SPS: 14176
SPS: 14172
SPS: 14171
SPS: 14168
SPS: 14167
SPS: 14163
SPS: 14162
SPS: 14158
SPS: 14157
SPS: 14153
SPS: 14152
SPS: 14148
SPS: 14147
SPS: 14141
SPS: 14140
SPS: 14132
SPS: 14131
SPS: 14124
SPS: 14123
SPS: 14119
SPS: 14118
SPS: 14112
SPS: 14111
SPS: 14106
SPS: 14105
SPS: 14100
SPS: 14099
SPS: 14095
SPS: 14094
SPS: 14089
SPS: 14088
SPS: 14082
SPS: 14081
SPS: 14073
SPS: 14072
SPS: 14064
SPS: 14063
SPS: 14058
SPS: 14057
SPS: 14052
SPS: 14051
SPS: 14047
SPS: 14046
SPS: 14041
SPS: 14040
SPS: 14036
SPS: 14035
SPS: 14030
SPS: 14029
SPS: 14023
SPS: 14022
SPS: 14014
SPS: 14013
SPS: 14003
SPS: 14002
SPS: 13994
SPS: 13993
SPS: 13989
SPS: 13988
SPS: 13982
SPS: 13981
SPS: 13977
SPS: 13976
SPS: 13971
SPS: 13971
SPS: 13966
SPS: 13965
SPS: 13960
SPS: 13959
SPS: 13955
SPS: 13954
SPS: 13946
SPS: 13945
SPS: 13937
SPS: 13936
SPS: 13931
SPS: 13930
SPS: 13926
SPS: 13925
SPS: 13919
SPS: 13919
SPS: 13914
SPS: 13913
SPS: 13908
SPS: 13907
SPS: 13902
SPS: 13902
SPS: 13896
SPS: 13895
SPS: 13888
SPS: 13887
SPS: 13879
SPS: 13878
SPS: 13870
SPS: 13869
SPS: 13864
SPS: 13863
SPS: 13858
SPS: 13857
SPS: 13852
SPS: 13851
SPS: 13846
SPS: 13845
SPS: 13840
SPS: 13839
SPS: 13834
SPS: 13833
SPS: 13827
SPS: 13826
SPS: 13818
SPS: 13818
SPS: 13811
SPS: 13811
SPS: 13806
SPS: 13805
SPS: 13800
SPS: 13799
SPS: 13794
SPS: 13793
SPS: 13788
SPS: 13787
SPS: 13782
SPS: 13781
SPS: 13776
SPS: 13775
SPS: 13769
SPS: 13768
SPS: 13760
SPS: 13759
SPS: 13752
SPS: 13751
SPS: 13746
SPS: 13745
SPS: 13740
SPS: 13739
SPS: 13734
SPS: 13734
SPS: 13729
SPS: 13728
SPS: 13723
SPS: 13722
SPS: 13717
SPS: 13717
SPS: 13710
SPS: 13710
SPS: 13702
SPS: 13701
SPS: 13694
SPS: 13694
SPS: 13689
SPS: 13689
SPS: 13684
SPS: 13684
[Food Spawn Schedule] global_step=50012160: food_spawn_on_agent_cells False -> True
SPS: 13689
SPS: 13688
SPS: 13703
SPS: 13702
SPS: 13713
SPS: 13713
SPS: 13723
SPS: 13723
SPS: 13731
SPS: 13731
Model saved to checkpoints/torch_scoreg_layout2/sp_pop_ppo_3net_invisible/grid5_img3_ni2_nw4_ms30_comm_field100/seed1/agent_0_step_51200000.pt
Model saved to checkpoints/torch_scoreg_layout2/sp_pop_ppo_3net_invisible/grid5_img3_ni2_nw4_ms30_comm_field100/seed1/agent_1_step_51200000.pt
Model saved to checkpoints/torch_scoreg_layout2/sp_pop_ppo_3net_invisible/grid5_img3_ni2_nw4_ms30_comm_field100/seed1/agent_2_step_51200000.pt
SPS: 13739
SPS: 13739
SPS: 13745
SPS: 13744
SPS: 13749
SPS: 13748
SPS: 13753
SPS: 13752
SPS: 13758
SPS: 13758
SPS: 13764
SPS: 13764
SPS: 13769
SPS: 13769
SPS: 13775
SPS: 13774
SPS: 13780
SPS: 13779
SPS: 13784
SPS: 13784
SPS: 13789
SPS: 13788
SPS: 13792
SPS: 13791
SPS: 13793
SPS: 13793
SPS: 13794
SPS: 13793
SPS: 13795
SPS: 13794
SPS: 13798
SPS: 13797
SPS: 13801
SPS: 13801
SPS: 13805
SPS: 13804
SPS: 13809
SPS: 13808
SPS: 13812
SPS: 13811
SPS: 13814
SPS: 13813
SPS: 13817
SPS: 13816
SPS: 13818
SPS: 13818
SPS: 13818
SPS: 13818
SPS: 13819
SPS: 13818
SPS: 13821
SPS: 13821
SPS: 13824
SPS: 13823
SPS: 13826
SPS: 13826
SPS: 13829
SPS: 13828
SPS: 13831
SPS: 13830
SPS: 13833
SPS: 13832
SPS: 13835
SPS: 13834
SPS: 13835
SPS: 13835
SPS: 13835
SPS: 13834
SPS: 13834
SPS: 13833
SPS: 13836
SPS: 13835
SPS: 13837
SPS: 13837
SPS: 13839
SPS: 13838
SPS: 13841
SPS: 13841
SPS: 13843
SPS: 13842
SPS: 13845
SPS: 13845
SPS: 13847
SPS: 13847
SPS: 13849
SPS: 13849
SPS: 13849
SPS: 13848
SPS: 13848
SPS: 13848
SPS: 13848
SPS: 13848
SPS: 13850
SPS: 13850
SPS: 13852
SPS: 13852
SPS: 13854
SPS: 13854
SPS: 13856
SPS: 13855
SPS: 13858
SPS: 13857
SPS: 13859
SPS: 13858
SPS: 13860
SPS: 13860
SPS: 13861
SPS: 13860
SPS: 13860
SPS: 13860
SPS: 13860
SPS: 13859
SPS: 13861
SPS: 13860
SPS: 13863
SPS: 13862
SPS: 13863
SPS: 13863
SPS: 13865
SPS: 13864
SPS: 13866
SPS: 13866
SPS: 13868
SPS: 13867
SPS: 13870
SPS: 13869
SPS: 13871
SPS: 13870
SPS: 13871
SPS: 13870
SPS: 13870
SPS: 13870
SPS: 13872
SPS: 13871
SPS: 13874
SPS: 13873
SPS: 13875
SPS: 13875
SPS: 13877
SPS: 13877
SPS: 13879
SPS: 13878
SPS: 13880
SPS: 13880
SPS: 13882
SPS: 13881
SPS: 13883
SPS: 13883
SPS: 13883
SPS: 13883
SPS: 13882
SPS: 13882
SPS: 13882
SPS: 13882
SPS: 13884
SPS: 13883
SPS: 13885
SPS: 13885
SPS: 13887
SPS: 13886
SPS: 13889
SPS: 13888
SPS: 13890
SPS: 13889
SPS: 13891
SPS: 13891
SPS: 13893
SPS: 13892
SPS: 13894
SPS: 13893
SPS: 13893
SPS: 13893
SPS: 13893
SPS: 13892
SPS: 13894
SPS: 13894
SPS: 13896
SPS: 13895
SPS: 13897
SPS: 13897
SPS: 13899
SPS: 13898
SPS: 13900
SPS: 13900
SPS: 13902
SPS: 13901
SPS: 13903
SPS: 13903
SPS: 13904
SPS: 13904
SPS: 13905
SPS: 13904
SPS: 13904
SPS: 13904
SPS: 13904
SPS: 13904
SPS: 13906
SPS: 13905
SPS: 13907
SPS: 13906
SPS: 13908
SPS: 13908
SPS: 13910
SPS: 13909
SPS: 13911
SPS: 13910
SPS: 13912
SPS: 13912
Model saved to checkpoints/torch_scoreg_layout2/sp_pop_ppo_3net_invisible/grid5_img3_ni2_nw4_ms30_comm_field100/seed1/agent_0_step_76800000.pt
Model saved to checkpoints/torch_scoreg_layout2/sp_pop_ppo_3net_invisible/grid5_img3_ni2_nw4_ms30_comm_field100/seed1/agent_1_step_76800000.pt
Model saved to checkpoints/torch_scoreg_layout2/sp_pop_ppo_3net_invisible/grid5_img3_ni2_nw4_ms30_comm_field100/seed1/agent_2_step_76800000.pt
SPS: 13913
SPS: 13913
SPS: 13914
SPS: 13914
SPS: 13914
SPS: 13913
SPS: 13913
SPS: 13913
SPS: 13913
SPS: 13913
SPS: 13914
SPS: 13914
SPS: 13916
SPS: 13915
SPS: 13917
SPS: 13917
SPS: 13918
SPS: 13918
SPS: 13920
SPS: 13919
SPS: 13921
SPS: 13921
SPS: 13922
SPS: 13922
SPS: 13923
SPS: 13922
SPS: 13922
SPS: 13922
SPS: 13921
SPS: 13921
SPS: 13922
SPS: 13921
SPS: 13922
SPS: 13922
SPS: 13923
SPS: 13923
SPS: 13925
SPS: 13924
SPS: 13926
SPS: 13926
SPS: 13927
SPS: 13927
SPS: 13928
SPS: 13928
SPS: 13929
SPS: 13929
SPS: 13929
SPS: 13928
SPS: 13928
SPS: 13928
SPS: 13929
SPS: 13929
SPS: 13931
SPS: 13930
SPS: 13931
SPS: 13931
SPS: 13932
SPS: 13932
SPS: 13933
SPS: 13933
SPS: 13934
SPS: 13934
SPS: 13935
SPS: 13935
SPS: 13936
SPS: 13936
SPS: 13936
SPS: 13935
SPS: 13935
SPS: 13934
SPS: 13935
SPS: 13935
SPS: 13935
SPS: 13935
SPS: 13936
SPS: 13935
SPS: 13936
SPS: 13936
SPS: 13937
SPS: 13937
SPS: 13938
SPS: 13937
SPS: 13938
SPS: 13938
SPS: 13939
SPS: 13939
SPS: 13939
SPS: 13938
SPS: 13938
SPS: 13937
SPS: 13938
SPS: 13938
SPS: 13939
SPS: 13938
SPS: 13940
SPS: 13939
SPS: 13940
SPS: 13940
SPS: 13941
SPS: 13940
SPS: 13941
SPS: 13941
SPS: 13942
SPS: 13942
SPS: 13943
SPS: 13942
SPS: 13942
SPS: 13942
SPS: 13941
SPS: 13941
SPS: 13941
SPS: 13941
SPS: 13942
SPS: 13942
SPS: 13943
SPS: 13942
SPS: 13943
SPS: 13943
SPS: 13944
SPS: 13944
SPS: 13945
SPS: 13944
SPS: 13945
SPS: 13945
SPS: 13946
SPS: 13946
SPS: 13945
SPS: 13945
SPS: 13945
SPS: 13944
SPS: 13945
SPS: 13944
SPS: 13945
SPS: 13945
SPS: 13946
SPS: 13946
SPS: 13947
SPS: 13946
SPS: 13948
SPS: 13947
SPS: 13948
SPS: 13948
SPS: 13949
SPS: 13949
SPS: 13950
SPS: 13950
SPS: 13950
SPS: 13950
SPS: 13949
SPS: 13949
SPS: 13949
SPS: 13949
SPS: 13950
SPS: 13949
SPS: 13950
SPS: 13950
SPS: 13951
SPS: 13951
SPS: 13952
SPS: 13951
SPS: 13953
SPS: 13952
SPS: 13953
SPS: 13953
SPS: 13954
SPS: 13953
SPS: 13954
SPS: 13954
SPS: 13954
SPS: 13954
SPS: 13953
SPS: 13953
SPS: 13953
SPS: 13952
SPS: 13954
SPS: 13953
SPS: 13954
SPS: 13954
SPS: 13955
SPS: 13955
SPS: 13956
SPS: 13955
SPS: 13956
SPS: 13956
SPS: 13957
SPS: 13956
SPS: 13957
SPS: 13957
Final model of network 0 saved to checkpoints/torch_scoreg_layout2/sp_pop_ppo_3net_invisible/grid5_img3_ni2_nw4_ms30_comm_field100/seed1/agent_0_step_99993600.pt
Final model of network 1 saved to checkpoints/torch_scoreg_layout2/sp_pop_ppo_3net_invisible/grid5_img3_ni2_nw4_ms30_comm_field100/seed1/agent_1_step_99993600.pt
Final model of network 2 saved to checkpoints/torch_scoreg_layout2/sp_pop_ppo_3net_invisible/grid5_img3_ni2_nw4_ms30_comm_field100/seed1/agent_2_step_99993600.pt
/mnt/iusers01/fatpou01/compsci01/n70579mp/.conda/envs/habitat/lib/python3.9/site-packages/tyro/_parsers.py:353: UserWarning: The field `target-kl` is annotated with type `<class 'float'>`, but the default value `None` has type `<class 'NoneType'>`. We'll try to handle this gracefully, but it may cause unexpected behavior.
  warnings.warn(message)
wandb: Currently logged in as: maytusp to https://api.wandb.ai. Use `wandb login --relogin` to force relogin
wandb: setting up run 5584tb5i
wandb: Tracking run with wandb version 0.23.1
wandb: Run data is saved locally in /net/scratch/n70579mp/emergent_language/foraging_game/wandb/run-20260504_133205-5584tb5i
wandb: Run `wandb offline` to turn off syncing.
wandb: Syncing run sp_pop_ppo_3net_invisible/grid5_img3_ni2_nw4_ms30_comm_field100_seed2
wandb: ⭐️ View project at https://wandb.ai/maytusp/scoreg_layout2
wandb: 🚀 View run at https://wandb.ai/maytusp/scoreg_layout2/runs/5584tb5i
parsed seed: 2
run_name: sp_pop_ppo_3net_invisible/grid5_img3_ni2_nw4_ms30_comm_field100_seed2
save_dir: checkpoints/torch_scoreg_layout2/sp_pop_ppo_3net_invisible/grid5_img3_ni2_nw4_ms30_comm_field100/seed2/
[1;34mwandb[0m: 
[1;34mwandb[0m: 🚀 View run [33msp_pop_ppo_3net_invisible/grid5_img3_ni2_nw4_ms30_comm_field100_seed2[0m at: [34mhttps://wandb.ai/maytusp/scoreg_layout2/runs/5584tb5i[0m
[1;34mwandb[0m: Find logs at: [1;35m../../../../../../../../net/scratch/n70579mp/emergent_language/foraging_game/wandb/run-20260504_133205-5584tb5i/logs[0m
NUM PARAMS: 192246
NUM PARAMS: 192246
NUM PARAMS: 192246
SPS: 2761
SPS: 2756
SPS: 4823
SPS: 4811
SPS: 6410
SPS: 6399
SPS: 7667
SPS: 7655
SPS: 8743
SPS: 8732
SPS: 9656
SPS: 9644
SPS: 10426
SPS: 10414
SPS: 11085
SPS: 11073
SPS: 11640
SPS: 11629
SPS: 12130
SPS: 12119
SPS: 12543
SPS: 12532
SPS: 12897
SPS: 12886
SPS: 13219
SPS: 13209
SPS: 13504
SPS: 13494
SPS: 13738
SPS: 13727
SPS: 13937
SPS: 13926
SPS: 14100
SPS: 14091
SPS: 14250
SPS: 14241
SPS: 14420
SPS: 14412
SPS: 14575
SPS: 14567
SPS: 14716
SPS: 14708
SPS: 14839
SPS: 14831
SPS: 14955
SPS: 14947
SPS: 15065
SPS: 15058
SPS: 15156
SPS: 15149
SPS: 15247
SPS: 15240
SPS: 15331
SPS: 15324
SPS: 15407
SPS: 15400
SPS: 15447
SPS: 15441
SPS: 15482
SPS: 15475
SPS: 15533
SPS: 15527
SPS: 15590
SPS: 15584
SPS: 15645
SPS: 15639
SPS: 15694
SPS: 15689
SPS: 15734
SPS: 15728
SPS: 15773
SPS: 15767
SPS: 15810
SPS: 15805
SPS: 15846
SPS: 15841
SPS: 15878
SPS: 15873
SPS: 15910
SPS: 15905
SPS: 15922
SPS: 15916
SPS: 15932
SPS: 15926
SPS: 15935
SPS: 15929
SPS: 15953
SPS: 15949
SPS: 15978
SPS: 15974
SPS: 16002
SPS: 15998
SPS: 16024
SPS: 16020
SPS: 16047
SPS: 16042
SPS: 16061
SPS: 16057
SPS: 16074
SPS: 16070
SPS: 16090
SPS: 16086
SPS: 16103
SPS: 16099
SPS: 16106
SPS: 16103
SPS: 16097
SPS: 16093
SPS: 16091
SPS: 16086
SPS: 16085
SPS: 16081
SPS: 16088
SPS: 16085
SPS: 16090
SPS: 16087
SPS: 16090
SPS: 16086
SPS: 16087
SPS: 16084
SPS: 16084
SPS: 16081
SPS: 16076
SPS: 16073
SPS: 16070
SPS: 16067
SPS: 16063
SPS: 16060
SPS: 16045
SPS: 16042
SPS: 16022
SPS: 16019
SPS: 15997
SPS: 15994
SPS: 15982
SPS: 15979
SPS: 15970
SPS: 15967
SPS: 15959
SPS: 15956
SPS: 15942
SPS: 15940
SPS: 15930
SPS: 15927
SPS: 15912
SPS: 15910
SPS: 15895
SPS: 15892
SPS: 15880
SPS: 15878
SPS: 15856
SPS: 15853
SPS: 15826
SPS: 15824
SPS: 15802
SPS: 15799
SPS: 15784
SPS: 15781
SPS: 15764
SPS: 15762
SPS: 15743
SPS: 15741
SPS: 15725
SPS: 15723
SPS: 15704
SPS: 15702
SPS: 15684
SPS: 15682
SPS: 15663
SPS: 15661
SPS: 15639
SPS: 15637
SPS: 15609
SPS: 15606
SPS: 15581
SPS: 15579
SPS: 15564
SPS: 15562
SPS: 15546
SPS: 15544
SPS: 15527
SPS: 15525
SPS: 15508
SPS: 15506
SPS: 15487
SPS: 15485
SPS: 15466
SPS: 15464
SPS: 15445
SPS: 15443
SPS: 15419
SPS: 15416
SPS: 15388
SPS: 15386
SPS: 15363
SPS: 15361
SPS: 15342
SPS: 15340
SPS: 15322
SPS: 15320
SPS: 15300
SPS: 15299
SPS: 15281
SPS: 15279
SPS: 15260
SPS: 15258
SPS: 15240
SPS: 15238
Model saved to checkpoints/torch_scoreg_layout2/sp_pop_ppo_3net_invisible/grid5_img3_ni2_nw4_ms30_comm_field100/seed2/agent_0_step_25600000.pt
Model saved to checkpoints/torch_scoreg_layout2/sp_pop_ppo_3net_invisible/grid5_img3_ni2_nw4_ms30_comm_field100/seed2/agent_1_step_25600000.pt
Model saved to checkpoints/torch_scoreg_layout2/sp_pop_ppo_3net_invisible/grid5_img3_ni2_nw4_ms30_comm_field100/seed2/agent_2_step_25600000.pt
SPS: 15221
SPS: 15219
SPS: 15195
SPS: 15193
SPS: 15169
SPS: 15167
SPS: 15148
SPS: 15147
SPS: 15130
SPS: 15128
SPS: 15113
SPS: 15112
SPS: 15096
SPS: 15094
SPS: 15079
SPS: 15077
SPS: 15060
SPS: 15059
SPS: 15042
SPS: 15041
SPS: 15022
SPS: 15020
SPS: 14996
SPS: 14994
SPS: 14977
SPS: 14975
SPS: 14961
SPS: 14960
SPS: 14946
SPS: 14944
SPS: 14930
SPS: 14928
SPS: 14913
SPS: 14912
SPS: 14897
SPS: 14895
SPS: 14881
SPS: 14879
SPS: 14863
SPS: 14862
SPS: 14841
SPS: 14840
SPS: 14820
SPS: 14819
SPS: 14802
SPS: 14800
SPS: 14786
SPS: 14785
SPS: 14771
SPS: 14770
SPS: 14755
SPS: 14754
SPS: 14739
SPS: 14737
SPS: 14724
SPS: 14723
SPS: 14709
SPS: 14708
SPS: 14690
SPS: 14689
SPS: 14670
SPS: 14669
SPS: 14652
SPS: 14651
SPS: 14638
SPS: 14637
SPS: 14624
SPS: 14623
SPS: 14610
SPS: 14609
SPS: 14597
SPS: 14596
SPS: 14582
SPS: 14581
SPS: 14568
SPS: 14567
SPS: 14555
SPS: 14554
SPS: 14537
SPS: 14535
SPS: 14520
SPS: 14519
SPS: 14508
SPS: 14507
SPS: 14496
SPS: 14495
SPS: 14484
SPS: 14483
SPS: 14471
SPS: 14470
SPS: 14457
SPS: 14456
SPS: 14444
SPS: 14443
SPS: 14431
SPS: 14430
SPS: 14412
SPS: 14411
SPS: 14394
SPS: 14393
SPS: 14381
SPS: 14380
SPS: 14368
SPS: 14367
SPS: 14355
SPS: 14354
SPS: 14342
SPS: 14341
SPS: 14330
SPS: 14329
SPS: 14317
SPS: 14316
SPS: 14304
SPS: 14303
SPS: 14288
SPS: 14287
SPS: 14274
SPS: 14273
SPS: 14262
SPS: 14261
SPS: 14251
SPS: 14251
SPS: 14241
SPS: 14240
SPS: 14230
SPS: 14229
SPS: 14218
SPS: 14217
SPS: 14207
SPS: 14207
SPS: 14195
SPS: 14194
SPS: 14179
SPS: 14178
SPS: 14167
SPS: 14166
SPS: 14156
SPS: 14155
SPS: 14145
SPS: 14144
SPS: 14134
SPS: 14133
SPS: 14123
SPS: 14122
SPS: 14113
SPS: 14112
SPS: 14103
SPS: 14102
SPS: 14089
SPS: 14088
SPS: 14075
SPS: 14075
SPS: 14065
SPS: 14064
SPS: 14054
SPS: 14053
SPS: 14044
SPS: 14044
SPS: 14034
SPS: 14034
SPS: 14024
SPS: 14023
SPS: 14014
SPS: 14013
SPS: 14004
SPS: 14003
SPS: 13991
SPS: 13991
SPS: 13979
SPS: 13978
SPS: 13969
SPS: 13969
SPS: 13960
SPS: 13959
SPS: 13951
SPS: 13950
SPS: 13941
SPS: 13940
SPS: 13930
SPS: 13930
SPS: 13921
SPS: 13921
SPS: 13911
SPS: 13910
SPS: 13898
SPS: 13897
SPS: 13886
SPS: 13885
SPS: 13877
SPS: 13876
SPS: 13867
SPS: 13867
SPS: 13858
SPS: 13858
SPS: 13849
SPS: 13848
SPS: 13840
SPS: 13839
[Food Spawn Schedule] global_step=50012160: food_spawn_on_agent_cells False -> True
SPS: 13843
SPS: 13842
SPS: 13852
SPS: 13851
SPS: 13854
SPS: 13854
SPS: 13854
SPS: 13854
SPS: 13855
SPS: 13854
Model saved to checkpoints/torch_scoreg_layout2/sp_pop_ppo_3net_invisible/grid5_img3_ni2_nw4_ms30_comm_field100/seed2/agent_0_step_51200000.pt
Model saved to checkpoints/torch_scoreg_layout2/sp_pop_ppo_3net_invisible/grid5_img3_ni2_nw4_ms30_comm_field100/seed2/agent_1_step_51200000.pt
Model saved to checkpoints/torch_scoreg_layout2/sp_pop_ppo_3net_invisible/grid5_img3_ni2_nw4_ms30_comm_field100/seed2/agent_2_step_51200000.pt
SPS: 13857
SPS: 13856
SPS: 13858
SPS: 13858
SPS: 13860
SPS: 13859
SPS: 13861
SPS: 13860
SPS: 13862
SPS: 13861
SPS: 13862
SPS: 13861
SPS: 13862
SPS: 13862
SPS: 13862
SPS: 13861
SPS: 13859
SPS: 13858
SPS: 13856
SPS: 13855
SPS: 13856
SPS: 13855
SPS: 13856
SPS: 13855
SPS: 13856
SPS: 13855
SPS: 13856
SPS: 13856
SPS: 13857
SPS: 13856
SPS: 13857
SPS: 13856
SPS: 13857
SPS: 13856
SPS: 13857
SPS: 13856
SPS: 13852
SPS: 13851
SPS: 13849
SPS: 13848
SPS: 13849
SPS: 13848
SPS: 13849
SPS: 13848
SPS: 13848
SPS: 13848
SPS: 13848
SPS: 13847
SPS: 13848
SPS: 13847
SPS: 13847
SPS: 13846
SPS: 13847
SPS: 13846
SPS: 13845
SPS: 13845
SPS: 13841
SPS: 13840
SPS: 13838
SPS: 13837
SPS: 13837
SPS: 13836
SPS: 13836
SPS: 13835
SPS: 13834
SPS: 13834
SPS: 13834
SPS: 13833
SPS: 13833
SPS: 13833
SPS: 13832
SPS: 13832
SPS: 13832
SPS: 13831
SPS: 13831
SPS: 13830
SPS: 13827
SPS: 13826
SPS: 13822
SPS: 13821
SPS: 13821
SPS: 13820
SPS: 13820
SPS: 13819
SPS: 13819
SPS: 13819
SPS: 13819
SPS: 13818
SPS: 13818
SPS: 13818
SPS: 13817
SPS: 13816
SPS: 13816
SPS: 13815
SPS: 13814
SPS: 13814
SPS: 13811
SPS: 13810
SPS: 13808
SPS: 13807
SPS: 13806
SPS: 13806
SPS: 13805
SPS: 13805
SPS: 13805
SPS: 13804
SPS: 13804
SPS: 13804
SPS: 13803
SPS: 13803
SPS: 13802
SPS: 13802
SPS: 13802
SPS: 13801
SPS: 13800
SPS: 13800
SPS: 13797
SPS: 13796
SPS: 13793
SPS: 13792
SPS: 13791
SPS: 13791
SPS: 13790
SPS: 13790
SPS: 13789
SPS: 13789
SPS: 13789
SPS: 13788
SPS: 13788
SPS: 13787
SPS: 13786
SPS: 13786
SPS: 13785
SPS: 13785
SPS: 13783
SPS: 13783
SPS: 13780
SPS: 13779
SPS: 13777
SPS: 13777
SPS: 13776
SPS: 13776
SPS: 13775
SPS: 13775
SPS: 13774
SPS: 13774
SPS: 13773
SPS: 13773
SPS: 13772
SPS: 13771
SPS: 13771
SPS: 13770
SPS: 13770
SPS: 13769
SPS: 13767
SPS: 13766
SPS: 13763
SPS: 13763
SPS: 13761
SPS: 13760
SPS: 13759
SPS: 13758
SPS: 13757
SPS: 13757
SPS: 13755
SPS: 13755
SPS: 13753
SPS: 13753
SPS: 13749
SPS: 13748
SPS: 13747
SPS: 13746
SPS: 13743
SPS: 13742
SPS: 13740
SPS: 13739
SPS: 13738
SPS: 13738
SPS: 13737
SPS: 13737
SPS: 13736
SPS: 13735
SPS: 13735
SPS: 13735
SPS: 13734
SPS: 13734
SPS: 13733
SPS: 13732
SPS: 13732
SPS: 13731
SPS: 13730
SPS: 13730
SPS: 13727
SPS: 13727
SPS: 13725
SPS: 13724
SPS: 13724
SPS: 13724
SPS: 13723
SPS: 13723
SPS: 13722
SPS: 13721
SPS: 13721
SPS: 13720
SPS: 13719
SPS: 13719
SPS: 13718
SPS: 13718
Model saved to checkpoints/torch_scoreg_layout2/sp_pop_ppo_3net_invisible/grid5_img3_ni2_nw4_ms30_comm_field100/seed2/agent_0_step_76800000.pt
Model saved to checkpoints/torch_scoreg_layout2/sp_pop_ppo_3net_invisible/grid5_img3_ni2_nw4_ms30_comm_field100/seed2/agent_1_step_76800000.pt
Model saved to checkpoints/torch_scoreg_layout2/sp_pop_ppo_3net_invisible/grid5_img3_ni2_nw4_ms30_comm_field100/seed2/agent_2_step_76800000.pt
SPS: 13717
SPS: 13717
SPS: 13714
SPS: 13714
SPS: 13711
SPS: 13711
SPS: 13710
SPS: 13710
SPS: 13709
SPS: 13709
SPS: 13708
SPS: 13708
SPS: 13707
SPS: 13707
SPS: 13706
SPS: 13706
SPS: 13705
SPS: 13704
SPS: 13704
SPS: 13704
SPS: 13702
SPS: 13702
SPS: 13699
SPS: 13699
SPS: 13697
SPS: 13696
SPS: 13696
SPS: 13695
SPS: 13695
SPS: 13695
SPS: 13694
SPS: 13694
SPS: 13693
SPS: 13693
SPS: 13692
SPS: 13691
SPS: 13691
SPS: 13690
SPS: 13689
SPS: 13689
SPS: 13686
SPS: 13685
SPS: 13683
SPS: 13682
SPS: 13681
SPS: 13681
SPS: 13680
SPS: 13680
SPS: 13679
SPS: 13679
SPS: 13678
SPS: 13678
SPS: 13677
SPS: 13677
SPS: 13676
SPS: 13676
SPS: 13675
SPS: 13675
SPS: 13674
SPS: 13673
SPS: 13671
SPS: 13671
SPS: 13669
SPS: 13669
SPS: 13668
SPS: 13668
SPS: 13667
SPS: 13667
SPS: 13666
SPS: 13666
SPS: 13665
SPS: 13665
SPS: 13664
SPS: 13664
SPS: 13663
SPS: 13663
SPS: 13663
SPS: 13662
SPS: 13660
SPS: 13660
SPS: 13657
SPS: 13657
SPS: 13656
SPS: 13656
SPS: 13655
SPS: 13655
SPS: 13655
SPS: 13654
SPS: 13654
SPS: 13653
SPS: 13653
SPS: 13652
SPS: 13652
SPS: 13651
SPS: 13651
SPS: 13651
SPS: 13649
SPS: 13648
SPS: 13646
SPS: 13645
SPS: 13644
SPS: 13644
SPS: 13643
SPS: 13643
SPS: 13642
SPS: 13642
SPS: 13641
SPS: 13641
SPS: 13640
SPS: 13640
SPS: 13639
SPS: 13639
SPS: 13639
SPS: 13638
SPS: 13637
SPS: 13637
SPS: 13634
SPS: 13634
SPS: 13633
SPS: 13632
SPS: 13632
SPS: 13631
SPS: 13631
SPS: 13631
SPS: 13630
SPS: 13630
SPS: 13630
SPS: 13629
SPS: 13629
SPS: 13628
SPS: 13628
SPS: 13627
SPS: 13627
SPS: 13627
SPS: 13625
SPS: 13624
SPS: 13622
SPS: 13621
SPS: 13620
SPS: 13620
SPS: 13619
SPS: 13619
SPS: 13618
SPS: 13618
SPS: 13618
SPS: 13617
SPS: 13617
SPS: 13616
SPS: 13616
SPS: 13615
SPS: 13615
SPS: 13614
SPS: 13614
SPS: 13613
SPS: 13611
SPS: 13611
SPS: 13608
SPS: 13608
SPS: 13607
SPS: 13607
SPS: 13606
SPS: 13606
SPS: 13606
SPS: 13605
SPS: 13605
SPS: 13604
SPS: 13604
SPS: 13604
SPS: 13603
SPS: 13603
SPS: 13602
SPS: 13602
SPS: 13601
SPS: 13600
SPS: 13598
SPS: 13598
SPS: 13597
SPS: 13596
SPS: 13596
SPS: 13595
SPS: 13595
SPS: 13595
SPS: 13594
SPS: 13594
SPS: 13594
SPS: 13593
SPS: 13592
SPS: 13592
Final model of network 0 saved to checkpoints/torch_scoreg_layout2/sp_pop_ppo_3net_invisible/grid5_img3_ni2_nw4_ms30_comm_field100/seed2/agent_0_step_99993600.pt
Final model of network 1 saved to checkpoints/torch_scoreg_layout2/sp_pop_ppo_3net_invisible/grid5_img3_ni2_nw4_ms30_comm_field100/seed2/agent_1_step_99993600.pt
Final model of network 2 saved to checkpoints/torch_scoreg_layout2/sp_pop_ppo_3net_invisible/grid5_img3_ni2_nw4_ms30_comm_field100/seed2/agent_2_step_99993600.pt
/mnt/iusers01/fatpou01/compsci01/n70579mp/.conda/envs/habitat/lib/python3.9/site-packages/tyro/_parsers.py:353: UserWarning: The field `target-kl` is annotated with type `<class 'float'>`, but the default value `None` has type `<class 'NoneType'>`. We'll try to handle this gracefully, but it may cause unexpected behavior.
  warnings.warn(message)
wandb: Currently logged in as: maytusp to https://api.wandb.ai. Use `wandb login --relogin` to force relogin
wandb: setting up run cnrzxp4p
wandb: Tracking run with wandb version 0.23.1
wandb: Run data is saved locally in /net/scratch/n70579mp/emergent_language/foraging_game/wandb/run-20260504_153901-cnrzxp4p
wandb: Run `wandb offline` to turn off syncing.
wandb: Syncing run sp_pop_ppo_3net_invisible/grid5_img3_ni2_nw4_ms30_comm_field100_seed3
wandb: ⭐️ View project at https://wandb.ai/maytusp/scoreg_layout2
wandb: 🚀 View run at https://wandb.ai/maytusp/scoreg_layout2/runs/cnrzxp4p
parsed seed: 3
run_name: sp_pop_ppo_3net_invisible/grid5_img3_ni2_nw4_ms30_comm_field100_seed3
save_dir: checkpoints/torch_scoreg_layout2/sp_pop_ppo_3net_invisible/grid5_img3_ni2_nw4_ms30_comm_field100/seed3/
[1;34mwandb[0m: 
[1;34mwandb[0m: 🚀 View run [33msp_pop_ppo_3net_invisible/grid5_img3_ni2_nw4_ms30_comm_field100_seed3[0m at: [34mhttps://wandb.ai/maytusp/scoreg_layout2/runs/cnrzxp4p[0m
[1;34mwandb[0m: Find logs at: [1;35m../../../../../../../../net/scratch/n70579mp/emergent_language/foraging_game/wandb/run-20260504_153901-cnrzxp4p/logs[0m
NUM PARAMS: 192246
NUM PARAMS: 192246
NUM PARAMS: 192246
SPS: 2522
SPS: 2517
SPS: 4489
SPS: 4481
SPS: 6060
SPS: 6050
SPS: 7286
SPS: 7276
SPS: 8316
SPS: 8306
SPS: 9171
SPS: 9160
SPS: 9931
SPS: 9921
SPS: 10591
SPS: 10581
SPS: 11163
SPS: 11152
SPS: 11654
SPS: 11643
SPS: 12085
SPS: 12075
SPS: 12464
SPS: 12454
SPS: 12796
SPS: 12786
SPS: 13092
SPS: 13082
SPS: 13363
SPS: 13354
SPS: 13607
SPS: 13598
SPS: 13808
SPS: 13799
SPS: 13970
SPS: 13959
SPS: 14116
SPS: 14108
SPS: 14256
SPS: 14248
SPS: 14404
SPS: 14397
SPS: 14539
SPS: 14532
SPS: 14668
SPS: 14661
SPS: 14789
SPS: 14782
SPS: 14899
SPS: 14893
SPS: 14999
SPS: 14992
SPS: 15085
SPS: 15078
SPS: 15171
SPS: 15164
SPS: 15248
SPS: 15242
SPS: 15321
SPS: 15315
SPS: 15358
SPS: 15353
SPS: 15389
SPS: 15383
SPS: 15444
SPS: 15439
SPS: 15503
SPS: 15497
SPS: 15555
SPS: 15550
SPS: 15602
SPS: 15597
SPS: 15648
SPS: 15643
SPS: 15691
SPS: 15686
SPS: 15727
SPS: 15722
SPS: 15761
SPS: 15757
SPS: 15797
SPS: 15793
SPS: 15832
SPS: 15827
SPS: 15841
SPS: 15836
SPS: 15854
SPS: 15849
SPS: 15870
SPS: 15865
SPS: 15895
SPS: 15891
SPS: 15919
SPS: 15915
SPS: 15943
SPS: 15939
SPS: 15967
SPS: 15963
SPS: 15990
SPS: 15986
SPS: 16007
SPS: 16003
SPS: 16024
SPS: 16020
SPS: 16042
SPS: 16038
SPS: 16058
SPS: 16055
SPS: 16055
SPS: 16052
SPS: 16052
SPS: 16047
SPS: 16060
SPS: 16056
SPS: 16071
SPS: 16068
SPS: 16082
SPS: 16078
SPS: 16092
SPS: 16089
SPS: 16101
SPS: 16097
SPS: 16106
SPS: 16103
SPS: 16105
SPS: 16101
SPS: 16105
SPS: 16102
SPS: 16103
SPS: 16100
SPS: 16097
SPS: 16094
SPS: 16080
SPS: 16077
SPS: 16066
SPS: 16064
SPS: 16064
SPS: 16061
SPS: 16060
SPS: 16057
SPS: 16053
SPS: 16050
SPS: 16046
SPS: 16044
SPS: 16039
SPS: 16037
SPS: 16029
SPS: 16026
SPS: 16019
SPS: 16016
SPS: 16011
SPS: 16008
SPS: 15997
SPS: 15994
SPS: 15973
SPS: 15970
SPS: 15945
SPS: 15943
SPS: 15929
SPS: 15927
SPS: 15914
SPS: 15912
SPS: 15899
SPS: 15897
SPS: 15886
SPS: 15884
SPS: 15871
SPS: 15869
SPS: 15856
SPS: 15854
SPS: 15840
SPS: 15838
SPS: 15825
SPS: 15823
SPS: 15802
SPS: 15799
SPS: 15773
SPS: 15771
SPS: 15754
SPS: 15752
SPS: 15738
SPS: 15736
SPS: 15723
SPS: 15721
SPS: 15706
SPS: 15704
SPS: 15689
SPS: 15688
SPS: 15671
SPS: 15669
SPS: 15654
SPS: 15652
SPS: 15637
SPS: 15635
SPS: 15614
SPS: 15612
SPS: 15587
SPS: 15585
SPS: 15569
SPS: 15567
SPS: 15552
SPS: 15550
SPS: 15536
SPS: 15534
SPS: 15519
SPS: 15518
SPS: 15504
SPS: 15502
Model saved to checkpoints/torch_scoreg_layout2/sp_pop_ppo_3net_invisible/grid5_img3_ni2_nw4_ms30_comm_field100/seed3/agent_0_step_25600000.pt
Model saved to checkpoints/torch_scoreg_layout2/sp_pop_ppo_3net_invisible/grid5_img3_ni2_nw4_ms30_comm_field100/seed3/agent_1_step_25600000.pt
Model saved to checkpoints/torch_scoreg_layout2/sp_pop_ppo_3net_invisible/grid5_img3_ni2_nw4_ms30_comm_field100/seed3/agent_2_step_25600000.pt
SPS: 15486
SPS: 15485
SPS: 15466
SPS: 15465
SPS: 15450
SPS: 15448
SPS: 15426
SPS: 15425
SPS: 15403
SPS: 15401
SPS: 15381
SPS: 15380
SPS: 15367
SPS: 15365
SPS: 15351
SPS: 15349
SPS: 15336
SPS: 15334
SPS: 15320
SPS: 15319
SPS: 15302
SPS: 15301
SPS: 15286
SPS: 15284
SPS: 15269
SPS: 15268
SPS: 15245
SPS: 15244
SPS: 15222
SPS: 15221
SPS: 15202
SPS: 15201
SPS: 15186
SPS: 15185
SPS: 15171
SPS: 15169
SPS: 15155
SPS: 15154
SPS: 15140
SPS: 15138
SPS: 15123
SPS: 15122
SPS: 15108
SPS: 15107
SPS: 15092
SPS: 15091
SPS: 15071
SPS: 15069
SPS: 15048
SPS: 15046
SPS: 15031
SPS: 15029
SPS: 15016
SPS: 15015
SPS: 15001
SPS: 14999
SPS: 14987
SPS: 14985
SPS: 14973
SPS: 14972
SPS: 14957
SPS: 14956
SPS: 14941
SPS: 14940
SPS: 14925
SPS: 14923
SPS: 14905
SPS: 14904
SPS: 14888
SPS: 14886
SPS: 14874
SPS: 14873
SPS: 14861
SPS: 14860
SPS: 14847
SPS: 14846
SPS: 14835
SPS: 14834
SPS: 14820
SPS: 14819
SPS: 14806
SPS: 14805
SPS: 14792
SPS: 14791
SPS: 14773
SPS: 14771
SPS: 14754
SPS: 14753
SPS: 14741
SPS: 14740
SPS: 14729
SPS: 14728
SPS: 14715
SPS: 14714
SPS: 14702
SPS: 14701
SPS: 14687
SPS: 14686
SPS: 14673
SPS: 14672
SPS: 14660
SPS: 14659
SPS: 14642
SPS: 14641
SPS: 14623
SPS: 14621
SPS: 14607
SPS: 14606
SPS: 14595
SPS: 14594
SPS: 14583
SPS: 14582
SPS: 14571
SPS: 14570
SPS: 14559
SPS: 14558
SPS: 14546
SPS: 14545
SPS: 14534
SPS: 14533
SPS: 14521
SPS: 14520
SPS: 14504
SPS: 14503
SPS: 14490
SPS: 14489
SPS: 14479
SPS: 14478
SPS: 14468
SPS: 14467
SPS: 14456
SPS: 14455
SPS: 14444
SPS: 14443
SPS: 14431
SPS: 14430
SPS: 14419
SPS: 14418
SPS: 14407
SPS: 14405
SPS: 14391
SPS: 14390
SPS: 14379
SPS: 14378
SPS: 14368
SPS: 14367
SPS: 14358
SPS: 14357
SPS: 14347
SPS: 14347
SPS: 14337
SPS: 14336
SPS: 14327
SPS: 14326
SPS: 14317
SPS: 14316
SPS: 14305
SPS: 14304
SPS: 14292
SPS: 14291
SPS: 14276
SPS: 14276
SPS: 14266
SPS: 14265
SPS: 14256
SPS: 14255
SPS: 14246
SPS: 14245
SPS: 14236
SPS: 14235
SPS: 14226
SPS: 14225
SPS: 14216
SPS: 14215
SPS: 14206
SPS: 14206
SPS: 14194
SPS: 14193
SPS: 14181
SPS: 14180
SPS: 14171
SPS: 14170
SPS: 14161
SPS: 14160
SPS: 14152
SPS: 14151
SPS: 14142
SPS: 14141
SPS: 14132
SPS: 14131
SPS: 14122
SPS: 14121
SPS: 14113
SPS: 14112
SPS: 14100
SPS: 14099
SPS: 14089
SPS: 14088
[Food Spawn Schedule] global_step=50012160: food_spawn_on_agent_cells False -> True
SPS: 14090
SPS: 14090
SPS: 14101
SPS: 14100
SPS: 14110
SPS: 14109
SPS: 14116
SPS: 14115
SPS: 14121
SPS: 14120
Model saved to checkpoints/torch_scoreg_layout2/sp_pop_ppo_3net_invisible/grid5_img3_ni2_nw4_ms30_comm_field100/seed3/agent_0_step_51200000.pt
Model saved to checkpoints/torch_scoreg_layout2/sp_pop_ppo_3net_invisible/grid5_img3_ni2_nw4_ms30_comm_field100/seed3/agent_1_step_51200000.pt
Model saved to checkpoints/torch_scoreg_layout2/sp_pop_ppo_3net_invisible/grid5_img3_ni2_nw4_ms30_comm_field100/seed3/agent_2_step_51200000.pt
SPS: 14124
SPS: 14124
SPS: 14128
SPS: 14127
SPS: 14131
SPS: 14130
SPS: 14130
SPS: 14129
SPS: 14128
SPS: 14128
SPS: 14130
SPS: 14129
SPS: 14131
SPS: 14131
SPS: 14133
SPS: 14132
SPS: 14135
SPS: 14134
SPS: 14135
SPS: 14135
SPS: 14135
SPS: 14135
SPS: 14136
SPS: 14136
SPS: 14137
SPS: 14136
SPS: 14135
SPS: 14134
SPS: 14131
SPS: 14130
SPS: 14130
SPS: 14129
SPS: 14130
SPS: 14130
SPS: 14131
SPS: 14130
SPS: 14131
SPS: 14130
SPS: 14131
SPS: 14130
SPS: 14131
SPS: 14130
SPS: 14131
SPS: 14130
SPS: 14130
SPS: 14129
SPS: 14127
SPS: 14126
SPS: 14124
SPS: 14123
SPS: 14122
SPS: 14121
SPS: 14122
SPS: 14122
SPS: 14122
SPS: 14122
SPS: 14122
SPS: 14122
SPS: 14123
SPS: 14122
SPS: 14122
SPS: 14122
SPS: 14122
SPS: 14122
SPS: 14122
SPS: 14122
SPS: 14120
SPS: 14119
SPS: 14117
SPS: 14116
SPS: 14114
SPS: 14114
SPS: 14113
SPS: 14113
SPS: 14113
SPS: 14112
SPS: 14112
SPS: 14112
SPS: 14111
SPS: 14111
SPS: 14110
SPS: 14110
SPS: 14110
SPS: 14109
SPS: 14109
SPS: 14109
SPS: 14106
SPS: 14105
SPS: 14102
SPS: 14102
SPS: 14100
SPS: 14099
SPS: 14099
SPS: 14099
SPS: 14099
SPS: 14098
SPS: 14098
SPS: 14098
SPS: 14098
SPS: 14097
SPS: 14097
SPS: 14096
SPS: 14096
SPS: 14095
SPS: 14095
SPS: 14095
SPS: 14092
SPS: 14091
SPS: 14088
SPS: 14088
SPS: 14086
SPS: 14085
SPS: 14084
SPS: 14084
SPS: 14083
SPS: 14083
SPS: 14082
SPS: 14081
SPS: 14081
SPS: 14081
SPS: 14079
SPS: 14079
SPS: 14078
SPS: 14077
SPS: 14076
SPS: 14076
SPS: 14074
SPS: 14073
SPS: 14070
SPS: 14070
SPS: 14065
SPS: 14064
SPS: 14063
SPS: 14063
SPS: 14062
SPS: 14061
SPS: 14061
SPS: 14060
SPS: 14060
SPS: 14060
SPS: 14059
SPS: 14058
SPS: 14058
SPS: 14058
SPS: 14057
SPS: 14057
SPS: 14055
SPS: 14054
SPS: 14050
SPS: 14049
SPS: 14046
SPS: 14046
SPS: 14045
SPS: 14045
SPS: 14044
SPS: 14044
SPS: 14043
SPS: 14043
SPS: 14042
SPS: 14042
SPS: 14041
SPS: 14040
SPS: 14040
SPS: 14039
SPS: 14039
SPS: 14038
SPS: 14036
SPS: 14036
SPS: 14033
SPS: 14032
SPS: 14030
SPS: 14029
SPS: 14027
SPS: 14027
SPS: 14026
SPS: 14025
SPS: 14025
SPS: 14024
SPS: 14024
SPS: 14023
SPS: 14023
SPS: 14022
SPS: 14022
SPS: 14021
SPS: 14021
SPS: 14020
SPS: 14019
SPS: 14018
SPS: 14016
SPS: 14015
SPS: 14012
SPS: 14012
SPS: 14011
SPS: 14011
SPS: 14010
SPS: 14009
SPS: 14009
SPS: 14008
SPS: 14008
SPS: 14007
SPS: 14007
SPS: 14006
SPS: 14006
SPS: 14005
SPS: 14004
SPS: 14004
SPS: 14002
SPS: 14002
Model saved to checkpoints/torch_scoreg_layout2/sp_pop_ppo_3net_invisible/grid5_img3_ni2_nw4_ms30_comm_field100/seed3/agent_0_step_76800000.pt
Model saved to checkpoints/torch_scoreg_layout2/sp_pop_ppo_3net_invisible/grid5_img3_ni2_nw4_ms30_comm_field100/seed3/agent_1_step_76800000.pt
Model saved to checkpoints/torch_scoreg_layout2/sp_pop_ppo_3net_invisible/grid5_img3_ni2_nw4_ms30_comm_field100/seed3/agent_2_step_76800000.pt
SPS: 13999
SPS: 13998
SPS: 13997
SPS: 13996
SPS: 13995
SPS: 13995
SPS: 13994
SPS: 13994
SPS: 13993
SPS: 13993
SPS: 13993
SPS: 13992
SPS: 13991
SPS: 13991
SPS: 13990
SPS: 13990
SPS: 13990
SPS: 13989
SPS: 13987
SPS: 13987
SPS: 13984
SPS: 13983
SPS: 13981
SPS: 13981
SPS: 13980
SPS: 13979
SPS: 13979
SPS: 13979
SPS: 13978
SPS: 13977
SPS: 13976
SPS: 13976
SPS: 13974
SPS: 13974
SPS: 13973
SPS: 13973
SPS: 13972
SPS: 13971
SPS: 13968
SPS: 13968
SPS: 13965
SPS: 13964
SPS: 13963
SPS: 13963
SPS: 13962
SPS: 13962
SPS: 13961
SPS: 13961
SPS: 13960
SPS: 13960
SPS: 13959
SPS: 13958
SPS: 13957
SPS: 13957
SPS: 13956
SPS: 13956
SPS: 13954
SPS: 13954
SPS: 13951
SPS: 13951
SPS: 13948
SPS: 13948
SPS: 13947
SPS: 13947
SPS: 13946
SPS: 13946
SPS: 13945
SPS: 13944
SPS: 13944
SPS: 13943
SPS: 13942
SPS: 13942
SPS: 13941
SPS: 13941
SPS: 13940
SPS: 13940
SPS: 13939
SPS: 13938
SPS: 13936
SPS: 13936
SPS: 13933
SPS: 13933
SPS: 13932
SPS: 13932
SPS: 13931
SPS: 13931
SPS: 13930
SPS: 13930
SPS: 13930
SPS: 13929
SPS: 13928
SPS: 13928
SPS: 13927
SPS: 13927
SPS: 13926
SPS: 13926
SPS: 13925
SPS: 13924
SPS: 13922
SPS: 13921
SPS: 13920
SPS: 13919
SPS: 13918
SPS: 13918
SPS: 13917
SPS: 13917
SPS: 13916
SPS: 13916
SPS: 13915
SPS: 13915
SPS: 13914
SPS: 13914
SPS: 13913
SPS: 13912
SPS: 13912
SPS: 13911
SPS: 13909
SPS: 13909
SPS: 13906
SPS: 13905
SPS: 13905
SPS: 13904
SPS: 13904
SPS: 13903
SPS: 13902
SPS: 13902
SPS: 13901
SPS: 13901
SPS: 13900
SPS: 13900
SPS: 13899
SPS: 13899
SPS: 13899
SPS: 13898
SPS: 13897
SPS: 13897
SPS: 13894
SPS: 13894
SPS: 13891
SPS: 13891
SPS: 13890
SPS: 13890
SPS: 13890
SPS: 13889
SPS: 13889
SPS: 13888
SPS: 13888
SPS: 13887
SPS: 13886
SPS: 13886
SPS: 13885
SPS: 13885
SPS: 13884
SPS: 13884
SPS: 13882
SPS: 13882
SPS: 13880
SPS: 13879
SPS: 13878
SPS: 13877
SPS: 13877
SPS: 13877
SPS: 13876
SPS: 13875
SPS: 13874
SPS: 13874
SPS: 13873
SPS: 13873
SPS: 13872
SPS: 13871
SPS: 13871
SPS: 13870
SPS: 13870
SPS: 13870
SPS: 13867
SPS: 13867
SPS: 13865
SPS: 13865
SPS: 13864
SPS: 13864
SPS: 13863
SPS: 13863
SPS: 13862
SPS: 13862
SPS: 13862
SPS: 13861
SPS: 13861
SPS: 13860
Final model of network 0 saved to checkpoints/torch_scoreg_layout2/sp_pop_ppo_3net_invisible/grid5_img3_ni2_nw4_ms30_comm_field100/seed3/agent_0_step_99993600.pt
Final model of network 1 saved to checkpoints/torch_scoreg_layout2/sp_pop_ppo_3net_invisible/grid5_img3_ni2_nw4_ms30_comm_field100/seed3/agent_1_step_99993600.pt
Final model of network 2 saved to checkpoints/torch_scoreg_layout2/sp_pop_ppo_3net_invisible/grid5_img3_ni2_nw4_ms30_comm_field100/seed3/agent_2_step_99993600.pt
/mnt/iusers01/fatpou01/compsci01/n70579mp/.conda/envs/habitat/lib/python3.9/site-packages/tyro/_parsers.py:353: UserWarning: The field `target-kl` is annotated with type `<class 'float'>`, but the default value `None` has type `<class 'NoneType'>`. We'll try to handle this gracefully, but it may cause unexpected behavior.
  warnings.warn(message)
wandb: W&B API key is configured. Use `wandb login --relogin` to force relogin
wandb: setting up run 7yyygfvi
wandb: Tracking run with wandb version 0.23.1
wandb: Run data is saved locally in /net/scratch/n70579mp/emergent_language/foraging_game/wandb/run-20260504_174352-7yyygfvi
wandb: Run `wandb offline` to turn off syncing.
wandb: Syncing run sp_pop_ppo_2net_invisible/grid5_img3_ni2_nw4_ms30_comm_field100_seed1
wandb: ⭐️ View project at https://wandb.ai/maytusp/scoreg_layout2
wandb: 🚀 View run at https://wandb.ai/maytusp/scoreg_layout2/runs/7yyygfvi
parsed seed: 1
run_name: sp_pop_ppo_2net_invisible/grid5_img3_ni2_nw4_ms30_comm_field100_seed1
save_dir: checkpoints/torch_scoreg_layout2/sp_pop_ppo_2net_invisible/grid5_img3_ni2_nw4_ms30_comm_field100/seed1/
[1;34mwandb[0m: 
[1;34mwandb[0m: 🚀 View run [33msp_pop_ppo_2net_invisible/grid5_img3_ni2_nw4_ms30_comm_field100_seed1[0m at: [34mhttps://wandb.ai/maytusp/scoreg_layout2/runs/7yyygfvi[0m
[1;34mwandb[0m: Find logs at: [1;35m../../../../../../../../net/scratch/n70579mp/emergent_language/foraging_game/wandb/run-20260504_174352-7yyygfvi/logs[0m
NUM PARAMS: 192246
NUM PARAMS: 192246
SPS: 2527
SPS: 2522
SPS: 4479
SPS: 4471
SPS: 6027
SPS: 6018
SPS: 7317
SPS: 7307
SPS: 8389
SPS: 8379
SPS: 9288
SPS: 9278
SPS: 10048
SPS: 10037
SPS: 10704
SPS: 10693
SPS: 11267
SPS: 11257
SPS: 11755
SPS: 11745
SPS: 12178
SPS: 12168
SPS: 12552
SPS: 12543
SPS: 12881
SPS: 12872
SPS: 13159
SPS: 13147
SPS: 13389
SPS: 13380
SPS: 13578
SPS: 13569
SPS: 13765
SPS: 13756
SPS: 13950
SPS: 13942
SPS: 14123
SPS: 14116
SPS: 14283
SPS: 14275
SPS: 14428
SPS: 14421
SPS: 14560
SPS: 14553
SPS: 14682
SPS: 14674
SPS: 14793
SPS: 14786
SPS: 14898
SPS: 14891
SPS: 14994
SPS: 14988
SPS: 15080
SPS: 15074
SPS: 15138
SPS: 15132
SPS: 15196
SPS: 15189
SPS: 15235
SPS: 15229
SPS: 15291
SPS: 15286
SPS: 15344
SPS: 15338
SPS: 15387
SPS: 15382
SPS: 15428
SPS: 15423
SPS: 15469
SPS: 15464
SPS: 15502
SPS: 15497
SPS: 15530
SPS: 15525
SPS: 15553
SPS: 15548
SPS: 15574
SPS: 15569
SPS: 15584
SPS: 15579
SPS: 15573
SPS: 15569
SPS: 15564
SPS: 15559
SPS: 15558
SPS: 15554
SPS: 15557
SPS: 15553
SPS: 15553
SPS: 15549
SPS: 15545
SPS: 15541
SPS: 15535
SPS: 15531
SPS: 15521
SPS: 15517
SPS: 15511
SPS: 15507
SPS: 15494
SPS: 15491
SPS: 15476
SPS: 15473
SPS: 15445
SPS: 15441
SPS: 15409
SPS: 15406
SPS: 15378
SPS: 15374
SPS: 15353
SPS: 15350
SPS: 15329
SPS: 15326
SPS: 15306
SPS: 15303
SPS: 15282
SPS: 15279
SPS: 15258
SPS: 15255
SPS: 15233
SPS: 15230
SPS: 15208
SPS: 15206
SPS: 15179
SPS: 15176
SPS: 15143
SPS: 15140
SPS: 15109
SPS: 15106
SPS: 15085
SPS: 15082
SPS: 15061
SPS: 15059
SPS: 15038
SPS: 15035
SPS: 15016
SPS: 15013
SPS: 14992
SPS: 14990
SPS: 14970
SPS: 14967
SPS: 14947
SPS: 14945
SPS: 14920
SPS: 14917
SPS: 14885
SPS: 14882
SPS: 14853
SPS: 14851
SPS: 14830
SPS: 14828
SPS: 14809
SPS: 14806
SPS: 14788
SPS: 14786
SPS: 14764
SPS: 14762
SPS: 14742
SPS: 14740
SPS: 14720
SPS: 14718
SPS: 14698
SPS: 14696
SPS: 14669
SPS: 14668
SPS: 14641
SPS: 14639
SPS: 14615
SPS: 14613
SPS: 14595
SPS: 14593
SPS: 14574
SPS: 14573
SPS: 14556
SPS: 14554
SPS: 14537
SPS: 14535
SPS: 14518
SPS: 14517
SPS: 14500
SPS: 14498
SPS: 14481
SPS: 14479
SPS: 14453
SPS: 14452
SPS: 14430
SPS: 14428
SPS: 14411
SPS: 14409
SPS: 14392
SPS: 14391
SPS: 14375
SPS: 14373
SPS: 14358
SPS: 14356
SPS: 14342
SPS: 14341
SPS: 14327
SPS: 14326
SPS: 14310
SPS: 14309
SPS: 14289
SPS: 14288
SPS: 14268
SPS: 14266
SPS: 14248
SPS: 14247
SPS: 14233
SPS: 14232
Model saved to checkpoints/torch_scoreg_layout2/sp_pop_ppo_2net_invisible/grid5_img3_ni2_nw4_ms30_comm_field100/seed1/agent_0_step_25600000.pt
Model saved to checkpoints/torch_scoreg_layout2/sp_pop_ppo_2net_invisible/grid5_img3_ni2_nw4_ms30_comm_field100/seed1/agent_1_step_25600000.pt
SPS: 14218
SPS: 14216
SPS: 14203
SPS: 14201
SPS: 14187
SPS: 14186
SPS: 14171
SPS: 14170
SPS: 14157
SPS: 14155
SPS: 14140
SPS: 14139
SPS: 14120
SPS: 14118
SPS: 14099
SPS: 14098
SPS: 14085
SPS: 14083
SPS: 14071
SPS: 14069
SPS: 14057
SPS: 14055
SPS: 14042
SPS: 14041
SPS: 14027
SPS: 14026
SPS: 14013
SPS: 14012
SPS: 14000
SPS: 13998
SPS: 13979
SPS: 13978
SPS: 13961
SPS: 13960
SPS: 13948
SPS: 13947
SPS: 13935
SPS: 13934
SPS: 13923
SPS: 13922
SPS: 13910
SPS: 13909
SPS: 13896
SPS: 13895
SPS: 13883
SPS: 13882
SPS: 13869
SPS: 13867
SPS: 13850
SPS: 13849
SPS: 13833
SPS: 13832
SPS: 13821
SPS: 13820
SPS: 13809
SPS: 13808
SPS: 13797
SPS: 13796
SPS: 13786
SPS: 13785
SPS: 13774
SPS: 13773
SPS: 13763
SPS: 13762
SPS: 13750
SPS: 13749
SPS: 13734
SPS: 13733
SPS: 13718
SPS: 13717
SPS: 13707
SPS: 13706
SPS: 13696
SPS: 13695
SPS: 13685
SPS: 13684
SPS: 13675
SPS: 13674
SPS: 13664
SPS: 13663
SPS: 13654
SPS: 13653
SPS: 13642
SPS: 13641
SPS: 13627
SPS: 13626
SPS: 13614
SPS: 13613
SPS: 13603
SPS: 13602
SPS: 13593
SPS: 13592
SPS: 13582
SPS: 13581
SPS: 13572
SPS: 13571
SPS: 13562
SPS: 13561
SPS: 13553
SPS: 13552
SPS: 13541
SPS: 13540
SPS: 13528
SPS: 13527
SPS: 13516
SPS: 13516
SPS: 13507
SPS: 13506
SPS: 13498
SPS: 13497
SPS: 13489
SPS: 13488
SPS: 13480
SPS: 13479
SPS: 13472
SPS: 13471
SPS: 13463
SPS: 13462
SPS: 13451
SPS: 13450
SPS: 13439
SPS: 13438
SPS: 13429
SPS: 13428
SPS: 13421
SPS: 13420
SPS: 13413
SPS: 13412
SPS: 13403
SPS: 13403
SPS: 13394
SPS: 13394
SPS: 13387
SPS: 13386
SPS: 13379
SPS: 13378
SPS: 13369
SPS: 13368
SPS: 13357
SPS: 13357
SPS: 13349
SPS: 13348
SPS: 13341
SPS: 13340
SPS: 13332
SPS: 13332
SPS: 13325
SPS: 13324
SPS: 13317
SPS: 13317
SPS: 13310
SPS: 13309
SPS: 13301
SPS: 13301
SPS: 13290
SPS: 13290
SPS: 13281
SPS: 13281
SPS: 13274
SPS: 13273
SPS: 13267
SPS: 13267
SPS: 13260
SPS: 13259
SPS: 13253
SPS: 13253
SPS: 13247
SPS: 13246
SPS: 13240
SPS: 13239
SPS: 13232
SPS: 13231
SPS: 13221
SPS: 13220
SPS: 13214
SPS: 13213
SPS: 13208
SPS: 13207
SPS: 13201
SPS: 13201
SPS: 13195
SPS: 13194
SPS: 13189
SPS: 13188
SPS: 13182
SPS: 13182
SPS: 13176
SPS: 13175
SPS: 13166
SPS: 13165
SPS: 13158
SPS: 13157
SPS: 13151
SPS: 13150
SPS: 13145
SPS: 13144
SPS: 13139
SPS: 13138
[Food Spawn Schedule] global_step=50012160: food_spawn_on_agent_cells False -> True
SPS: 13143
SPS: 13142
SPS: 13155
SPS: 13154
SPS: 13165
SPS: 13165
SPS: 13175
SPS: 13174
SPS: 13183
SPS: 13182
Model saved to checkpoints/torch_scoreg_layout2/sp_pop_ppo_2net_invisible/grid5_img3_ni2_nw4_ms30_comm_field100/seed1/agent_0_step_51200000.pt
Model saved to checkpoints/torch_scoreg_layout2/sp_pop_ppo_2net_invisible/grid5_img3_ni2_nw4_ms30_comm_field100/seed1/agent_1_step_51200000.pt
SPS: 13186
SPS: 13186
SPS: 13190
SPS: 13189
SPS: 13194
SPS: 13194
SPS: 13199
SPS: 13199
SPS: 13204
SPS: 13203
SPS: 13208
SPS: 13208
SPS: 13212
SPS: 13212
SPS: 13216
SPS: 13215
SPS: 13219
SPS: 13218
SPS: 13222
SPS: 13222
SPS: 13222
SPS: 13221
SPS: 13222
SPS: 13222
SPS: 13225
SPS: 13224
SPS: 13227
SPS: 13227
SPS: 13230
SPS: 13229
SPS: 13232
SPS: 13232
SPS: 13234
SPS: 13234
SPS: 13237
SPS: 13236
SPS: 13239
SPS: 13238
SPS: 13240
SPS: 13240
SPS: 13240
SPS: 13239
SPS: 13240
SPS: 13239
SPS: 13242
SPS: 13241
SPS: 13244
SPS: 13243
SPS: 13246
SPS: 13245
SPS: 13248
SPS: 13247
SPS: 13249
SPS: 13248
SPS: 13251
SPS: 13250
SPS: 13253
SPS: 13252
SPS: 13252
SPS: 13252
SPS: 13252
SPS: 13251
SPS: 13252
SPS: 13251
SPS: 13254
SPS: 13253
SPS: 13255
SPS: 13255
SPS: 13257
SPS: 13257
SPS: 13259
SPS: 13258
SPS: 13260
SPS: 13260
SPS: 13262
SPS: 13261
SPS: 13264
SPS: 13263
SPS: 13264
SPS: 13263
SPS: 13263
SPS: 13263
SPS: 13265
SPS: 13264
SPS: 13266
SPS: 13266
SPS: 13268
SPS: 13268
SPS: 13270
SPS: 13269
SPS: 13272
SPS: 13271
SPS: 13274
SPS: 13273
SPS: 13276
SPS: 13275
SPS: 13278
SPS: 13277
SPS: 13277
SPS: 13277
SPS: 13277
SPS: 13276
SPS: 13279
SPS: 13278
SPS: 13280
SPS: 13280
SPS: 13282
SPS: 13282
SPS: 13284
SPS: 13284
SPS: 13286
SPS: 13285
SPS: 13287
SPS: 13286
SPS: 13288
SPS: 13288
SPS: 13289
SPS: 13289
SPS: 13288
SPS: 13288
SPS: 13288
SPS: 13288
SPS: 13290
SPS: 13289
SPS: 13291
SPS: 13290
SPS: 13292
SPS: 13291
SPS: 13293
SPS: 13293
SPS: 13294
SPS: 13294
SPS: 13296
SPS: 13295
SPS: 13297
SPS: 13297
SPS: 13298
SPS: 13297
SPS: 13297
SPS: 13296
SPS: 13296
SPS: 13296
SPS: 13298
SPS: 13297
SPS: 13299
SPS: 13298
SPS: 13300
SPS: 13299
SPS: 13301
SPS: 13300
SPS: 13302
SPS: 13301
SPS: 13303
SPS: 13302
SPS: 13304
SPS: 13303
SPS: 13304
SPS: 13304
SPS: 13303
SPS: 13303
SPS: 13302
SPS: 13302
SPS: 13303
SPS: 13303
SPS: 13304
SPS: 13304
SPS: 13305
SPS: 13305
SPS: 13306
SPS: 13305
SPS: 13307
SPS: 13306
SPS: 13307
SPS: 13307
SPS: 13308
SPS: 13307
SPS: 13308
SPS: 13307
SPS: 13307
SPS: 13307
SPS: 13306
SPS: 13306
SPS: 13307
SPS: 13306
SPS: 13307
SPS: 13307
SPS: 13308
SPS: 13308
SPS: 13309
SPS: 13309
SPS: 13309
SPS: 13309
SPS: 13310
SPS: 13310
SPS: 13311
SPS: 13310
SPS: 13310
SPS: 13309
SPS: 13309
SPS: 13308
SPS: 13308
SPS: 13308
SPS: 13309
SPS: 13308
SPS: 13309
SPS: 13308
SPS: 13309
SPS: 13309
Model saved to checkpoints/torch_scoreg_layout2/sp_pop_ppo_2net_invisible/grid5_img3_ni2_nw4_ms30_comm_field100/seed1/agent_0_step_76800000.pt
Model saved to checkpoints/torch_scoreg_layout2/sp_pop_ppo_2net_invisible/grid5_img3_ni2_nw4_ms30_comm_field100/seed1/agent_1_step_76800000.pt
SPS: 13310
SPS: 13309
SPS: 13310
SPS: 13309
SPS: 13310
SPS: 13310
SPS: 13311
SPS: 13310
SPS: 13309
SPS: 13309
SPS: 13308
SPS: 13307
SPS: 13307
SPS: 13307
SPS: 13307
SPS: 13307
SPS: 13308
SPS: 13307
SPS: 13308
SPS: 13308
SPS: 13309
SPS: 13308
SPS: 13309
SPS: 13309
SPS: 13309
SPS: 13309
SPS: 13310
SPS: 13309
SPS: 13308
SPS: 13308
SPS: 13307
SPS: 13307
SPS: 13307
SPS: 13307
SPS: 13307
SPS: 13307
SPS: 13307
SPS: 13307
SPS: 13308
SPS: 13307
SPS: 13308
SPS: 13308
SPS: 13308
SPS: 13308
SPS: 13309
SPS: 13308
SPS: 13309
SPS: 13308
SPS: 13307
SPS: 13307
SPS: 13307
SPS: 13306
SPS: 13307
SPS: 13307
SPS: 13307
SPS: 13307
SPS: 13308
SPS: 13308
SPS: 13308
SPS: 13308
SPS: 13308
SPS: 13308
SPS: 13308
SPS: 13308
SPS: 13309
SPS: 13309
SPS: 13308
SPS: 13308
SPS: 13307
SPS: 13306
SPS: 13307
SPS: 13306
SPS: 13307
SPS: 13307
SPS: 13308
SPS: 13307
SPS: 13308
SPS: 13308
SPS: 13308
SPS: 13308
SPS: 13309
SPS: 13309
SPS: 13309
SPS: 13309
SPS: 13309
SPS: 13309
SPS: 13307
SPS: 13307
SPS: 13306
SPS: 13306
SPS: 13306
SPS: 13306
SPS: 13306
SPS: 13306
SPS: 13307
SPS: 13306
SPS: 13307
SPS: 13307
SPS: 13307
SPS: 13307
SPS: 13307
SPS: 13307
SPS: 13308
SPS: 13307
SPS: 13307
SPS: 13307
SPS: 13306
SPS: 13305
SPS: 13305
SPS: 13305
SPS: 13305
SPS: 13305
SPS: 13306
SPS: 13305
SPS: 13306
SPS: 13305
SPS: 13306
SPS: 13306
SPS: 13306
SPS: 13306
SPS: 13306
SPS: 13306
SPS: 13307
SPS: 13306
SPS: 13305
SPS: 13305
SPS: 13304
SPS: 13303
SPS: 13304
SPS: 13303
SPS: 13304
SPS: 13304
SPS: 13304
SPS: 13304
SPS: 13305
SPS: 13304
SPS: 13305
SPS: 13305
SPS: 13305
SPS: 13305
SPS: 13305
SPS: 13305
SPS: 13306
SPS: 13305
SPS: 13305
SPS: 13305
SPS: 13304
SPS: 13303
SPS: 13303
SPS: 13303
SPS: 13303
SPS: 13303
SPS: 13303
SPS: 13303
SPS: 13304
SPS: 13303
SPS: 13304
SPS: 13304
SPS: 13304
SPS: 13304
SPS: 13304
SPS: 13304
SPS: 13304
SPS: 13304
SPS: 13302
SPS: 13302
SPS: 13302
SPS: 13302
SPS: 13302
SPS: 13301
SPS: 13302
SPS: 13302
SPS: 13302
SPS: 13302
SPS: 13302
SPS: 13302
SPS: 13302
SPS: 13302
SPS: 13303
SPS: 13302
SPS: 13303
SPS: 13302
SPS: 13302
SPS: 13302
SPS: 13300
SPS: 13300
SPS: 13300
SPS: 13300
Final model of network 0 saved to checkpoints/torch_scoreg_layout2/sp_pop_ppo_2net_invisible/grid5_img3_ni2_nw4_ms30_comm_field100/seed1/agent_0_step_99993600.pt
Final model of network 1 saved to checkpoints/torch_scoreg_layout2/sp_pop_ppo_2net_invisible/grid5_img3_ni2_nw4_ms30_comm_field100/seed1/agent_1_step_99993600.pt
/mnt/iusers01/fatpou01/compsci01/n70579mp/.conda/envs/habitat/lib/python3.9/site-packages/tyro/_parsers.py:353: UserWarning: The field `target-kl` is annotated with type `<class 'float'>`, but the default value `None` has type `<class 'NoneType'>`. We'll try to handle this gracefully, but it may cause unexpected behavior.
  warnings.warn(message)
wandb: Currently logged in as: maytusp to https://api.wandb.ai. Use `wandb login --relogin` to force relogin
wandb: setting up run l2b57qdx
wandb: Tracking run with wandb version 0.23.1
wandb: Run data is saved locally in /net/scratch/n70579mp/emergent_language/foraging_game/wandb/run-20260504_195420-l2b57qdx
wandb: Run `wandb offline` to turn off syncing.
wandb: Syncing run sp_pop_ppo_2net_invisible/grid5_img3_ni2_nw4_ms30_comm_field100_seed2
wandb: ⭐️ View project at https://wandb.ai/maytusp/scoreg_layout2
wandb: 🚀 View run at https://wandb.ai/maytusp/scoreg_layout2/runs/l2b57qdx
parsed seed: 2
run_name: sp_pop_ppo_2net_invisible/grid5_img3_ni2_nw4_ms30_comm_field100_seed2
save_dir: checkpoints/torch_scoreg_layout2/sp_pop_ppo_2net_invisible/grid5_img3_ni2_nw4_ms30_comm_field100/seed2/
[1;34mwandb[0m: 
[1;34mwandb[0m: 🚀 View run [33msp_pop_ppo_2net_invisible/grid5_img3_ni2_nw4_ms30_comm_field100_seed2[0m at: [34mhttps://wandb.ai/maytusp/scoreg_layout2/runs/l2b57qdx[0m
[1;34mwandb[0m: Find logs at: [1;35m../../../../../../../../net/scratch/n70579mp/emergent_language/foraging_game/wandb/run-20260504_195420-l2b57qdx/logs[0m
NUM PARAMS: 192246
NUM PARAMS: 192246
SPS: 2344
SPS: 2340
SPS: 4195
SPS: 4188
SPS: 5705
SPS: 5697
SPS: 6950
SPS: 6941
SPS: 7989
SPS: 7979
SPS: 8865
SPS: 8856
SPS: 9604
SPS: 9595
SPS: 10234
SPS: 10224
SPS: 10782
SPS: 10773
SPS: 11262
SPS: 11253
SPS: 11683
SPS: 11674
SPS: 12053
SPS: 12044
SPS: 12369
SPS: 12358
SPS: 12628
SPS: 12620
SPS: 12870
SPS: 12860
SPS: 13090
SPS: 13082
SPS: 13313
SPS: 13305
SPS: 13510
SPS: 13502
SPS: 13685
SPS: 13678
SPS: 13846
SPS: 13839
SPS: 13990
SPS: 13983
SPS: 14121
SPS: 14115
SPS: 14246
SPS: 14240
SPS: 14365
SPS: 14358
SPS: 14465
SPS: 14459
SPS: 14552
SPS: 14545
SPS: 14619
SPS: 14611
SPS: 14684
SPS: 14678
SPS: 14736
SPS: 14731
SPS: 14720
SPS: 14714
SPS: 14787
SPS: 14782
SPS: 14847
SPS: 14842
SPS: 14902
SPS: 14897
SPS: 14952
SPS: 14947
SPS: 14995
SPS: 14990
SPS: 15033
SPS: 15028
SPS: 15066
SPS: 15061
SPS: 15096
SPS: 15091
SPS: 15120
SPS: 15116
SPS: 15125
SPS: 15121
SPS: 15122
SPS: 15118
SPS: 15138
SPS: 15134
SPS: 15154
SPS: 15150
SPS: 15168
SPS: 15164
SPS: 15177
SPS: 15173
SPS: 15183
SPS: 15179
SPS: 15184
SPS: 15180
SPS: 15184
SPS: 15181
SPS: 15180
SPS: 15176
SPS: 15169
SPS: 15166
SPS: 15147
SPS: 15143
SPS: 15118
SPS: 15113
SPS: 15099
SPS: 15096
SPS: 15086
SPS: 15083
SPS: 15070
SPS: 15067
SPS: 15053
SPS: 15050
SPS: 15036
SPS: 15033
SPS: 15005
SPS: 15002
SPS: 14986
SPS: 14983
SPS: 14969
SPS: 14966
SPS: 14953
SPS: 14950
SPS: 14924
SPS: 14921
SPS: 14894
SPS: 14891
SPS: 14865
SPS: 14862
SPS: 14843
SPS: 14841
SPS: 14818
SPS: 14816
SPS: 14797
SPS: 14795
SPS: 14774
SPS: 14772
SPS: 14751
SPS: 14749
SPS: 14729
SPS: 14726
SPS: 14705
SPS: 14702
SPS: 14674
SPS: 14671
SPS: 14643
SPS: 14640
SPS: 14616
SPS: 14614
SPS: 14594
SPS: 14592
SPS: 14571
SPS: 14569
SPS: 14548
SPS: 14546
SPS: 14526
SPS: 14524
SPS: 14505
SPS: 14503
SPS: 14484
SPS: 14482
SPS: 14463
SPS: 14461
SPS: 14434
SPS: 14432
SPS: 14405
SPS: 14403
SPS: 14383
SPS: 14381
SPS: 14360
SPS: 14358
SPS: 14339
SPS: 14337
SPS: 14319
SPS: 14317
SPS: 14295
SPS: 14293
SPS: 14273
SPS: 14272
SPS: 14251
SPS: 14249
SPS: 14223
SPS: 14222
SPS: 14196
SPS: 14194
SPS: 14175
SPS: 14174
SPS: 14154
SPS: 14152
SPS: 14133
SPS: 14132
SPS: 14115
SPS: 14113
SPS: 14095
SPS: 14094
SPS: 14076
SPS: 14075
SPS: 14057
SPS: 14056
SPS: 14034
SPS: 14033
SPS: 14010
SPS: 14008
SPS: 13990
SPS: 13989
SPS: 13970
SPS: 13969
SPS: 13948
SPS: 13947
Model saved to checkpoints/torch_scoreg_layout2/sp_pop_ppo_2net_invisible/grid5_img3_ni2_nw4_ms30_comm_field100/seed2/agent_0_step_25600000.pt
Model saved to checkpoints/torch_scoreg_layout2/sp_pop_ppo_2net_invisible/grid5_img3_ni2_nw4_ms30_comm_field100/seed2/agent_1_step_25600000.pt
SPS: 13929
SPS: 13927
SPS: 13910
SPS: 13909
SPS: 13892
SPS: 13890
SPS: 13874
SPS: 13873
SPS: 13852
SPS: 13850
SPS: 13828
SPS: 13826
SPS: 13811
SPS: 13810
SPS: 13789
SPS: 13788
SPS: 13771
SPS: 13770
SPS: 13755
SPS: 13754
SPS: 13739
SPS: 13738
SPS: 13724
SPS: 13723
SPS: 13707
SPS: 13706
SPS: 13689
SPS: 13688
SPS: 13673
SPS: 13671
SPS: 13659
SPS: 13658
SPS: 13646
SPS: 13645
SPS: 13632
SPS: 13631
SPS: 13616
SPS: 13615
SPS: 13603
SPS: 13602
SPS: 13590
SPS: 13588
SPS: 13571
SPS: 13570
SPS: 13552
SPS: 13551
SPS: 13539
SPS: 13538
SPS: 13526
SPS: 13525
SPS: 13513
SPS: 13512
SPS: 13500
SPS: 13499
SPS: 13487
SPS: 13486
SPS: 13474
SPS: 13473
SPS: 13461
SPS: 13460
SPS: 13445
SPS: 13444
SPS: 13432
SPS: 13431
SPS: 13420
SPS: 13419
SPS: 13408
SPS: 13408
SPS: 13398
SPS: 13397
SPS: 13387
SPS: 13386
SPS: 13375
SPS: 13374
SPS: 13365
SPS: 13364
SPS: 13351
SPS: 13350
SPS: 13336
SPS: 13335
SPS: 13325
SPS: 13324
SPS: 13314
SPS: 13313
SPS: 13267
SPS: 13266
SPS: 13256
SPS: 13255
SPS: 13245
SPS: 13244
SPS: 13234
SPS: 13234
SPS: 13220
SPS: 13218
SPS: 13205
SPS: 13204
SPS: 13194
SPS: 13194
SPS: 13184
SPS: 13183
SPS: 13174
SPS: 13173
SPS: 13164
SPS: 13163
SPS: 13154
SPS: 13153
SPS: 13144
SPS: 13143
SPS: 13131
SPS: 13131
SPS: 13118
SPS: 13117
SPS: 13106
SPS: 13106
SPS: 13097
SPS: 13096
SPS: 13086
SPS: 13086
SPS: 13077
SPS: 13077
SPS: 13068
SPS: 13067
SPS: 13058
SPS: 13058
SPS: 13048
SPS: 13047
SPS: 13035
SPS: 13034
SPS: 13025
SPS: 13024
SPS: 13016
SPS: 13015
SPS: 13007
SPS: 13006
SPS: 12998
SPS: 12998
SPS: 12989
SPS: 12989
SPS: 12980
SPS: 12980
SPS: 12972
SPS: 12971
SPS: 12961
SPS: 12960
SPS: 12947
SPS: 12947
SPS: 12929
SPS: 12928
SPS: 12920
SPS: 12919
SPS: 12911
SPS: 12911
SPS: 12903
SPS: 12902
SPS: 12861
SPS: 12861
SPS: 12853
SPS: 12852
SPS: 12846
SPS: 12845
SPS: 12834
SPS: 12834
SPS: 12825
SPS: 12824
SPS: 12818
SPS: 12817
SPS: 12810
SPS: 12810
SPS: 12803
SPS: 12803
SPS: 12796
SPS: 12796
SPS: 12756
SPS: 12755
SPS: 12749
SPS: 12748
SPS: 12740
SPS: 12739
SPS: 12731
SPS: 12730
SPS: 12691
SPS: 12690
SPS: 12684
SPS: 12683
SPS: 12677
SPS: 12677
SPS: 12671
SPS: 12670
SPS: 12665
SPS: 12664
SPS: 12656
SPS: 12655
SPS: 12619
SPS: 12618
SPS: 12610
SPS: 12609
SPS: 12602
SPS: 12601
[Food Spawn Schedule] global_step=50012160: food_spawn_on_agent_cells False -> True
SPS: 12605
SPS: 12605
SPS: 12625
SPS: 12624
SPS: 12642
SPS: 12641
SPS: 12657
SPS: 12656
SPS: 12670
SPS: 12669
Model saved to checkpoints/torch_scoreg_layout2/sp_pop_ppo_2net_invisible/grid5_img3_ni2_nw4_ms30_comm_field100/seed2/agent_0_step_51200000.pt
Model saved to checkpoints/torch_scoreg_layout2/sp_pop_ppo_2net_invisible/grid5_img3_ni2_nw4_ms30_comm_field100/seed2/agent_1_step_51200000.pt
SPS: 12629
SPS: 12629
SPS: 12639
SPS: 12639
SPS: 12649
SPS: 12649
SPS: 12629
SPS: 12628
SPS: 12635
SPS: 12634
SPS: 12622
SPS: 12622
SPS: 12617
SPS: 12616
SPS: 12624
SPS: 12624
SPS: 12632
SPS: 12631
SPS: 12638
SPS: 12638
SPS: 12645
SPS: 12644
SPS: 12651
SPS: 12650
SPS: 12656
SPS: 12656
SPS: 12629
SPS: 12628
SPS: 12632
SPS: 12631
SPS: 12636
SPS: 12636
SPS: 12642
SPS: 12641
SPS: 12647
SPS: 12646
SPS: 12652
SPS: 12651
SPS: 12657
SPS: 12656
SPS: 12661
SPS: 12660
SPS: 12665
SPS: 12665
SPS: 12670
SPS: 12670
SPS: 12674
SPS: 12673
SPS: 12675
SPS: 12675
SPS: 12678
SPS: 12678
SPS: 12682
SPS: 12682
SPS: 12687
SPS: 12686
SPS: 12691
SPS: 12691
SPS: 12694
SPS: 12693
SPS: 12697
SPS: 12697
SPS: 12656
SPS: 12656
SPS: 12659
SPS: 12659
SPS: 12659
SPS: 12659
SPS: 12653
SPS: 12652
SPS: 12656
SPS: 12656
SPS: 12660
SPS: 12659
SPS: 12642
SPS: 12642
SPS: 12646
SPS: 12646
SPS: 12642
SPS: 12642
SPS: 12646
SPS: 12645
SPS: 12650
SPS: 12649
SPS: 12653
SPS: 12652
SPS: 12654
SPS: 12654
SPS: 12654
SPS: 12654
SPS: 12658
SPS: 12657
SPS: 12662
SPS: 12661
SPS: 12666
SPS: 12665
SPS: 12668
SPS: 12667
SPS: 12671
SPS: 12670
SPS: 12674
SPS: 12674
SPS: 12678
SPS: 12678
SPS: 12681
SPS: 12681
SPS: 12682
SPS: 12682
SPS: 12684
SPS: 12684
SPS: 12683
SPS: 12683
SPS: 12687
SPS: 12686
SPS: 12653
SPS: 12652
SPS: 12656
SPS: 12655
SPS: 12659
SPS: 12659
SPS: 12655
SPS: 12654
SPS: 12656
SPS: 12655
SPS: 12657
SPS: 12657
SPS: 12652
SPS: 12651
SPS: 12655
SPS: 12654
SPS: 12645
SPS: 12645
SPS: 12648
SPS: 12648
SPS: 12626
SPS: 12625
SPS: 12629
SPS: 12628
SPS: 12632
SPS: 12631
SPS: 12629
SPS: 12629
SPS: 12629
SPS: 12629
SPS: 12630
SPS: 12630
SPS: 12633
SPS: 12632
SPS: 12636
SPS: 12636
SPS: 12639
SPS: 12639
SPS: 12626
SPS: 12626
SPS: 12629
SPS: 12629
SPS: 12632
SPS: 12631
SPS: 12635
SPS: 12634
SPS: 12637
SPS: 12637
SPS: 12638
SPS: 12638
SPS: 12639
SPS: 12639
SPS: 12642
SPS: 12642
SPS: 12645
SPS: 12645
SPS: 12648
SPS: 12648
SPS: 12651
SPS: 12651
SPS: 12654
SPS: 12654
SPS: 12657
SPS: 12657
SPS: 12660
SPS: 12660
SPS: 12663
SPS: 12662
SPS: 12664
SPS: 12663
SPS: 12665
SPS: 12664
SPS: 12666
SPS: 12665
SPS: 12664
SPS: 12664
SPS: 12667
SPS: 12667
SPS: 12665
SPS: 12665
SPS: 12662
SPS: 12661
SPS: 12664
SPS: 12664
SPS: 12667
SPS: 12666
SPS: 12669
SPS: 12669
SPS: 12671
SPS: 12671
SPS: 12672
SPS: 12671
SPS: 12673
SPS: 12672
Model saved to checkpoints/torch_scoreg_layout2/sp_pop_ppo_2net_invisible/grid5_img3_ni2_nw4_ms30_comm_field100/seed2/agent_0_step_76800000.pt
Model saved to checkpoints/torch_scoreg_layout2/sp_pop_ppo_2net_invisible/grid5_img3_ni2_nw4_ms30_comm_field100/seed2/agent_1_step_76800000.pt
SPS: 12675
SPS: 12674
SPS: 12677
SPS: 12677
SPS: 12680
SPS: 12680
SPS: 12682
SPS: 12682
SPS: 12685
SPS: 12685
SPS: 12687
SPS: 12687
SPS: 12690
SPS: 12689
SPS: 12692
SPS: 12691
SPS: 12692
SPS: 12692
SPS: 12693
SPS: 12692
SPS: 12695
SPS: 12695
SPS: 12697
SPS: 12697
SPS: 12700
SPS: 12700
SPS: 12703
SPS: 12702
SPS: 12705
SPS: 12705
SPS: 12707
SPS: 12707
SPS: 12709
SPS: 12709
SPS: 12711
SPS: 12711
SPS: 12712
SPS: 12711
SPS: 12712
SPS: 12712
SPS: 12713
SPS: 12713
SPS: 12716
SPS: 12715
SPS: 12718
SPS: 12718
SPS: 12720
SPS: 12719
SPS: 12722
SPS: 12722
SPS: 12724
SPS: 12724
SPS: 12726
SPS: 12725
SPS: 12727
SPS: 12727
SPS: 12728
SPS: 12727
SPS: 12729
SPS: 12728
SPS: 12731
SPS: 12730
SPS: 12733
SPS: 12732
SPS: 12735
SPS: 12734
SPS: 12737
SPS: 12736
SPS: 12739
SPS: 12738
SPS: 12740
SPS: 12740
SPS: 12742
SPS: 12742
SPS: 12744
SPS: 12743
SPS: 12744
SPS: 12744
SPS: 12743
SPS: 12743
SPS: 12745
SPS: 12744
SPS: 12747
SPS: 12746
SPS: 12749
SPS: 12748
SPS: 12751
SPS: 12750
SPS: 12753
SPS: 12752
SPS: 12755
SPS: 12754
SPS: 12756
SPS: 12756
SPS: 12758
SPS: 12757
SPS: 12758
SPS: 12757
SPS: 12758
SPS: 12757
SPS: 12760
SPS: 12759
SPS: 12761
SPS: 12761
SPS: 12752
SPS: 12752
SPS: 12754
SPS: 12754
SPS: 12756
SPS: 12756
SPS: 12758
SPS: 12757
SPS: 12760
SPS: 12759
SPS: 12760
SPS: 12760
SPS: 12760
SPS: 12760
SPS: 12752
SPS: 12751
SPS: 12754
SPS: 12753
SPS: 12742
SPS: 12742
SPS: 12743
SPS: 12743
SPS: 12721
SPS: 12720
SPS: 12722
SPS: 12722
SPS: 12723
SPS: 12723
SPS: 12710
SPS: 12710
SPS: 12711
SPS: 12710
SPS: 12712
SPS: 12712
SPS: 12714
SPS: 12714
SPS: 12716
SPS: 12716
SPS: 12695
SPS: 12695
SPS: 12697
SPS: 12696
SPS: 12699
SPS: 12698
SPS: 12697
SPS: 12697
SPS: 12697
SPS: 12697
SPS: 12698
SPS: 12698
SPS: 12700
SPS: 12700
SPS: 12701
SPS: 12701
SPS: 12703
SPS: 12703
SPS: 12684
SPS: 12684
SPS: 12686
SPS: 12685
SPS: 12645
SPS: 12645
SPS: 12645
SPS: 12645
SPS: 12646
SPS: 12646
SPS: 12647
SPS: 12647
SPS: 12649
SPS: 12649
SPS: 12651
SPS: 12651
SPS: 12653
SPS: 12653
SPS: 12655
SPS: 12655
SPS: 12657
SPS: 12657
SPS: 12659
SPS: 12658
SPS: 12661
SPS: 12660
SPS: 12661
SPS: 12661
Final model of network 0 saved to checkpoints/torch_scoreg_layout2/sp_pop_ppo_2net_invisible/grid5_img3_ni2_nw4_ms30_comm_field100/seed2/agent_0_step_99993600.pt
Final model of network 1 saved to checkpoints/torch_scoreg_layout2/sp_pop_ppo_2net_invisible/grid5_img3_ni2_nw4_ms30_comm_field100/seed2/agent_1_step_99993600.pt
/mnt/iusers01/fatpou01/compsci01/n70579mp/.conda/envs/habitat/lib/python3.9/site-packages/tyro/_parsers.py:353: UserWarning: The field `target-kl` is annotated with type `<class 'float'>`, but the default value `None` has type `<class 'NoneType'>`. We'll try to handle this gracefully, but it may cause unexpected behavior.
  warnings.warn(message)
wandb: Currently logged in as: maytusp to https://api.wandb.ai. Use `wandb login --relogin` to force relogin
wandb: setting up run 4ksqoal4
wandb: Tracking run with wandb version 0.23.1
wandb: Run data is saved locally in /net/scratch/n70579mp/emergent_language/foraging_game/wandb/run-20260504_221014-4ksqoal4
wandb: Run `wandb offline` to turn off syncing.
wandb: Syncing run sp_pop_ppo_2net_invisible/grid5_img3_ni2_nw4_ms30_comm_field100_seed3
wandb: ⭐️ View project at https://wandb.ai/maytusp/scoreg_layout2
wandb: 🚀 View run at https://wandb.ai/maytusp/scoreg_layout2/runs/4ksqoal4
parsed seed: 3
run_name: sp_pop_ppo_2net_invisible/grid5_img3_ni2_nw4_ms30_comm_field100_seed3
save_dir: checkpoints/torch_scoreg_layout2/sp_pop_ppo_2net_invisible/grid5_img3_ni2_nw4_ms30_comm_field100/seed3/
[1;34mwandb[0m: 
[1;34mwandb[0m: 🚀 View run [33msp_pop_ppo_2net_invisible/grid5_img3_ni2_nw4_ms30_comm_field100_seed3[0m at: [34mhttps://wandb.ai/maytusp/scoreg_layout2/runs/4ksqoal4[0m
[1;34mwandb[0m: Find logs at: [1;35m../../../../../../../../net/scratch/n70579mp/emergent_language/foraging_game/wandb/run-20260504_221014-4ksqoal4/logs[0m
NUM PARAMS: 192246
NUM PARAMS: 192246
SPS: 2536
SPS: 2531
SPS: 4493
SPS: 4486
SPS: 6036
SPS: 6025
SPS: 7299
SPS: 7289
SPS: 8041
SPS: 8031
SPS: 8924
SPS: 8914
SPS: 9678
SPS: 9669
SPS: 10320
SPS: 10310
SPS: 10863
SPS: 10854
SPS: 11336
SPS: 11327
SPS: 11744
SPS: 11734
SPS: 12099
SPS: 12090
SPS: 12419
SPS: 12410
SPS: 12711
SPS: 12702
SPS: 12664
SPS: 12654
SPS: 12875
SPS: 12867
SPS: 13062
SPS: 13055
SPS: 13247
SPS: 13238
SPS: 13429
SPS: 13421
SPS: 13594
SPS: 13588
SPS: 13752
SPS: 13746
SPS: 13895
SPS: 13888
SPS: 14026
SPS: 14019
SPS: 14136
SPS: 14130
SPS: 14242
SPS: 14236
SPS: 14345
SPS: 14339
SPS: 14438
SPS: 14432
SPS: 13942
SPS: 13936
SPS: 14014
SPS: 14009
SPS: 14086
SPS: 14081
SPS: 14167
SPS: 14162
SPS: 14242
SPS: 14237
SPS: 14312
SPS: 14307
SPS: 14379
SPS: 14374
SPS: 14440
SPS: 14435
SPS: 14497
SPS: 14493
SPS: 14547
SPS: 14543
SPS: 14593
SPS: 14589
SPS: 14632
SPS: 14628
SPS: 14652
SPS: 14648
SPS: 14674
SPS: 14669
SPS: 14693
SPS: 14689
SPS: 14715
SPS: 14711
SPS: 14736
SPS: 14732
SPS: 14753
SPS: 14750
SPS: 14768
SPS: 14765
SPS: 14775
SPS: 14771
SPS: 14784
SPS: 14780
SPS: 14791
SPS: 14787
SPS: 14794
SPS: 14790
SPS: 14729
SPS: 14726
SPS: 14574
SPS: 14570
SPS: 14567
SPS: 14564
SPS: 14567
SPS: 14564
SPS: 14564
SPS: 14561
SPS: 14561
SPS: 14558
SPS: 14562
SPS: 14559
SPS: 14560
SPS: 14557
SPS: 14553
SPS: 14551
SPS: 14545
SPS: 14542
SPS: 14534
SPS: 14531
SPS: 14517
SPS: 14514
SPS: 14500
SPS: 14496
SPS: 14488
SPS: 14485
SPS: 14480
SPS: 14477
SPS: 14469
SPS: 14467
SPS: 14460
SPS: 14458
SPS: 14245
SPS: 14242
SPS: 14234
SPS: 14232
SPS: 14224
SPS: 14221
SPS: 14206
SPS: 14204
SPS: 14186
SPS: 14184
SPS: 14172
SPS: 14170
SPS: 14160
SPS: 14158
SPS: 14146
SPS: 14144
SPS: 14126
SPS: 14124
SPS: 14114
SPS: 14112
SPS: 14098
SPS: 14097
SPS: 14085
SPS: 14083
SPS: 14072
SPS: 14071
SPS: 14050
SPS: 14048
SPS: 14028
SPS: 14025
SPS: 14011
SPS: 14009
SPS: 13997
SPS: 13996
SPS: 13983
SPS: 13982
SPS: 13971
SPS: 13969
SPS: 13956
SPS: 13954
SPS: 13941
SPS: 13939
SPS: 13927
SPS: 13926
SPS: 13908
SPS: 13907
SPS: 13889
SPS: 13887
SPS: 13874
SPS: 13873
SPS: 13860
SPS: 13859
SPS: 13847
SPS: 13846
SPS: 13836
SPS: 13834
SPS: 13822
SPS: 13821
SPS: 13810
SPS: 13808
SPS: 13785
SPS: 13783
SPS: 13768
SPS: 13766
SPS: 13747
SPS: 13745
SPS: 13731
SPS: 13730
SPS: 13721
SPS: 13719
SPS: 13710
SPS: 13708
SPS: 13697
SPS: 13696
Model saved to checkpoints/torch_scoreg_layout2/sp_pop_ppo_2net_invisible/grid5_img3_ni2_nw4_ms30_comm_field100/seed3/agent_0_step_25600000.pt
Model saved to checkpoints/torch_scoreg_layout2/sp_pop_ppo_2net_invisible/grid5_img3_ni2_nw4_ms30_comm_field100/seed3/agent_1_step_25600000.pt
SPS: 13684
SPS: 13682
SPS: 13672
SPS: 13670
SPS: 13660
SPS: 13658
SPS: 13645
SPS: 13643
SPS: 13627
SPS: 13626
SPS: 13614
SPS: 13613
SPS: 13603
SPS: 13601
SPS: 13590
SPS: 13589
SPS: 13578
SPS: 13577
SPS: 13566
SPS: 13565
SPS: 13554
SPS: 13553
SPS: 13543
SPS: 13542
SPS: 13528
SPS: 13527
SPS: 13495
SPS: 13493
SPS: 13481
SPS: 13480
SPS: 13471
SPS: 13470
SPS: 13460
SPS: 13459
SPS: 13447
SPS: 13446
SPS: 13435
SPS: 13434
SPS: 13425
SPS: 13424
SPS: 13414
SPS: 13413
SPS: 13391
SPS: 13390
SPS: 13377
SPS: 13376
SPS: 13366
SPS: 13365
SPS: 13354
SPS: 13353
SPS: 13344
SPS: 13343
SPS: 13334
SPS: 13333
SPS: 13322
SPS: 13321
SPS: 13312
SPS: 13311
SPS: 13300
SPS: 13299
SPS: 13285
SPS: 13284
SPS: 13272
SPS: 13271
SPS: 13263
SPS: 13262
SPS: 13253
SPS: 13252
SPS: 13243
SPS: 13242
SPS: 13234
SPS: 13233
SPS: 13223
SPS: 13222
SPS: 13214
SPS: 13213
SPS: 13201
SPS: 13200
SPS: 13187
SPS: 13186
SPS: 13178
SPS: 13177
SPS: 13162
SPS: 13162
SPS: 13153
SPS: 13152
SPS: 13143
SPS: 13142
SPS: 13133
SPS: 13132
SPS: 13108
SPS: 13107
SPS: 13096
SPS: 13095
SPS: 13082
SPS: 13081
SPS: 13050
SPS: 13049
SPS: 13042
SPS: 13041
SPS: 13033
SPS: 13033
SPS: 13025
SPS: 13024
SPS: 13016
SPS: 13016
SPS: 13008
SPS: 13007
SPS: 12999
SPS: 12998
SPS: 12987
SPS: 12986
SPS: 12977
SPS: 12977
SPS: 12970
SPS: 12969
SPS: 12946
SPS: 12946
SPS: 12939
SPS: 12938
SPS: 12931
SPS: 12930
SPS: 12836
SPS: 12836
SPS: 12826
SPS: 12825
SPS: 12767
SPS: 12766
SPS: 12760
SPS: 12759
SPS: 12670
SPS: 12669
SPS: 12663
SPS: 12663
SPS: 12657
SPS: 12656
SPS: 12650
SPS: 12649
SPS: 12643
SPS: 12642
SPS: 12633
SPS: 12632
SPS: 12557
SPS: 12556
SPS: 12551
SPS: 12551
SPS: 12543
SPS: 12542
SPS: 12517
SPS: 12516
SPS: 12511
SPS: 12510
SPS: 12476
SPS: 12475
SPS: 12471
SPS: 12470
SPS: 12463
SPS: 12463
SPS: 12456
SPS: 12455
SPS: 12451
SPS: 12450
SPS: 12437
SPS: 12437
SPS: 12432
SPS: 12431
SPS: 12427
SPS: 12426
SPS: 12422
SPS: 12421
SPS: 12417
SPS: 12416
SPS: 12369
SPS: 12368
SPS: 12362
SPS: 12361
SPS: 12357
SPS: 12356
SPS: 12352
SPS: 12352
SPS: 12347
SPS: 12347
SPS: 12342
SPS: 12342
SPS: 12337
SPS: 12336
SPS: 12299
SPS: 12298
SPS: 12292
SPS: 12292
SPS: 12286
SPS: 12286
SPS: 12216
SPS: 12216
SPS: 12213
SPS: 12212
SPS: 12209
SPS: 12209
[Food Spawn Schedule] global_step=50012160: food_spawn_on_agent_cells False -> True
SPS: 12217
SPS: 12216
SPS: 12232
SPS: 12231
SPS: 12243
SPS: 12242
SPS: 12252
SPS: 12252
SPS: 12261
SPS: 12260
Model saved to checkpoints/torch_scoreg_layout2/sp_pop_ppo_2net_invisible/grid5_img3_ni2_nw4_ms30_comm_field100/seed3/agent_0_step_51200000.pt
Model saved to checkpoints/torch_scoreg_layout2/sp_pop_ppo_2net_invisible/grid5_img3_ni2_nw4_ms30_comm_field100/seed3/agent_1_step_51200000.pt
SPS: 12267
SPS: 12266
SPS: 12271
SPS: 12271
SPS: 12276
SPS: 12275
SPS: 12282
SPS: 12281
SPS: 12288
SPS: 12287
SPS: 12294
SPS: 12294
SPS: 12300
SPS: 12300
SPS: 12306
SPS: 12305
SPS: 12302
SPS: 12301
SPS: 12308
SPS: 12307
SPS: 12314
SPS: 12313
SPS: 12317
SPS: 12317
SPS: 12320
SPS: 12320
SPS: 12320
SPS: 12319
SPS: 12325
SPS: 12325
SPS: 12330
SPS: 12330
SPS: 12299
SPS: 12299
SPS: 12304
SPS: 12304
SPS: 12297
SPS: 12297
SPS: 12301
SPS: 12301
SPS: 12303
SPS: 12303
SPS: 12303
SPS: 12303
SPS: 12308
SPS: 12307
SPS: 12312
SPS: 12312
SPS: 12317
SPS: 12316
SPS: 12321
SPS: 12321
SPS: 12326
SPS: 12325
SPS: 12326
SPS: 12326
SPS: 12330
SPS: 12330
SPS: 12334
SPS: 12334
SPS: 12337
SPS: 12337
SPS: 12339
SPS: 12338
SPS: 12342
SPS: 12342
SPS: 12317
SPS: 12316
SPS: 12321
SPS: 12320
SPS: 12300
SPS: 12299
SPS: 12303
SPS: 12302
SPS: 12306
SPS: 12306
SPS: 12282
SPS: 12282
SPS: 12284
SPS: 12283
SPS: 12286
SPS: 12285
SPS: 12272
SPS: 12272
SPS: 12276
SPS: 12275
SPS: 12279
SPS: 12278
SPS: 12241
SPS: 12240
SPS: 12244
SPS: 12243
SPS: 12247
SPS: 12247
SPS: 12251
SPS: 12250
SPS: 12252
SPS: 12252
SPS: 12254
SPS: 12254
SPS: 12251
SPS: 12251
SPS: 12254
SPS: 12254
SPS: 12257
SPS: 12257
SPS: 12261
SPS: 12260
SPS: 12255
SPS: 12254
SPS: 12258
SPS: 12258
SPS: 12262
SPS: 12261
SPS: 12265
SPS: 12264
SPS: 12268
SPS: 12268
SPS: 12271
SPS: 12271
SPS: 12272
SPS: 12272
SPS: 12274
SPS: 12274
SPS: 12278
SPS: 12277
SPS: 12281
SPS: 12281
SPS: 12284
SPS: 12284
SPS: 12223
SPS: 12222
SPS: 12226
SPS: 12225
SPS: 12191
SPS: 12191
SPS: 12193
SPS: 12192
SPS: 12194
SPS: 12193
SPS: 12197
SPS: 12197
SPS: 12200
SPS: 12199
SPS: 12203
SPS: 12202
SPS: 12189
SPS: 12189
SPS: 12192
SPS: 12192
SPS: 12195
SPS: 12195
SPS: 12199
SPS: 12198
SPS: 12202
SPS: 12201
SPS: 12203
SPS: 12202
SPS: 12204
SPS: 12204
SPS: 12203
SPS: 12203
SPS: 12206
SPS: 12206
SPS: 12210
SPS: 12209
SPS: 12212
SPS: 12212
SPS: 12215
SPS: 12215
SPS: 12218
SPS: 12218
SPS: 12221
SPS: 12221
SPS: 12224
SPS: 12224
SPS: 12225
SPS: 12225
SPS: 12227
SPS: 12227
SPS: 12230
SPS: 12230
SPS: 12233
SPS: 12233
SPS: 12236
SPS: 12235
SPS: 12239
SPS: 12238
SPS: 12241
SPS: 12241
SPS: 12244
SPS: 12244
SPS: 12247
SPS: 12247
SPS: 12250
SPS: 12249
SPS: 12223
SPS: 12223
SPS: 12224
SPS: 12224
SPS: 12227
SPS: 12227
SPS: 12230
SPS: 12215
SPS: 12218
SPS: 12218
SPS: 12221
SPS: 12221
Model saved to checkpoints/torch_scoreg_layout2/sp_pop_ppo_2net_invisible/grid5_img3_ni2_nw4_ms30_comm_field100/seed3/agent_0_step_76800000.pt
Model saved to checkpoints/torch_scoreg_layout2/sp_pop_ppo_2net_invisible/grid5_img3_ni2_nw4_ms30_comm_field100/seed3/agent_1_step_76800000.pt
SPS: 12206
SPS: 12205
SPS: 12208
SPS: 12208
SPS: 12211
SPS: 12211
SPS: 12191
SPS: 12191
SPS: 12192
SPS: 12192
SPS: 12195
SPS: 12194
SPS: 12172
SPS: 12172
SPS: 12175
SPS: 12175
SPS: 12165
SPS: 12165
SPS: 12168
SPS: 12168
SPS: 12170
SPS: 12170
SPS: 12172
SPS: 12171
SPS: 12174
SPS: 12173
SPS: 12171
SPS: 12171
SPS: 12172
SPS: 12171
SPS: 12173
SPS: 12173
SPS: 12170
SPS: 12170
SPS: 12172
SPS: 12172
SPS: 12175
SPS: 12175
SPS: 12176
SPS: 12175
SPS: 12178
SPS: 12177
SPS: 12180
SPS: 12180
SPS: 12182
SPS: 12182
SPS: 12178
SPS: 12178
SPS: 12179
SPS: 12179
SPS: 12181
SPS: 12181
SPS: 12183
SPS: 12183
SPS: 12186
SPS: 12185
SPS: 12188
SPS: 12188
SPS: 12162
SPS: 12162
SPS: 12164
SPS: 12164
SPS: 12167
SPS: 12166
SPS: 12169
SPS: 12168
SPS: 12169
SPS: 12169
SPS: 12171
SPS: 12171
SPS: 12172
SPS: 12172
SPS: 12174
SPS: 12174
SPS: 12177
SPS: 12176
SPS: 12158
SPS: 12158
SPS: 12160
SPS: 12160
SPS: 12154
SPS: 12154
SPS: 12156
SPS: 12155
SPS: 12153
SPS: 12153
SPS: 12155
SPS: 12154
SPS: 12141
SPS: 12141
SPS: 12143
SPS: 12143
SPS: 12146
SPS: 12145
SPS: 12148
SPS: 12148
SPS: 12141
SPS: 12140
SPS: 12143
SPS: 12143
SPS: 12145
SPS: 12145
SPS: 12146
SPS: 12146
SPS: 12145
SPS: 12145
SPS: 12147
SPS: 12147
SPS: 12149
SPS: 12149
SPS: 12151
SPS: 12150
SPS: 12153
SPS: 12152
SPS: 12155
SPS: 12155
SPS: 12150
SPS: 12150
SPS: 12152
SPS: 12152
SPS: 12154
SPS: 12154
SPS: 12147
SPS: 12147
SPS: 12148
SPS: 12148
SPS: 12150
SPS: 12150
SPS: 12152
SPS: 12152
SPS: 12154
SPS: 12154
SPS: 12156
SPS: 12156
SPS: 12158
SPS: 12158
SPS: 12160
SPS: 12160
SPS: 12162
SPS: 12161
SPS: 12158
SPS: 12157
SPS: 12158
SPS: 12158
SPS: 12128
SPS: 12128
SPS: 12130
SPS: 12130
SPS: 12126
SPS: 12126
SPS: 12128
SPS: 12128
SPS: 12112
SPS: 12112
SPS: 12114
SPS: 12114
SPS: 12116
SPS: 12116
SPS: 12118
SPS: 12117
SPS: 12118
SPS: 12118
SPS: 12120
SPS: 12119
SPS: 12122
SPS: 12121
SPS: 12124
SPS: 12124
SPS: 12126
SPS: 12126
SPS: 12128
SPS: 12128
SPS: 12130
SPS: 12129
SPS: 12131
SPS: 12131
SPS: 12120
SPS: 12120
SPS: 12121
SPS: 12121
SPS: 12122
SPS: 12121
SPS: 12098
SPS: 12098
SPS: 12100
SPS: 12100
SPS: 12102
SPS: 12102
Final model of network 0 saved to checkpoints/torch_scoreg_layout2/sp_pop_ppo_2net_invisible/grid5_img3_ni2_nw4_ms30_comm_field100/seed3/agent_0_step_99993600.pt
Final model of network 1 saved to checkpoints/torch_scoreg_layout2/sp_pop_ppo_2net_invisible/grid5_img3_ni2_nw4_ms30_comm_field100/seed3/agent_1_step_99993600.pt
