Script directory: /mnt/iusers01/fatpou01/compsci01/n70579mp/scratch/emergent_language/foraging_game
/mnt/iusers01/fatpou01/compsci01/n70579mp/.conda/envs/habitat/lib/python3.9/site-packages/tyro/_parsers.py:353: UserWarning: The field `target-kl` is annotated with type `<class 'float'>`, but the default value `None` has type `<class 'NoneType'>`. We'll try to handle this gracefully, but it may cause unexpected behavior.
  warnings.warn(message)
wandb: Currently logged in as: maytusp to https://api.wandb.ai. Use `wandb login --relogin` to force relogin
wandb: setting up run 24q8m08f
wandb: Tracking run with wandb version 0.23.1
wandb: Run data is saved locally in /net/scratch/n70579mp/emergent_language/foraging_game/wandb/run-20260504_112353-24q8m08f
wandb: Run `wandb offline` to turn off syncing.
wandb: Syncing run pop_ppo_2net_invisible/grid5_img3_ni2_nw4_ms30_comm_field100_seed1
wandb: ⭐️ View project at https://wandb.ai/maytusp/scoreg_layout2
wandb: 🚀 View run at https://wandb.ai/maytusp/scoreg_layout2/runs/24q8m08f
parsed seed: 1
run_name: pop_ppo_2net_invisible/grid5_img3_ni2_nw4_ms30_comm_field100_seed1
save_dir: checkpoints/torch_scoreg_layout2/pop_ppo_2net_invisible/grid5_img3_ni2_nw4_ms30_comm_field100/seed1/
[1;34mwandb[0m: 
[1;34mwandb[0m: 🚀 View run [33mpop_ppo_2net_invisible/grid5_img3_ni2_nw4_ms30_comm_field100_seed1[0m at: [34mhttps://wandb.ai/maytusp/scoreg_layout2/runs/24q8m08f[0m
[1;34mwandb[0m: Find logs at: [1;35m../../../../../../../../net/scratch/n70579mp/emergent_language/foraging_game/wandb/run-20260504_112353-24q8m08f/logs[0m
NUM PARAMS: 192246
NUM PARAMS: 192246
SPS: 8115
SPS: 8017
SPS: 9286
SPS: 9219
SPS: 9685
SPS: 9633
SPS: 9961
SPS: 9926
SPS: 10022
SPS: 9988
SPS: 9957
SPS: 9928
SPS: 9919
SPS: 9897
SPS: 9844
SPS: 9827
SPS: 9909
SPS: 9893
SPS: 9954
SPS: 9940
SPS: 9989
SPS: 9976
SPS: 10017
SPS: 10006
SPS: 10040
SPS: 10029
SPS: 10053
SPS: 10042
SPS: 10057
SPS: 10047
SPS: 10057
SPS: 10048
SPS: 10052
SPS: 10044
SPS: 10043
SPS: 10035
SPS: 10031
SPS: 10023
SPS: 10024
SPS: 10018
SPS: 10024
SPS: 10018
SPS: 10015
SPS: 10008
SPS: 10002
SPS: 9996
SPS: 9994
SPS: 9989
SPS: 9988
SPS: 9982
SPS: 9984
SPS: 9979
SPS: 9974
SPS: 9969
SPS: 9965
SPS: 9961
SPS: 9951
SPS: 9946
SPS: 9937
SPS: 9932
SPS: 9923
SPS: 9918
SPS: 9906
SPS: 9902
SPS: 9893
SPS: 9889
SPS: 9878
SPS: 9875
SPS: 9864
SPS: 9861
SPS: 9862
SPS: 9859
SPS: 9857
SPS: 9854
SPS: 9850
SPS: 9847
SPS: 9833
SPS: 9829
SPS: 9774
SPS: 9769
SPS: 9753
SPS: 9750
SPS: 9740
SPS: 9737
SPS: 9723
SPS: 9720
SPS: 9670
SPS: 9666
SPS: 9600
SPS: 9596
SPS: 9534
SPS: 9530
SPS: 9505
SPS: 9503
SPS: 9464
SPS: 9460
SPS: 9422
SPS: 9420
SPS: 9404
SPS: 9401
SPS: 9372
SPS: 9370
SPS: 9358
SPS: 9355
SPS: 9338
SPS: 9335
SPS: 9307
SPS: 9305
SPS: 9291
SPS: 9289
SPS: 9275
SPS: 9273
SPS: 9257
SPS: 9255
SPS: 9226
SPS: 9224
SPS: 9205
SPS: 9203
SPS: 9184
SPS: 9182
SPS: 9162
SPS: 9160
SPS: 9140
SPS: 9138
SPS: 9118
SPS: 9116
SPS: 9076
SPS: 9074
SPS: 9032
SPS: 9030
SPS: 8998
SPS: 8996
SPS: 8948
SPS: 8946
SPS: 8914
SPS: 8912
SPS: 8865
SPS: 8863
SPS: 8826
SPS: 8824
SPS: 8780
SPS: 8778
SPS: 8751
SPS: 8750
SPS: 8733
SPS: 8732
SPS: 8716
SPS: 8714
SPS: 8697
SPS: 8696
SPS: 8679
SPS: 8678
SPS: 8661
SPS: 8660
SPS: 8644
SPS: 8643
SPS: 8627
SPS: 8626
SPS: 8606
SPS: 8605
SPS: 8584
SPS: 8583
SPS: 8567
SPS: 8565
SPS: 8539
SPS: 8538
SPS: 8501
SPS: 8500
SPS: 8464
SPS: 8462
SPS: 8445
SPS: 8444
SPS: 8434
SPS: 8433
SPS: 8419
SPS: 8418
SPS: 8402
SPS: 8401
SPS: 8385
SPS: 8384
SPS: 8370
SPS: 8369
SPS: 8355
SPS: 8354
SPS: 8340
SPS: 8339
SPS: 8325
SPS: 8324
SPS: 8310
SPS: 8309
SPS: 8295
SPS: 8294
SPS: 8280
SPS: 8279
SPS: 8264
SPS: 8263
SPS: 8233
SPS: 8231
SPS: 8202
SPS: 8201
SPS: 8172
SPS: 8171
SPS: 8143
SPS: 8142
SPS: 8115
SPS: 8114
SPS: 8102
SPS: 8102
Model saved to checkpoints/torch_scoreg_layout2/pop_ppo_2net_invisible/grid5_img3_ni2_nw4_ms30_comm_field100/seed1/agent_0_step_25600000.pt
Model saved to checkpoints/torch_scoreg_layout2/pop_ppo_2net_invisible/grid5_img3_ni2_nw4_ms30_comm_field100/seed1/agent_1_step_25600000.pt
SPS: 8090
SPS: 8089
SPS: 8077
SPS: 8076
SPS: 8065
SPS: 8065
SPS: 8053
SPS: 8052
SPS: 8038
SPS: 8037
SPS: 8021
SPS: 8020
SPS: 8010
SPS: 8009
SPS: 7999
SPS: 7998
SPS: 7986
SPS: 7986
SPS: 7975
SPS: 7974
SPS: 7963
SPS: 7962
SPS: 7946
SPS: 7945
SPS: 7922
SPS: 7921
SPS: 7909
SPS: 7908
SPS: 7896
SPS: 7896
SPS: 7890
SPS: 7890
SPS: 7884
SPS: 7883
SPS: 7877
SPS: 7876
SPS: 7870
SPS: 7870
SPS: 7864
SPS: 7863
SPS: 7857
SPS: 7857
SPS: 7850
SPS: 7850
SPS: 7839
SPS: 7838
SPS: 7823
SPS: 7823
SPS: 7808
SPS: 7807
SPS: 7793
SPS: 7792
SPS: 7777
SPS: 7776
SPS: 7761
SPS: 7760
SPS: 7746
SPS: 7745
SPS: 7740
SPS: 7740
SPS: 7735
SPS: 7735
SPS: 7729
SPS: 7728
SPS: 7718
SPS: 7717
SPS: 7712
SPS: 7711
SPS: 7698
SPS: 7697
SPS: 7691
SPS: 7691
SPS: 7686
SPS: 7685
SPS: 7674
SPS: 7673
SPS: 7661
SPS: 7660
SPS: 7655
SPS: 7655
SPS: 7650
SPS: 7650
SPS: 7645
SPS: 7645
SPS: 7634
SPS: 7634
SPS: 7629
SPS: 7628
SPS: 7624
SPS: 7623
SPS: 7618
SPS: 7618
SPS: 7613
SPS: 7612
SPS: 7608
SPS: 7607
SPS: 7602
SPS: 7602
SPS: 7597
SPS: 7596
SPS: 7589
SPS: 7589
SPS: 7585
SPS: 7584
SPS: 7579
SPS: 7579
SPS: 7572
SPS: 7572
SPS: 7567
SPS: 7567
SPS: 7556
SPS: 7555
SPS: 7549
SPS: 7549
SPS: 7538
SPS: 7537
SPS: 7527
SPS: 7526
SPS: 7515
SPS: 7515
SPS: 7504
SPS: 7503
SPS: 7493
SPS: 7492
SPS: 7487
SPS: 7487
SPS: 7483
SPS: 7483
SPS: 7473
SPS: 7473
SPS: 7468
SPS: 7467
SPS: 7464
SPS: 7463
SPS: 7460
SPS: 7460
SPS: 7456
SPS: 7456
SPS: 7452
SPS: 7452
SPS: 7448
SPS: 7448
SPS: 7445
SPS: 7445
SPS: 7442
SPS: 7441
SPS: 7438
SPS: 7438
SPS: 7434
SPS: 7434
SPS: 7428
SPS: 7428
SPS: 7424
SPS: 7424
SPS: 7421
SPS: 7420
SPS: 7417
SPS: 7417
SPS: 7414
SPS: 7413
SPS: 7410
SPS: 7410
SPS: 7406
SPS: 7406
SPS: 7403
SPS: 7402
SPS: 7399
SPS: 7398
SPS: 7390
SPS: 7390
SPS: 7381
SPS: 7381
SPS: 7376
SPS: 7375
SPS: 7366
SPS: 7366
SPS: 7357
SPS: 7357
SPS: 7348
SPS: 7348
SPS: 7340
SPS: 7339
SPS: 7336
SPS: 7335
SPS: 7333
SPS: 7332
SPS: 7329
SPS: 7329
SPS: 7326
SPS: 7326
SPS: 7323
SPS: 7323
SPS: 7320
SPS: 7320
SPS: 7317
SPS: 7316
SPS: 7312
SPS: 7312
[Food Spawn Schedule] global_step=50012160: food_spawn_on_agent_cells False -> True
SPS: 7317
SPS: 7317
SPS: 7330
SPS: 7329
SPS: 7341
SPS: 7340
SPS: 7347
SPS: 7347
SPS: 7356
SPS: 7356
Model saved to checkpoints/torch_scoreg_layout2/pop_ppo_2net_invisible/grid5_img3_ni2_nw4_ms30_comm_field100/seed1/agent_0_step_51200000.pt
Model saved to checkpoints/torch_scoreg_layout2/pop_ppo_2net_invisible/grid5_img3_ni2_nw4_ms30_comm_field100/seed1/agent_1_step_51200000.pt
SPS: 7364
SPS: 7364
SPS: 7371
SPS: 7370
SPS: 7377
SPS: 7377
SPS: 7384
SPS: 7384
SPS: 7390
SPS: 7390
SPS: 7396
SPS: 7396
SPS: 7402
SPS: 7402
SPS: 7408
SPS: 7407
SPS: 7408
SPS: 7408
SPS: 7408
SPS: 7408
SPS: 7408
SPS: 7408
SPS: 7413
SPS: 7412
SPS: 7417
SPS: 7417
SPS: 7422
SPS: 7421
SPS: 7426
SPS: 7426
SPS: 7430
SPS: 7430
SPS: 7434
SPS: 7434
SPS: 7437
SPS: 7437
SPS: 7436
SPS: 7436
SPS: 7435
SPS: 7435
SPS: 7433
SPS: 7433
SPS: 7432
SPS: 7432
SPS: 7430
SPS: 7430
SPS: 7432
SPS: 7432
SPS: 7435
SPS: 7434
SPS: 7436
SPS: 7436
SPS: 7439
SPS: 7439
SPS: 7442
SPS: 7442
SPS: 7440
SPS: 7440
SPS: 7440
SPS: 7439
SPS: 7443
SPS: 7442
SPS: 7441
SPS: 7440
SPS: 7442
SPS: 7442
SPS: 7441
SPS: 7440
SPS: 7439
SPS: 7439
SPS: 7440
SPS: 7439
SPS: 7442
SPS: 7442
SPS: 7445
SPS: 7445
SPS: 7445
SPS: 7444
SPS: 7445
SPS: 7444
SPS: 7447
SPS: 7447
SPS: 7449
SPS: 7449
SPS: 7452
SPS: 7452
SPS: 7455
SPS: 7454
SPS: 7457
SPS: 7457
SPS: 7460
SPS: 7459
SPS: 7462
SPS: 7462
SPS: 7465
SPS: 7464
SPS: 7465
SPS: 7465
SPS: 7467
SPS: 7467
SPS: 7465
SPS: 7465
SPS: 7465
SPS: 7465
SPS: 7467
SPS: 7467
SPS: 7470
SPS: 7470
SPS: 7472
SPS: 7472
SPS: 7475
SPS: 7474
SPS: 7473
SPS: 7472
SPS: 7471
SPS: 7470
SPS: 7469
SPS: 7468
SPS: 7467
SPS: 7466
SPS: 7469
SPS: 7468
SPS: 7471
SPS: 7470
SPS: 7473
SPS: 7473
SPS: 7475
SPS: 7475
SPS: 7477
SPS: 7477
SPS: 7479
SPS: 7479
SPS: 7481
SPS: 7481
SPS: 7483
SPS: 7483
SPS: 7485
SPS: 7484
SPS: 7486
SPS: 7486
SPS: 7486
SPS: 7486
SPS: 7488
SPS: 7488
SPS: 7490
SPS: 7490
SPS: 7492
SPS: 7492
SPS: 7494
SPS: 7494
SPS: 7496
SPS: 7495
SPS: 7497
SPS: 7497
SPS: 7497
SPS: 7497
SPS: 7499
SPS: 7499
SPS: 7501
SPS: 7501
SPS: 7501
SPS: 7500
SPS: 7502
SPS: 7502
SPS: 7504
SPS: 7504
SPS: 7503
SPS: 7503
SPS: 7504
SPS: 7503
SPS: 7505
SPS: 7505
SPS: 7507
SPS: 7507
SPS: 7509
SPS: 7509
SPS: 7511
SPS: 7510
SPS: 7509
SPS: 7508
SPS: 7509
SPS: 7509
SPS: 7510
SPS: 7510
SPS: 7511
SPS: 7511
SPS: 7511
SPS: 7511
SPS: 7509
SPS: 7509
SPS: 7508
SPS: 7507
SPS: 7509
SPS: 7508
SPS: 7506
SPS: 7506
SPS: 7504
SPS: 7504
SPS: 7502
SPS: 7502
SPS: 7503
SPS: 7502
SPS: 7500
SPS: 7500
SPS: 7498
SPS: 7498
SPS: 7499
SPS: 7499
Model saved to checkpoints/torch_scoreg_layout2/pop_ppo_2net_invisible/grid5_img3_ni2_nw4_ms30_comm_field100/seed1/agent_0_step_76800000.pt
Model saved to checkpoints/torch_scoreg_layout2/pop_ppo_2net_invisible/grid5_img3_ni2_nw4_ms30_comm_field100/seed1/agent_1_step_76800000.pt
SPS: 7500
SPS: 7500
SPS: 7502
SPS: 7502
SPS: 7503
SPS: 7503
SPS: 7505
SPS: 7504
SPS: 7506
SPS: 7506
SPS: 7507
SPS: 7507
SPS: 7509
SPS: 7509
SPS: 7509
SPS: 7508
SPS: 7508
SPS: 7508
SPS: 7507
SPS: 7506
SPS: 7508
SPS: 7508
SPS: 7509
SPS: 7509
SPS: 7511
SPS: 7510
SPS: 7512
SPS: 7512
SPS: 7513
SPS: 7513
SPS: 7512
SPS: 7512
SPS: 7512
SPS: 7512
SPS: 7513
SPS: 7513
SPS: 7515
SPS: 7514
SPS: 7516
SPS: 7516
SPS: 7514
SPS: 7514
SPS: 7512
SPS: 7512
SPS: 7513
SPS: 7513
SPS: 7514
SPS: 7514
SPS: 7515
SPS: 7515
SPS: 7515
SPS: 7515
SPS: 7513
SPS: 7513
SPS: 7511
SPS: 7511
SPS: 7512
SPS: 7512
SPS: 7510
SPS: 7510
SPS: 7508
SPS: 7508
SPS: 7508
SPS: 7507
SPS: 7506
SPS: 7506
SPS: 7507
SPS: 7507
SPS: 7508
SPS: 7508
SPS: 7509
SPS: 7509
SPS: 7509
SPS: 7509
SPS: 7510
SPS: 7509
SPS: 7510
SPS: 7510
SPS: 7511
SPS: 7511
SPS: 7510
SPS: 7510
SPS: 7510
SPS: 7509
SPS: 7511
SPS: 7511
SPS: 7512
SPS: 7512
SPS: 7512
SPS: 7512
SPS: 7510
SPS: 7510
SPS: 7509
SPS: 7509
SPS: 7510
SPS: 7510
SPS: 7509
SPS: 7509
SPS: 7510
SPS: 7510
SPS: 7508
SPS: 7508
SPS: 7506
SPS: 7506
SPS: 7507
SPS: 7507
SPS: 7508
SPS: 7508
SPS: 7509
SPS: 7509
SPS: 7511
SPS: 7510
SPS: 7509
SPS: 7509
SPS: 7510
SPS: 7510
SPS: 7511
SPS: 7511
SPS: 7512
SPS: 7512
SPS: 7512
SPS: 7512
SPS: 7513
SPS: 7513
SPS: 7514
SPS: 7514
SPS: 7515
SPS: 7515
SPS: 7516
SPS: 7516
SPS: 7517
SPS: 7517
SPS: 7518
SPS: 7518
SPS: 7519
SPS: 7519
SPS: 7518
SPS: 7518
SPS: 7519
SPS: 7519
SPS: 7520
SPS: 7520
SPS: 7521
SPS: 7521
SPS: 7522
SPS: 7522
SPS: 7523
SPS: 7523
SPS: 7524
SPS: 7524
SPS: 7524
SPS: 7524
SPS: 7522
SPS: 7522
SPS: 7520
SPS: 7520
SPS: 7520
SPS: 7520
SPS: 7520
SPS: 7520
SPS: 7519
SPS: 7519
SPS: 7520
SPS: 7520
SPS: 7519
SPS: 7519
SPS: 7520
SPS: 7520
SPS: 7521
SPS: 7521
SPS: 7522
SPS: 7522
SPS: 7523
SPS: 7523
SPS: 7522
SPS: 7522
SPS: 7521
SPS: 7520
SPS: 7521
SPS: 7520
SPS: 7522
SPS: 7521
SPS: 7522
SPS: 7522
SPS: 7523
SPS: 7523
SPS: 7524
SPS: 7524
Final model of network 0 saved to checkpoints/torch_scoreg_layout2/pop_ppo_2net_invisible/grid5_img3_ni2_nw4_ms30_comm_field100/seed1/agent_0_step_99993600.pt
Final model of network 1 saved to checkpoints/torch_scoreg_layout2/pop_ppo_2net_invisible/grid5_img3_ni2_nw4_ms30_comm_field100/seed1/agent_1_step_99993600.pt
/mnt/iusers01/fatpou01/compsci01/n70579mp/.conda/envs/habitat/lib/python3.9/site-packages/tyro/_parsers.py:353: UserWarning: The field `target-kl` is annotated with type `<class 'float'>`, but the default value `None` has type `<class 'NoneType'>`. We'll try to handle this gracefully, but it may cause unexpected behavior.
  warnings.warn(message)
wandb: Currently logged in as: maytusp to https://api.wandb.ai. Use `wandb login --relogin` to force relogin
wandb: setting up run x8nrg0ae
wandb: Tracking run with wandb version 0.23.1
wandb: Run data is saved locally in /net/scratch/n70579mp/emergent_language/foraging_game/wandb/run-20260504_150748-x8nrg0ae
wandb: Run `wandb offline` to turn off syncing.
wandb: Syncing run pop_ppo_2net_invisible/grid5_img3_ni2_nw4_ms30_comm_field100_seed2
wandb: ⭐️ View project at https://wandb.ai/maytusp/scoreg_layout2
wandb: 🚀 View run at https://wandb.ai/maytusp/scoreg_layout2/runs/x8nrg0ae
parsed seed: 2
run_name: pop_ppo_2net_invisible/grid5_img3_ni2_nw4_ms30_comm_field100_seed2
save_dir: checkpoints/torch_scoreg_layout2/pop_ppo_2net_invisible/grid5_img3_ni2_nw4_ms30_comm_field100/seed2/
[1;34mwandb[0m: 
[1;34mwandb[0m: 🚀 View run [33mpop_ppo_2net_invisible/grid5_img3_ni2_nw4_ms30_comm_field100_seed2[0m at: [34mhttps://wandb.ai/maytusp/scoreg_layout2/runs/x8nrg0ae[0m
[1;34mwandb[0m: Find logs at: [1;35m../../../../../../../../net/scratch/n70579mp/emergent_language/foraging_game/wandb/run-20260504_150748-x8nrg0ae/logs[0m
NUM PARAMS: 192246
NUM PARAMS: 192246
SPS: 10960
SPS: 10819
SPS: 11672
SPS: 11592
SPS: 11929
SPS: 11873
SPS: 12002
SPS: 11942
SPS: 11999
SPS: 11965
SPS: 12016
SPS: 11988
SPS: 11990
SPS: 11966
SPS: 11926
SPS: 11905
SPS: 11789
SPS: 11763
SPS: 11719
SPS: 11702
SPS: 11684
SPS: 11669
SPS: 11639
SPS: 11620
SPS: 11414
SPS: 11402
SPS: 11345
SPS: 11330
SPS: 11241
SPS: 11231
SPS: 11233
SPS: 11224
SPS: 11215
SPS: 11207
SPS: 11130
SPS: 11119
SPS: 11095
SPS: 11088
SPS: 11073
SPS: 11066
SPS: 11058
SPS: 11051
SPS: 11052
SPS: 11046
SPS: 11026
SPS: 11016
SPS: 10968
SPS: 10960
SPS: 10872
SPS: 10864
SPS: 10846
SPS: 10840
SPS: 10851
SPS: 10846
SPS: 10853
SPS: 10848
SPS: 10849
SPS: 10844
SPS: 10850
SPS: 10846
SPS: 10851
SPS: 10846
SPS: 10819
SPS: 10812
SPS: 10746
SPS: 10740
SPS: 10737
SPS: 10732
SPS: 10667
SPS: 10663
SPS: 10667
SPS: 10663
SPS: 10665
SPS: 10662
SPS: 10665
SPS: 10661
SPS: 10660
SPS: 10657
SPS: 10632
SPS: 10627
SPS: 10574
SPS: 10570
SPS: 10545
SPS: 10542
SPS: 10511
SPS: 10506
SPS: 10498
SPS: 10495
SPS: 10482
SPS: 10478
SPS: 10473
SPS: 10470
SPS: 10470
SPS: 10468
SPS: 10434
SPS: 10431
SPS: 10431
SPS: 10429
SPS: 10406
SPS: 10402
SPS: 10371
SPS: 10369
SPS: 10365
SPS: 10363
SPS: 10360
SPS: 10358
SPS: 10355
SPS: 10353
SPS: 10338
SPS: 10335
SPS: 10334
SPS: 10331
SPS: 10330
SPS: 10328
SPS: 10325
SPS: 10323
SPS: 10317
SPS: 10315
SPS: 10309
SPS: 10307
SPS: 10300
SPS: 10298
SPS: 10273
SPS: 10270
SPS: 10251
SPS: 10249
SPS: 10230
SPS: 10227
SPS: 10187
SPS: 10185
SPS: 10164
SPS: 10162
SPS: 10144
SPS: 10141
SPS: 10130
SPS: 10128
SPS: 10090
SPS: 10087
SPS: 10050
SPS: 10048
SPS: 10011
SPS: 10009
SPS: 9971
SPS: 9969
SPS: 9945
SPS: 9943
SPS: 9919
SPS: 9918
SPS: 9908
SPS: 9906
SPS: 9895
SPS: 9893
SPS: 9883
SPS: 9882
SPS: 9863
SPS: 9861
SPS: 9847
SPS: 9846
SPS: 9831
SPS: 9830
SPS: 9816
SPS: 9815
SPS: 9801
SPS: 9800
SPS: 9786
SPS: 9784
SPS: 9770
SPS: 9769
SPS: 9756
SPS: 9754
SPS: 9740
SPS: 9739
SPS: 9717
SPS: 9716
SPS: 9700
SPS: 9699
SPS: 9683
SPS: 9682
SPS: 9664
SPS: 9663
SPS: 9628
SPS: 9627
SPS: 9592
SPS: 9591
SPS: 9555
SPS: 9554
SPS: 9519
SPS: 9518
SPS: 9496
SPS: 9495
SPS: 9462
SPS: 9460
SPS: 9427
SPS: 9425
SPS: 9392
SPS: 9390
SPS: 9358
SPS: 9357
SPS: 9335
SPS: 9334
SPS: 9303
SPS: 9302
SPS: 9274
SPS: 9273
SPS: 9254
SPS: 9253
SPS: 9233
SPS: 9232
Model saved to checkpoints/torch_scoreg_layout2/pop_ppo_2net_invisible/grid5_img3_ni2_nw4_ms30_comm_field100/seed2/agent_0_step_25600000.pt
Model saved to checkpoints/torch_scoreg_layout2/pop_ppo_2net_invisible/grid5_img3_ni2_nw4_ms30_comm_field100/seed2/agent_1_step_25600000.pt
SPS: 9206
SPS: 9205
SPS: 9174
SPS: 9173
SPS: 9142
SPS: 9140
SPS: 9111
SPS: 9109
SPS: 9084
SPS: 9084
SPS: 9070
SPS: 9069
SPS: 9055
SPS: 9054
SPS: 9034
SPS: 9033
SPS: 9019
SPS: 9018
SPS: 9004
SPS: 9004
SPS: 8990
SPS: 8990
SPS: 8977
SPS: 8976
SPS: 8956
SPS: 8955
SPS: 8941
SPS: 8940
SPS: 8917
SPS: 8916
SPS: 8895
SPS: 8894
SPS: 8872
SPS: 8871
SPS: 8857
SPS: 8856
SPS: 8843
SPS: 8842
SPS: 8829
SPS: 8828
SPS: 8816
SPS: 8815
SPS: 8791
SPS: 8790
SPS: 8769
SPS: 8768
SPS: 8753
SPS: 8752
SPS: 8740
SPS: 8739
SPS: 8727
SPS: 8726
SPS: 8715
SPS: 8714
SPS: 8702
SPS: 8701
SPS: 8690
SPS: 8689
SPS: 8671
SPS: 8670
SPS: 8653
SPS: 8652
SPS: 8637
SPS: 8636
SPS: 8625
SPS: 8625
SPS: 8605
SPS: 8604
SPS: 8583
SPS: 8582
SPS: 8562
SPS: 8561
SPS: 8549
SPS: 8549
SPS: 8535
SPS: 8534
SPS: 8523
SPS: 8523
SPS: 8512
SPS: 8512
SPS: 8502
SPS: 8501
SPS: 8491
SPS: 8490
SPS: 8480
SPS: 8479
SPS: 8469
SPS: 8469
SPS: 8459
SPS: 8458
SPS: 8444
SPS: 8443
SPS: 8424
SPS: 8423
SPS: 8414
SPS: 8413
SPS: 8404
SPS: 8404
SPS: 8395
SPS: 8394
SPS: 8378
SPS: 8378
SPS: 8360
SPS: 8360
SPS: 8350
SPS: 8349
SPS: 8331
SPS: 8330
SPS: 8313
SPS: 8312
SPS: 8295
SPS: 8294
SPS: 8284
SPS: 8283
SPS: 8275
SPS: 8274
SPS: 8261
SPS: 8260
SPS: 8243
SPS: 8242
SPS: 8225
SPS: 8225
SPS: 8214
SPS: 8213
SPS: 8203
SPS: 8203
SPS: 8187
SPS: 8186
SPS: 8172
SPS: 8171
SPS: 8163
SPS: 8163
SPS: 8155
SPS: 8154
SPS: 8142
SPS: 8142
SPS: 8132
SPS: 8131
SPS: 8124
SPS: 8124
SPS: 8117
SPS: 8116
SPS: 8109
SPS: 8108
SPS: 8094
SPS: 8094
SPS: 8080
SPS: 8080
SPS: 8073
SPS: 8072
SPS: 8066
SPS: 8065
SPS: 8059
SPS: 8058
SPS: 8052
SPS: 8052
SPS: 8045
SPS: 8045
SPS: 8038
SPS: 8038
SPS: 8026
SPS: 8026
SPS: 8012
SPS: 8012
SPS: 7999
SPS: 7998
SPS: 7985
SPS: 7984
SPS: 7976
SPS: 7976
SPS: 7970
SPS: 7970
SPS: 7961
SPS: 7960
SPS: 7948
SPS: 7947
SPS: 7938
SPS: 7937
SPS: 7929
SPS: 7928
SPS: 7918
SPS: 7918
SPS: 7906
SPS: 7905
SPS: 7895
SPS: 7895
SPS: 7890
SPS: 7889
SPS: 7884
SPS: 7883
SPS: 7878
SPS: 7878
SPS: 7869
SPS: 7869
SPS: 7864
SPS: 7863
SPS: 7854
SPS: 7854
[Food Spawn Schedule] global_step=50012160: food_spawn_on_agent_cells False -> True
SPS: 7853
SPS: 7853
SPS: 7860
SPS: 7859
SPS: 7864
SPS: 7863
SPS: 7865
SPS: 7864
SPS: 7866
SPS: 7865
Model saved to checkpoints/torch_scoreg_layout2/pop_ppo_2net_invisible/grid5_img3_ni2_nw4_ms30_comm_field100/seed2/agent_0_step_51200000.pt
Model saved to checkpoints/torch_scoreg_layout2/pop_ppo_2net_invisible/grid5_img3_ni2_nw4_ms30_comm_field100/seed2/agent_1_step_51200000.pt
SPS: 7866
SPS: 7865
SPS: 7871
SPS: 7871
SPS: 7876
SPS: 7876
SPS: 7881
SPS: 7880
SPS: 7882
SPS: 7882
SPS: 7886
SPS: 7886
SPS: 7885
SPS: 7885
SPS: 7883
SPS: 7883
SPS: 7881
SPS: 7881
SPS: 7883
SPS: 7882
SPS: 7886
SPS: 7886
SPS: 7890
SPS: 7889
SPS: 7893
SPS: 7892
SPS: 7896
SPS: 7895
SPS: 7899
SPS: 7898
SPS: 7899
SPS: 7899
SPS: 7896
SPS: 7896
SPS: 7896
SPS: 7895
SPS: 7898
SPS: 7898
SPS: 7900
SPS: 7900
SPS: 7900
SPS: 7899
SPS: 7902
SPS: 7902
SPS: 7904
SPS: 7904
SPS: 7905
SPS: 7905
SPS: 7907
SPS: 7907
SPS: 7907
SPS: 7906
SPS: 7909
SPS: 7908
SPS: 7911
SPS: 7911
SPS: 7913
SPS: 7913
SPS: 7915
SPS: 7915
SPS: 7913
SPS: 7913
SPS: 7913
SPS: 7912
SPS: 7914
SPS: 7914
SPS: 7913
SPS: 7913
SPS: 7909
SPS: 7909
SPS: 7905
SPS: 7905
SPS: 7904
SPS: 7904
SPS: 7906
SPS: 7905
SPS: 7902
SPS: 7902
SPS: 7899
SPS: 7899
SPS: 7901
SPS: 7901
SPS: 7902
SPS: 7902
SPS: 7904
SPS: 7903
SPS: 7904
SPS: 7904
SPS: 7906
SPS: 7905
SPS: 7907
SPS: 7906
SPS: 7907
SPS: 7907
SPS: 7907
SPS: 7906
SPS: 7908
SPS: 7908
SPS: 7909
SPS: 7909
SPS: 7909
SPS: 7909
SPS: 7907
SPS: 7907
SPS: 7904
SPS: 7904
SPS: 7901
SPS: 7900
SPS: 7899
SPS: 7898
SPS: 7897
SPS: 7896
SPS: 7895
SPS: 7895
SPS: 7893
SPS: 7893
SPS: 7892
SPS: 7891
SPS: 7890
SPS: 7890
SPS: 7888
SPS: 7888
SPS: 7887
SPS: 7886
SPS: 7885
SPS: 7885
SPS: 7883
SPS: 7883
SPS: 7882
SPS: 7881
SPS: 7880
SPS: 7880
SPS: 7879
SPS: 7879
SPS: 7877
SPS: 7877
SPS: 7876
SPS: 7876
SPS: 7875
SPS: 7874
SPS: 7873
SPS: 7873
SPS: 7872
SPS: 7872
SPS: 7871
SPS: 7871
SPS: 7870
SPS: 7869
SPS: 7869
SPS: 7869
SPS: 7869
SPS: 7868
SPS: 7868
SPS: 7868
SPS: 7868
SPS: 7868
SPS: 7868
SPS: 7868
SPS: 7868
SPS: 7867
SPS: 7867
SPS: 7867
SPS: 7867
SPS: 7867
SPS: 7867
SPS: 7867
SPS: 7867
SPS: 7866
SPS: 7865
SPS: 7865
SPS: 7864
SPS: 7864
SPS: 7864
SPS: 7864
SPS: 7864
SPS: 7863
SPS: 7863
SPS: 7863
SPS: 7863
SPS: 7862
SPS: 7861
SPS: 7861
SPS: 7860
SPS: 7860
SPS: 7859
SPS: 7859
SPS: 7858
SPS: 7858
SPS: 7858
SPS: 7858
SPS: 7858
SPS: 7857
SPS: 7857
SPS: 7857
SPS: 7857
SPS: 7857
SPS: 7857
SPS: 7856
SPS: 7857
SPS: 7856
SPS: 7857
SPS: 7856
SPS: 7856
SPS: 7856
SPS: 7856
SPS: 7855
SPS: 7856
SPS: 7855
Model saved to checkpoints/torch_scoreg_layout2/pop_ppo_2net_invisible/grid5_img3_ni2_nw4_ms30_comm_field100/seed2/agent_0_step_76800000.pt
Model saved to checkpoints/torch_scoreg_layout2/pop_ppo_2net_invisible/grid5_img3_ni2_nw4_ms30_comm_field100/seed2/agent_1_step_76800000.pt
SPS: 7855
SPS: 7855
SPS: 7855
SPS: 7855
SPS: 7855
SPS: 7854
SPS: 7854
SPS: 7854
SPS: 7854
SPS: 7854
SPS: 7854
SPS: 7853
SPS: 7853
SPS: 7853
SPS: 7853
SPS: 7853
SPS: 7853
SPS: 7853
SPS: 7852
SPS: 7852
SPS: 7852
SPS: 7851
SPS: 7851
SPS: 7851
SPS: 7851
SPS: 7851
SPS: 7851
SPS: 7851
SPS: 7850
SPS: 7850
SPS: 7850
SPS: 7850
SPS: 7849
SPS: 7849
SPS: 7849
SPS: 7848
SPS: 7848
SPS: 7848
SPS: 7847
SPS: 7847
SPS: 7847
SPS: 7847
SPS: 7846
SPS: 7846
SPS: 7845
SPS: 7845
SPS: 7844
SPS: 7844
SPS: 7844
SPS: 7844
SPS: 7843
SPS: 7843
SPS: 7841
SPS: 7841
SPS: 7840
SPS: 7840
SPS: 7840
SPS: 7840
SPS: 7840
SPS: 7839
SPS: 7839
SPS: 7839
SPS: 7838
SPS: 7838
SPS: 7838
SPS: 7837
SPS: 7837
SPS: 7837
SPS: 7837
SPS: 7837
SPS: 7836
SPS: 7836
SPS: 7836
SPS: 7835
SPS: 7835
SPS: 7835
SPS: 7835
SPS: 7834
SPS: 7833
SPS: 7833
SPS: 7832
SPS: 7832
SPS: 7831
SPS: 7830
SPS: 7830
SPS: 7829
SPS: 7829
SPS: 7829
SPS: 7827
SPS: 7827
SPS: 7826
SPS: 7826
SPS: 7826
SPS: 7826
SPS: 7825
SPS: 7825
SPS: 7824
SPS: 7824
SPS: 7823
SPS: 7823
SPS: 7823
SPS: 7822
SPS: 7822
SPS: 7821
SPS: 7820
SPS: 7820
SPS: 7819
SPS: 7819
SPS: 7818
SPS: 7818
SPS: 7816
SPS: 7816
SPS: 7815
SPS: 7815
SPS: 7814
SPS: 7813
SPS: 7810
SPS: 7810
SPS: 7808
SPS: 7808
SPS: 7807
SPS: 7807
SPS: 7806
SPS: 7806
SPS: 7805
SPS: 7805
SPS: 7804
SPS: 7804
SPS: 7803
SPS: 7803
SPS: 7802
SPS: 7802
SPS: 7800
SPS: 7799
SPS: 7798
SPS: 7798
SPS: 7797
SPS: 7797
SPS: 7796
SPS: 7796
SPS: 7795
SPS: 7795
SPS: 7794
SPS: 7794
SPS: 7793
SPS: 7793
SPS: 7792
SPS: 7792
SPS: 7792
SPS: 7791
SPS: 7791
SPS: 7790
SPS: 7790
SPS: 7789
SPS: 7789
SPS: 7788
SPS: 7788
SPS: 7787
SPS: 7787
SPS: 7787
SPS: 7786
SPS: 7786
SPS: 7785
SPS: 7785
SPS: 7784
SPS: 7784
SPS: 7783
SPS: 7783
SPS: 7782
SPS: 7782
SPS: 7781
SPS: 7781
SPS: 7780
SPS: 7780
SPS: 7780
SPS: 7779
SPS: 7779
SPS: 7779
SPS: 7778
SPS: 7778
SPS: 7777
SPS: 7777
SPS: 7776
SPS: 7776
SPS: 7775
SPS: 7775
SPS: 7774
SPS: 7774
Final model of network 0 saved to checkpoints/torch_scoreg_layout2/pop_ppo_2net_invisible/grid5_img3_ni2_nw4_ms30_comm_field100/seed2/agent_0_step_99993600.pt
Final model of network 1 saved to checkpoints/torch_scoreg_layout2/pop_ppo_2net_invisible/grid5_img3_ni2_nw4_ms30_comm_field100/seed2/agent_1_step_99993600.pt
/mnt/iusers01/fatpou01/compsci01/n70579mp/.conda/envs/habitat/lib/python3.9/site-packages/tyro/_parsers.py:353: UserWarning: The field `target-kl` is annotated with type `<class 'float'>`, but the default value `None` has type `<class 'NoneType'>`. We'll try to handle this gracefully, but it may cause unexpected behavior.
  warnings.warn(message)
wandb: Currently logged in as: maytusp to https://api.wandb.ai. Use `wandb login --relogin` to force relogin
wandb: setting up run ufgedl3a
wandb: Tracking run with wandb version 0.23.1
wandb: Run data is saved locally in /net/scratch/n70579mp/emergent_language/foraging_game/wandb/run-20260504_184321-ufgedl3a
wandb: Run `wandb offline` to turn off syncing.
wandb: Syncing run pop_ppo_2net_invisible/grid5_img3_ni2_nw4_ms30_comm_field100_seed3
wandb: ⭐️ View project at https://wandb.ai/maytusp/scoreg_layout2
wandb: 🚀 View run at https://wandb.ai/maytusp/scoreg_layout2/runs/ufgedl3a
parsed seed: 3
run_name: pop_ppo_2net_invisible/grid5_img3_ni2_nw4_ms30_comm_field100_seed3
save_dir: checkpoints/torch_scoreg_layout2/pop_ppo_2net_invisible/grid5_img3_ni2_nw4_ms30_comm_field100/seed3/
[1;34mwandb[0m: 
[1;34mwandb[0m: 🚀 View run [33mpop_ppo_2net_invisible/grid5_img3_ni2_nw4_ms30_comm_field100_seed3[0m at: [34mhttps://wandb.ai/maytusp/scoreg_layout2/runs/ufgedl3a[0m
[1;34mwandb[0m: Find logs at: [1;35m../../../../../../../../net/scratch/n70579mp/emergent_language/foraging_game/wandb/run-20260504_184321-ufgedl3a/logs[0m
NUM PARAMS: 192246
NUM PARAMS: 192246
SPS: 10543
SPS: 10394
SPS: 11094
SPS: 11013
SPS: 11277
SPS: 11218
SPS: 11340
SPS: 11295
SPS: 11347
SPS: 11312
SPS: 11339
SPS: 11310
SPS: 11299
SPS: 11275
SPS: 11229
SPS: 11207
SPS: 11156
SPS: 11137
SPS: 11092
SPS: 11075
SPS: 11035
SPS: 11020
SPS: 10982
SPS: 10968
SPS: 10937
SPS: 10924
SPS: 10883
SPS: 10872
SPS: 10842
SPS: 10831
SPS: 10807
SPS: 10797
SPS: 10768
SPS: 10759
SPS: 10733
SPS: 10724
SPS: 10699
SPS: 10691
SPS: 10671
SPS: 10663
SPS: 10644
SPS: 10637
SPS: 10616
SPS: 10609
SPS: 10593
SPS: 10586
SPS: 10570
SPS: 10564
SPS: 10545
SPS: 10539
SPS: 10522
SPS: 10516
SPS: 10498
SPS: 10492
SPS: 10474
SPS: 10469
SPS: 10448
SPS: 10443
SPS: 10427
SPS: 10422
SPS: 10405
SPS: 10400
SPS: 10383
SPS: 10378
SPS: 10361
SPS: 10357
SPS: 10341
SPS: 10337
SPS: 10319
SPS: 10314
SPS: 10296
SPS: 10292
SPS: 10272
SPS: 10268
SPS: 10250
SPS: 10247
SPS: 10226
SPS: 10222
SPS: 10200
SPS: 10197
SPS: 10174
SPS: 10171
SPS: 10146
SPS: 10143
SPS: 10118
SPS: 10115
SPS: 10087
SPS: 10084
SPS: 10056
SPS: 10053
SPS: 10028
SPS: 10025
SPS: 10000
SPS: 9998
SPS: 9970
SPS: 9967
SPS: 9931
SPS: 9927
SPS: 9894
SPS: 9892
SPS: 9861
SPS: 9859
SPS: 9827
SPS: 9824
SPS: 9795
SPS: 9793
SPS: 9763
SPS: 9760
SPS: 9729
SPS: 9726
SPS: 9694
SPS: 9692
SPS: 9662
SPS: 9660
SPS: 9627
SPS: 9624
SPS: 9594
SPS: 9591
SPS: 9560
SPS: 9558
SPS: 9526
SPS: 9524
SPS: 9490
SPS: 9488
SPS: 9457
SPS: 9455
SPS: 9423
SPS: 9421
SPS: 9387
SPS: 9386
SPS: 9354
SPS: 9352
SPS: 9319
SPS: 9317
SPS: 9287
SPS: 9285
SPS: 9256
SPS: 9254
SPS: 9225
SPS: 9223
SPS: 9195
SPS: 9193
SPS: 9166
SPS: 9164
SPS: 9136
SPS: 9135
SPS: 9104
SPS: 9102
SPS: 9073
SPS: 9072
SPS: 9044
SPS: 9043
SPS: 9016
SPS: 9015
SPS: 8988
SPS: 8987
SPS: 8961
SPS: 8959
SPS: 8935
SPS: 8934
SPS: 8910
SPS: 8909
SPS: 8885
SPS: 8884
SPS: 8859
SPS: 8858
SPS: 8836
SPS: 8834
SPS: 8813
SPS: 8811
SPS: 8790
SPS: 8789
SPS: 8767
SPS: 8766
SPS: 8744
SPS: 8742
SPS: 8721
SPS: 8720
SPS: 8700
SPS: 8699
SPS: 8681
SPS: 8680
SPS: 8661
SPS: 8660
SPS: 8640
SPS: 8639
SPS: 8621
SPS: 8620
SPS: 8603
SPS: 8602
SPS: 8585
SPS: 8584
SPS: 8567
SPS: 8566
SPS: 8550
SPS: 8549
SPS: 8533
SPS: 8532
SPS: 8515
SPS: 8514
SPS: 8497
SPS: 8496
SPS: 8481
SPS: 8480
SPS: 8465
SPS: 8464
SPS: 8448
SPS: 8447
Model saved to checkpoints/torch_scoreg_layout2/pop_ppo_2net_invisible/grid5_img3_ni2_nw4_ms30_comm_field100/seed3/agent_0_step_25600000.pt
Model saved to checkpoints/torch_scoreg_layout2/pop_ppo_2net_invisible/grid5_img3_ni2_nw4_ms30_comm_field100/seed3/agent_1_step_25600000.pt
SPS: 8432
SPS: 8431
SPS: 8415
SPS: 8415
SPS: 8400
SPS: 8399
SPS: 8384
SPS: 8383
SPS: 8367
SPS: 8366
SPS: 8352
SPS: 8351
SPS: 8337
SPS: 8337
SPS: 8323
SPS: 8322
SPS: 8308
SPS: 8307
SPS: 8294
SPS: 8294
SPS: 8281
SPS: 8281
SPS: 8268
SPS: 8267
SPS: 8255
SPS: 8254
SPS: 8241
SPS: 8240
SPS: 8228
SPS: 8227
SPS: 8214
SPS: 8214
SPS: 8201
SPS: 8200
SPS: 8188
SPS: 8187
SPS: 8175
SPS: 8174
SPS: 8162
SPS: 8161
SPS: 8149
SPS: 8149
SPS: 8137
SPS: 8136
SPS: 8125
SPS: 8124
SPS: 8113
SPS: 8113
SPS: 8101
SPS: 8101
SPS: 8090
SPS: 8089
SPS: 8078
SPS: 8077
SPS: 8065
SPS: 8065
SPS: 8054
SPS: 8053
SPS: 8042
SPS: 8042
SPS: 8031
SPS: 8031
SPS: 8020
SPS: 8020
SPS: 8009
SPS: 8009
SPS: 7998
SPS: 7998
SPS: 7987
SPS: 7987
SPS: 7976
SPS: 7976
SPS: 7966
SPS: 7965
SPS: 7955
SPS: 7955
SPS: 7944
SPS: 7943
SPS: 7933
SPS: 7933
SPS: 7924
SPS: 7923
SPS: 7913
SPS: 7912
SPS: 7901
SPS: 7901
SPS: 7891
SPS: 7890
SPS: 7882
SPS: 7881
SPS: 7872
SPS: 7872
SPS: 7862
SPS: 7861
SPS: 7852
SPS: 7852
SPS: 7843
SPS: 7842
SPS: 7834
SPS: 7833
SPS: 7825
SPS: 7824
SPS: 7816
SPS: 7815
SPS: 7806
SPS: 7806
SPS: 7792
SPS: 7792
SPS: 7783
SPS: 7783
SPS: 7775
SPS: 7774
SPS: 7766
SPS: 7765
SPS: 7757
SPS: 7757
SPS: 7748
SPS: 7748
SPS: 7740
SPS: 7739
SPS: 7731
SPS: 7731
SPS: 7723
SPS: 7722
SPS: 7715
SPS: 7714
SPS: 7706
SPS: 7706
SPS: 7698
SPS: 7697
SPS: 7690
SPS: 7689
SPS: 7682
SPS: 7681
SPS: 7674
SPS: 7673
SPS: 7666
SPS: 7666
SPS: 7659
SPS: 7658
SPS: 7651
SPS: 7650
SPS: 7643
SPS: 7643
SPS: 7636
SPS: 7636
SPS: 7629
SPS: 7629
SPS: 7622
SPS: 7621
SPS: 7615
SPS: 7614
SPS: 7607
SPS: 7607
SPS: 7600
SPS: 7600
SPS: 7593
SPS: 7593
SPS: 7586
SPS: 7586
SPS: 7579
SPS: 7579
SPS: 7573
SPS: 7572
SPS: 7566
SPS: 7565
SPS: 7559
SPS: 7558
SPS: 7552
SPS: 7551
SPS: 7546
SPS: 7545
SPS: 7539
SPS: 7539
SPS: 7532
SPS: 7532
SPS: 7526
SPS: 7526
SPS: 7520
SPS: 7519
SPS: 7513
SPS: 7513
SPS: 7507
SPS: 7507
SPS: 7501
SPS: 7501
SPS: 7495
SPS: 7494
SPS: 7489
SPS: 7488
SPS: 7483
SPS: 7482
SPS: 7477
SPS: 7476
SPS: 7471
SPS: 7471
SPS: 7465
SPS: 7465
[Food Spawn Schedule] global_step=50012160: food_spawn_on_agent_cells False -> True
SPS: 7468
SPS: 7467
SPS: 7478
SPS: 7477
SPS: 7487
SPS: 7486
SPS: 7493
SPS: 7493
SPS: 7499
SPS: 7499
Model saved to checkpoints/torch_scoreg_layout2/pop_ppo_2net_invisible/grid5_img3_ni2_nw4_ms30_comm_field100/seed3/agent_0_step_51200000.pt
Model saved to checkpoints/torch_scoreg_layout2/pop_ppo_2net_invisible/grid5_img3_ni2_nw4_ms30_comm_field100/seed3/agent_1_step_51200000.pt
SPS: 7505
SPS: 7504
SPS: 7509
SPS: 7509
SPS: 7513
SPS: 7513
SPS: 7517
SPS: 7516
SPS: 7520
SPS: 7519
SPS: 7522
SPS: 7521
SPS: 7524
SPS: 7524
SPS: 7526
SPS: 7526
SPS: 7527
SPS: 7527
SPS: 7529
SPS: 7529
SPS: 7530
SPS: 7530
SPS: 7526
SPS: 7525
SPS: 7527
SPS: 7527
SPS: 7528
SPS: 7528
SPS: 7529
SPS: 7529
SPS: 7530
SPS: 7530
SPS: 7531
SPS: 7531
SPS: 7532
SPS: 7532
SPS: 7533
SPS: 7533
SPS: 7534
SPS: 7534
SPS: 7535
SPS: 7534
SPS: 7535
SPS: 7535
SPS: 7536
SPS: 7536
SPS: 7537
SPS: 7536
SPS: 7537
SPS: 7537
SPS: 7538
SPS: 7537
SPS: 7538
SPS: 7538
SPS: 7538
SPS: 7538
SPS: 7539
SPS: 7538
SPS: 7539
SPS: 7539
SPS: 7540
SPS: 7539
SPS: 7540
SPS: 7540
SPS: 7540
SPS: 7540
SPS: 7541
SPS: 7540
SPS: 7541
SPS: 7541
SPS: 7541
SPS: 7541
SPS: 7541
SPS: 7541
SPS: 7541
SPS: 7541
SPS: 7541
SPS: 7541
SPS: 7542
SPS: 7541
SPS: 7542
SPS: 7542
SPS: 7536
SPS: 7536
SPS: 7536
SPS: 7536
SPS: 7536
SPS: 7536
SPS: 7535
SPS: 7534
SPS: 7535
SPS: 7534
SPS: 7535
SPS: 7534
SPS: 7535
SPS: 7534
SPS: 7530
SPS: 7530
SPS: 7530
SPS: 7530
SPS: 7530
SPS: 7530
SPS: 7530
SPS: 7530
SPS: 7525
SPS: 7525
SPS: 7526
SPS: 7525
SPS: 7521
SPS: 7520
SPS: 7520
SPS: 7520
SPS: 7521
SPS: 7520
SPS: 7521
SPS: 7520
SPS: 7521
SPS: 7520
SPS: 7520
SPS: 7520
SPS: 7519
SPS: 7519
SPS: 7519
SPS: 7519
SPS: 7518
SPS: 7518
SPS: 7518
SPS: 7518
SPS: 7517
SPS: 7517
SPS: 7517
SPS: 7517
SPS: 7517
SPS: 7517
SPS: 7517
SPS: 7516
SPS: 7516
SPS: 7516
SPS: 7516
SPS: 7516
SPS: 7508
SPS: 7508
SPS: 7508
SPS: 7508
SPS: 7507
SPS: 7507
SPS: 7506
SPS: 7505
SPS: 7505
SPS: 7505
SPS: 7505
SPS: 7504
SPS: 7504
SPS: 7504
SPS: 7504
SPS: 7504
SPS: 7504
SPS: 7504
SPS: 7503
SPS: 7503
SPS: 7503
SPS: 7503
SPS: 7503
SPS: 7503
SPS: 7503
SPS: 7502
SPS: 7503
SPS: 7502
SPS: 7502
SPS: 7502
SPS: 7498
SPS: 7497
SPS: 7498
SPS: 7497
SPS: 7497
SPS: 7496
SPS: 7496
SPS: 7496
SPS: 7496
SPS: 7496
SPS: 7494
SPS: 7494
SPS: 7490
SPS: 7490
SPS: 7490
SPS: 7490
SPS: 7490
SPS: 7490
SPS: 7490
SPS: 7489
SPS: 7489
SPS: 7489
SPS: 7488
SPS: 7487
SPS: 7487
SPS: 7487
SPS: 7487
SPS: 7487
SPS: 7487
SPS: 7487
SPS: 7487
SPS: 7486
SPS: 7486
SPS: 7486
SPS: 7486
SPS: 7486
SPS: 7485
SPS: 7485
Model saved to checkpoints/torch_scoreg_layout2/pop_ppo_2net_invisible/grid5_img3_ni2_nw4_ms30_comm_field100/seed3/agent_0_step_76800000.pt
Model saved to checkpoints/torch_scoreg_layout2/pop_ppo_2net_invisible/grid5_img3_ni2_nw4_ms30_comm_field100/seed3/agent_1_step_76800000.pt
SPS: 7485
SPS: 7484
SPS: 7484
SPS: 7484
SPS: 7484
SPS: 7484
SPS: 7484
SPS: 7483
SPS: 7483
SPS: 7483
SPS: 7483
SPS: 7483
SPS: 7482
SPS: 7482
SPS: 7482
SPS: 7482
SPS: 7482
SPS: 7482
SPS: 7482
SPS: 7481
SPS: 7481
SPS: 7481
SPS: 7481
SPS: 7481
SPS: 7480
SPS: 7480
SPS: 7480
SPS: 7480
SPS: 7480
SPS: 7480
SPS: 7479
SPS: 7479
SPS: 7479
SPS: 7479
SPS: 7478
SPS: 7478
SPS: 7478
SPS: 7478
SPS: 7478
SPS: 7477
SPS: 7477
SPS: 7477
SPS: 7477
SPS: 7476
SPS: 7476
SPS: 7476
SPS: 7476
SPS: 7476
SPS: 7476
SPS: 7475
SPS: 7475
SPS: 7475
SPS: 7475
SPS: 7475
SPS: 7475
SPS: 7474
SPS: 7474
SPS: 7474
SPS: 7474
SPS: 7474
SPS: 7474
SPS: 7474
SPS: 7474
SPS: 7473
SPS: 7473
SPS: 7473
SPS: 7473
SPS: 7473
SPS: 7473
SPS: 7473
SPS: 7473
SPS: 7473
SPS: 7473
SPS: 7472
SPS: 7468
SPS: 7468
SPS: 7468
SPS: 7468
SPS: 7468
SPS: 7467
SPS: 7465
SPS: 7464
SPS: 7464
SPS: 7464
SPS: 7464
SPS: 7464
SPS: 7457
SPS: 7457
SPS: 7457
SPS: 7457
SPS: 7452
SPS: 7452
SPS: 7452
SPS: 7452
SPS: 7452
SPS: 7452
SPS: 7447
SPS: 7446
SPS: 7446
SPS: 7446
SPS: 7446
SPS: 7446
SPS: 7446
SPS: 7446
SPS: 7446
SPS: 7446
SPS: 7446
SPS: 7445
SPS: 7430
SPS: 7430
SPS: 7430
SPS: 7429
SPS: 7429
SPS: 7429
SPS: 7429
SPS: 7429
SPS: 7429
SPS: 7429
SPS: 7429
SPS: 7429
SPS: 7429
SPS: 7429
SPS: 7429
SPS: 7429
SPS: 7429
SPS: 7428
SPS: 7428
SPS: 7428
SPS: 7428
SPS: 7428
SPS: 7428
SPS: 7428
SPS: 7426
SPS: 7426
SPS: 7426
SPS: 7426
SPS: 7426
SPS: 7425
SPS: 7426
SPS: 7425
SPS: 7424
SPS: 7424
SPS: 7424
SPS: 7424
SPS: 7424
SPS: 7424
SPS: 7424
SPS: 7424
SPS: 7422
SPS: 7421
SPS: 7422
SPS: 7421
SPS: 7421
SPS: 7421
SPS: 7419
SPS: 7419
SPS: 7419
SPS: 7418
SPS: 7418
SPS: 7418
SPS: 7418
SPS: 7418
SPS: 7418
SPS: 7418
SPS: 7418
SPS: 7417
SPS: 7407
SPS: 7407
SPS: 7407
SPS: 7406
SPS: 7406
SPS: 7406
SPS: 7406
SPS: 7406
SPS: 7406
SPS: 7405
SPS: 7405
SPS: 7405
SPS: 7405
SPS: 7405
SPS: 7405
SPS: 7405
SPS: 7405
SPS: 7405
SPS: 7405
SPS: 7405
SPS: 7404
SPS: 7404
Final model of network 0 saved to checkpoints/torch_scoreg_layout2/pop_ppo_2net_invisible/grid5_img3_ni2_nw4_ms30_comm_field100/seed3/agent_0_step_99993600.pt
Final model of network 1 saved to checkpoints/torch_scoreg_layout2/pop_ppo_2net_invisible/grid5_img3_ni2_nw4_ms30_comm_field100/seed3/agent_1_step_99993600.pt
